CRITICAL - 2024-04-07 04:18:42 --> include(include/partialnavbar.php): failed to open stream: No such file or directory
in APPPATH\Views\Admin\AdminDashboard.php on line 32.
 1 APPPATH\Views\Admin\AdminDashboard.php(32): CodeIgniter\Debug\Exceptions->errorHandler(2, 'include(include/partialnavbar.php): failed to open stream: No such file or directory', 'C:\\Users\\Jec\\Downloads\\laragon-6.0.0\\laragon-6.0.0\\www\\docutrack\\app\\Views\\Admin\\AdminDashboard.php', 32, [])
 2 APPPATH\Views\Admin\AdminDashboard.php(32): include()
 3 SYSTEMPATH\View\View.php(226): include('C:\\Users\\Jec\\Downloads\\laragon-6.0.0\\laragon-6.0.0\\www\\docutrack\\app\\Views\\Admin\\AdminDashboard.php')
 4 SYSTEMPATH\View\View.php(229): CodeIgniter\View\View->CodeIgniter\View\{closure}()
 5 SYSTEMPATH\Common.php(1188): CodeIgniter\View\View->render('Admin/AdminDashboard', [], true)
 6 APPPATH\Controllers\AdminController.php(18): view('Admin/AdminDashboard')
 7 SYSTEMPATH\CodeIgniter.php(919): App\Controllers\AdminController->admindashboard()
 8 SYSTEMPATH\CodeIgniter.php(494): CodeIgniter\CodeIgniter->runController(Object(App\Controllers\AdminController))
 9 SYSTEMPATH\CodeIgniter.php(353): CodeIgniter\CodeIgniter->handleRequest(null, Object(Config\Cache), false)
10 FCPATH\index.php(79): CodeIgniter\CodeIgniter->run()
11 SYSTEMPATH\Commands\Server\rewrite.php(47): require_once('C:\\Users\\Jec\\Downloads\\laragon-6.0.0\\laragon-6.0.0\\www\\docutrack\\public\\index.php')
CRITICAL - 2024-04-07 04:19:51 --> include(include/partial.php): failed to open stream: No such file or directory
in APPPATH\Views\Admin\AdminDashboard.php on line 34.
 1 APPPATH\Views\Admin\AdminDashboard.php(34): CodeIgniter\Debug\Exceptions->errorHandler(2, 'include(include/partial.php): failed to open stream: No such file or directory', 'C:\\Users\\Jec\\Downloads\\laragon-6.0.0\\laragon-6.0.0\\www\\docutrack\\app\\Views\\Admin\\AdminDashboard.php', 34, [])
 2 APPPATH\Views\Admin\AdminDashboard.php(34): include()
 3 SYSTEMPATH\View\View.php(226): include('C:\\Users\\Jec\\Downloads\\laragon-6.0.0\\laragon-6.0.0\\www\\docutrack\\app\\Views\\Admin\\AdminDashboard.php')
 4 SYSTEMPATH\View\View.php(229): CodeIgniter\View\View->CodeIgniter\View\{closure}()
 5 SYSTEMPATH\Common.php(1188): CodeIgniter\View\View->render('Admin/AdminDashboard', [], true)
 6 APPPATH\Controllers\AdminController.php(18): view('Admin/AdminDashboard')
 7 SYSTEMPATH\CodeIgniter.php(919): App\Controllers\AdminController->admindashboard()
 8 SYSTEMPATH\CodeIgniter.php(494): CodeIgniter\CodeIgniter->runController(Object(App\Controllers\AdminController))
 9 SYSTEMPATH\CodeIgniter.php(353): CodeIgniter\CodeIgniter->handleRequest(null, Object(Config\Cache), false)
10 FCPATH\index.php(79): CodeIgniter\CodeIgniter->run()
11 SYSTEMPATH\Commands\Server\rewrite.php(47): require_once('C:\\Users\\Jec\\Downloads\\laragon-6.0.0\\laragon-6.0.0\\www\\docutrack\\public\\index.php')
CRITICAL - 2024-04-07 04:21:37 --> include(include/partialnavbar.php): failed to open stream: No such file or directory
in APPPATH\Views\Admin\AdminDashboard.php on line 32.
 1 APPPATH\Views\Admin\AdminDashboard.php(32): CodeIgniter\Debug\Exceptions->errorHandler(2, 'include(include/partialnavbar.php): failed to open stream: No such file or directory', 'C:\\Users\\Jec\\Downloads\\laragon-6.0.0\\laragon-6.0.0\\www\\docutrack\\app\\Views\\Admin\\AdminDashboard.php', 32, [])
 2 APPPATH\Views\Admin\AdminDashboard.php(32): include()
 3 SYSTEMPATH\View\View.php(226): include('C:\\Users\\Jec\\Downloads\\laragon-6.0.0\\laragon-6.0.0\\www\\docutrack\\app\\Views\\Admin\\AdminDashboard.php')
 4 SYSTEMPATH\View\View.php(229): CodeIgniter\View\View->CodeIgniter\View\{closure}()
 5 SYSTEMPATH\Common.php(1188): CodeIgniter\View\View->render('Admin/AdminDashboard', [], true)
 6 APPPATH\Controllers\AdminController.php(18): view('Admin/AdminDashboard')
 7 SYSTEMPATH\CodeIgniter.php(919): App\Controllers\AdminController->admindashboard()
 8 SYSTEMPATH\CodeIgniter.php(494): CodeIgniter\CodeIgniter->runController(Object(App\Controllers\AdminController))
 9 SYSTEMPATH\CodeIgniter.php(353): CodeIgniter\CodeIgniter->handleRequest(null, Object(Config\Cache), false)
10 FCPATH\index.php(79): CodeIgniter\CodeIgniter->run()
11 SYSTEMPATH\Commands\Server\rewrite.php(47): require_once('C:\\Users\\Jec\\Downloads\\laragon-6.0.0\\laragon-6.0.0\\www\\docutrack\\public\\index.php')
CRITICAL - 2024-04-07 05:21:13 --> Invalid argument supplied for foreach()
in APPPATH\Views\Admin\main-include\manageoffice.php on line 23.
 1 APPPATH\Views\Admin\main-include\manageoffice.php(23): CodeIgniter\Debug\Exceptions->errorHandler(2, 'Invalid argument supplied for foreach()', 'C:\\Users\\Jec\\Downloads\\laragon-6.0.0\\laragon-6.0.0\\www\\docutrack\\app\\Views\\Admin\\main-include\\manageoffice.php', 23, [])
 2 APPPATH\Views\Admin\AdminManageOffice.php(34): include('C:\\Users\\Jec\\Downloads\\laragon-6.0.0\\laragon-6.0.0\\www\\docutrack\\app\\Views\\Admin\\main-include\\manageoffice.php')
 3 SYSTEMPATH\View\View.php(226): include('C:\\Users\\Jec\\Downloads\\laragon-6.0.0\\laragon-6.0.0\\www\\docutrack\\app\\Views\\Admin\\AdminManageOffice.php')
 4 SYSTEMPATH\View\View.php(229): CodeIgniter\View\View->CodeIgniter\View\{closure}()
 5 SYSTEMPATH\Common.php(1188): CodeIgniter\View\View->render('Admin/AdminManageOffice', [], true)
 6 APPPATH\Controllers\AdminController.php(23): view('Admin/AdminManageOffice')
 7 SYSTEMPATH\CodeIgniter.php(919): App\Controllers\AdminController->adminmanageoffice()
 8 SYSTEMPATH\CodeIgniter.php(494): CodeIgniter\CodeIgniter->runController(Object(App\Controllers\AdminController))
 9 SYSTEMPATH\CodeIgniter.php(353): CodeIgniter\CodeIgniter->handleRequest(null, Object(Config\Cache), false)
10 FCPATH\index.php(79): CodeIgniter\CodeIgniter->run()
11 SYSTEMPATH\Commands\Server\rewrite.php(47): require_once('C:\\Users\\Jec\\Downloads\\laragon-6.0.0\\laragon-6.0.0\\www\\docutrack\\public\\index.php')
CRITICAL - 2024-04-07 06:29:03 --> Invalid argument supplied for foreach()
in APPPATH\Views\Admin\main-include\manageuser.php on line 26.
 1 APPPATH\Views\Admin\main-include\manageuser.php(26): CodeIgniter\Debug\Exceptions->errorHandler(2, 'Invalid argument supplied for foreach()', 'C:\\Users\\Jec\\Downloads\\laragon-6.0.0\\laragon-6.0.0\\www\\docutrack\\app\\Views\\Admin\\main-include\\manageuser.php', 26, [...])
 2 APPPATH\Views\Admin\AdminManageUser.php(34): include('C:\\Users\\Jec\\Downloads\\laragon-6.0.0\\laragon-6.0.0\\www\\docutrack\\app\\Views\\Admin\\main-include\\manageuser.php')
 3 SYSTEMPATH\View\View.php(226): include('C:\\Users\\Jec\\Downloads\\laragon-6.0.0\\laragon-6.0.0\\www\\docutrack\\app\\Views\\Admin\\AdminManageUser.php')
 4 SYSTEMPATH\View\View.php(229): CodeIgniter\View\View->CodeIgniter\View\{closure}()
 5 SYSTEMPATH\Common.php(1188): CodeIgniter\View\View->render('Admin/AdminManageUser', [], true)
 6 APPPATH\Controllers\AdminController.php(146): view('Admin/AdminManageUser', [...])
 7 SYSTEMPATH\CodeIgniter.php(919): App\Controllers\AdminController->manageuser()
 8 SYSTEMPATH\CodeIgniter.php(494): CodeIgniter\CodeIgniter->runController(Object(App\Controllers\AdminController))
 9 SYSTEMPATH\CodeIgniter.php(353): CodeIgniter\CodeIgniter->handleRequest(null, Object(Config\Cache), false)
10 FCPATH\index.php(79): CodeIgniter\CodeIgniter->run()
11 SYSTEMPATH\Commands\Server\rewrite.php(47): require_once('C:\\Users\\Jec\\Downloads\\laragon-6.0.0\\laragon-6.0.0\\www\\docutrack\\public\\index.php')
CRITICAL - 2024-04-07 06:37:49 --> Invalid argument supplied for foreach()
in APPPATH\Views\Admin\main-include\manageuser.php on line 68.
 1 APPPATH\Views\Admin\main-include\manageuser.php(68): CodeIgniter\Debug\Exceptions->errorHandler(2, 'Invalid argument supplied for foreach()', 'C:\\Users\\Jec\\Downloads\\laragon-6.0.0\\laragon-6.0.0\\www\\docutrack\\app\\Views\\Admin\\main-include\\manageuser.php', 68, [...])
 2 APPPATH\Views\Admin\AdminManageUser.php(34): include('C:\\Users\\Jec\\Downloads\\laragon-6.0.0\\laragon-6.0.0\\www\\docutrack\\app\\Views\\Admin\\main-include\\manageuser.php')
 3 SYSTEMPATH\View\View.php(226): include('C:\\Users\\Jec\\Downloads\\laragon-6.0.0\\laragon-6.0.0\\www\\docutrack\\app\\Views\\Admin\\AdminManageUser.php')
 4 SYSTEMPATH\View\View.php(229): CodeIgniter\View\View->CodeIgniter\View\{closure}()
 5 SYSTEMPATH\Common.php(1188): CodeIgniter\View\View->render('Admin/AdminManageUser', [], true)
 6 APPPATH\Controllers\AdminController.php(146): view('Admin/AdminManageUser', [...])
 7 SYSTEMPATH\CodeIgniter.php(919): App\Controllers\AdminController->manageuser()
 8 SYSTEMPATH\CodeIgniter.php(494): CodeIgniter\CodeIgniter->runController(Object(App\Controllers\AdminController))
 9 SYSTEMPATH\CodeIgniter.php(353): CodeIgniter\CodeIgniter->handleRequest(null, Object(Config\Cache), false)
10 FCPATH\index.php(79): CodeIgniter\CodeIgniter->run()
11 SYSTEMPATH\Commands\Server\rewrite.php(47): require_once('C:\\Users\\Jec\\Downloads\\laragon-6.0.0\\laragon-6.0.0\\www\\docutrack\\public\\index.php')
ERROR - 2024-04-07 07:25:35 --> mysqli_sql_exception: Column 'role' cannot be null in C:\Users\Jec\Downloads\laragon-6.0.0\laragon-6.0.0\www\docutrack\system\Database\MySQLi\Connection.php:306
Stack trace:
#0 C:\Users\Jec\Downloads\laragon-6.0.0\laragon-6.0.0\www\docutrack\system\Database\MySQLi\Connection.php(306): mysqli->query('INSERT INTO `us...', 0)
#1 C:\Users\Jec\Downloads\laragon-6.0.0\laragon-6.0.0\www\docutrack\system\Database\BaseConnection.php(692): CodeIgniter\Database\MySQLi\Connection->execute('INSERT INTO `us...')
#2 C:\Users\Jec\Downloads\laragon-6.0.0\laragon-6.0.0\www\docutrack\system\Database\BaseConnection.php(606): CodeIgniter\Database\BaseConnection->simpleQuery('INSERT INTO `us...')
#3 C:\Users\Jec\Downloads\laragon-6.0.0\laragon-6.0.0\www\docutrack\system\Database\BaseBuilder.php(2308): CodeIgniter\Database\BaseConnection->query('INSERT INTO `us...', Array, false)
#4 C:\Users\Jec\Downloads\laragon-6.0.0\laragon-6.0.0\www\docutrack\system\Model.php(319): CodeIgniter\Database\BaseBuilder->insert()
#5 C:\Users\Jec\Downloads\laragon-6.0.0\laragon-6.0.0\www\docutrack\system\BaseModel.php(788): CodeIgniter\Model->doInsert(Array)
#6 C:\Users\Jec\Downloads\laragon-6.0.0\laragon-6.0.0\www\docutrack\system\Model.php(715): CodeIgniter\BaseModel->insert(Array, true)
#7 C:\Users\Jec\Downloads\laragon-6.0.0\laragon-6.0.0\www\docutrack\app\Controllers\AdminController.php(201): CodeIgniter\Model->insert(Array)
#8 C:\Users\Jec\Downloads\laragon-6.0.0\laragon-6.0.0\www\docutrack\system\CodeIgniter.php(919): App\Controllers\AdminController->saveuser()
#9 C:\Users\Jec\Downloads\laragon-6.0.0\laragon-6.0.0\www\docutrack\system\CodeIgniter.php(494): CodeIgniter\CodeIgniter->runController(Object(App\Controllers\AdminController))
#10 C:\Users\Jec\Downloads\laragon-6.0.0\laragon-6.0.0\www\docutrack\system\CodeIgniter.php(353): CodeIgniter\CodeIgniter->handleRequest(NULL, Object(Config\Cache), false)
#11 C:\Users\Jec\Downloads\laragon-6.0.0\laragon-6.0.0\www\docutrack\public\index.php(79): CodeIgniter\CodeIgniter->run()
#12 C:\Users\Jec\Downloads\laragon-6.0.0\laragon-6.0.0\www\docutrack\system\Commands\Server\rewrite.php(47): require_once('C:\\Users\\Jec\\Do...')
#13 {main}
CRITICAL - 2024-04-07 07:25:35 --> Column 'role' cannot be null
in SYSTEMPATH\Database\BaseConnection.php on line 646.
 1 SYSTEMPATH\Database\BaseBuilder.php(2308): CodeIgniter\Database\BaseConnection->query('INSERT INTO `users` (`first_name`, `last_name`, `email`, `password`, `role`, `image`, `office_id`) VALUES (:first_name:, :last_name:, :email:, :password:, :role:, :image:, :office_id:)', [...], false)
 2 SYSTEMPATH\Model.php(319): CodeIgniter\Database\BaseBuilder->insert()
 3 SYSTEMPATH\BaseModel.php(788): CodeIgniter\Model->doInsert([...])
 4 SYSTEMPATH\Model.php(715): CodeIgniter\BaseModel->insert([...], true)
 5 APPPATH\Controllers\AdminController.php(201): CodeIgniter\Model->insert([...])
 6 SYSTEMPATH\CodeIgniter.php(919): App\Controllers\AdminController->saveuser()
 7 SYSTEMPATH\CodeIgniter.php(494): CodeIgniter\CodeIgniter->runController(Object(App\Controllers\AdminController))
 8 SYSTEMPATH\CodeIgniter.php(353): CodeIgniter\CodeIgniter->handleRequest(null, Object(Config\Cache), false)
 9 FCPATH\index.php(79): CodeIgniter\CodeIgniter->run()
10 SYSTEMPATH\Commands\Server\rewrite.php(47): require_once('C:\\Users\\Jec\\Downloads\\laragon-6.0.0\\laragon-6.0.0\\www\\docutrack\\public\\index.php')
CRITICAL - 2024-04-07 07:36:25 --> Call to a member function findAll() on null
in APPPATH\Controllers\AdminController.php on line 144.
 1 SYSTEMPATH\CodeIgniter.php(919): App\Controllers\AdminController->manageuser()
 2 SYSTEMPATH\CodeIgniter.php(494): CodeIgniter\CodeIgniter->runController(Object(App\Controllers\AdminController))
 3 SYSTEMPATH\CodeIgniter.php(353): CodeIgniter\CodeIgniter->handleRequest(null, Object(Config\Cache), false)
 4 FCPATH\index.php(79): CodeIgniter\CodeIgniter->run()
 5 SYSTEMPATH\Commands\Server\rewrite.php(47): require_once('C:\\Users\\Jec\\Downloads\\laragon-6.0.0\\laragon-6.0.0\\www\\docutrack\\public\\index.php')
CRITICAL - 2024-04-07 07:37:03 --> Invalid argument supplied for foreach()
in APPPATH\Views\Admin\main-include\manageuser.php on line 64.
 1 APPPATH\Views\Admin\main-include\manageuser.php(64): CodeIgniter\Debug\Exceptions->errorHandler(2, 'Invalid argument supplied for foreach()', 'C:\\Users\\Jec\\Downloads\\laragon-6.0.0\\laragon-6.0.0\\www\\docutrack\\app\\Views\\Admin\\main-include\\manageuser.php', 64, [...])
 2 APPPATH\Views\Admin\AdminManageUser.php(34): include('C:\\Users\\Jec\\Downloads\\laragon-6.0.0\\laragon-6.0.0\\www\\docutrack\\app\\Views\\Admin\\main-include\\manageuser.php')
 3 SYSTEMPATH\View\View.php(226): include('C:\\Users\\Jec\\Downloads\\laragon-6.0.0\\laragon-6.0.0\\www\\docutrack\\app\\Views\\Admin\\AdminManageUser.php')
 4 SYSTEMPATH\View\View.php(229): CodeIgniter\View\View->CodeIgniter\View\{closure}()
 5 SYSTEMPATH\Common.php(1188): CodeIgniter\View\View->render('Admin/AdminManageUser', [], true)
 6 APPPATH\Controllers\AdminController.php(150): view('Admin/AdminManageUser', [...])
 7 SYSTEMPATH\CodeIgniter.php(919): App\Controllers\AdminController->manageuser()
 8 SYSTEMPATH\CodeIgniter.php(494): CodeIgniter\CodeIgniter->runController(Object(App\Controllers\AdminController))
 9 SYSTEMPATH\CodeIgniter.php(353): CodeIgniter\CodeIgniter->handleRequest(null, Object(Config\Cache), false)
10 FCPATH\index.php(79): CodeIgniter\CodeIgniter->run()
11 SYSTEMPATH\Commands\Server\rewrite.php(47): require_once('C:\\Users\\Jec\\Downloads\\laragon-6.0.0\\laragon-6.0.0\\www\\docutrack\\public\\index.php')
CRITICAL - 2024-04-07 07:38:00 --> Invalid argument supplied for foreach()
in APPPATH\Views\Admin\main-include\manageuser.php on line 28.
 1 APPPATH\Views\Admin\main-include\manageuser.php(28): CodeIgniter\Debug\Exceptions->errorHandler(2, 'Invalid argument supplied for foreach()', 'C:\\Users\\Jec\\Downloads\\laragon-6.0.0\\laragon-6.0.0\\www\\docutrack\\app\\Views\\Admin\\main-include\\manageuser.php', 28, [...])
 2 APPPATH\Views\Admin\AdminManageUser.php(34): include('C:\\Users\\Jec\\Downloads\\laragon-6.0.0\\laragon-6.0.0\\www\\docutrack\\app\\Views\\Admin\\main-include\\manageuser.php')
 3 SYSTEMPATH\View\View.php(226): include('C:\\Users\\Jec\\Downloads\\laragon-6.0.0\\laragon-6.0.0\\www\\docutrack\\app\\Views\\Admin\\AdminManageUser.php')
 4 SYSTEMPATH\View\View.php(229): CodeIgniter\View\View->CodeIgniter\View\{closure}()
 5 SYSTEMPATH\Common.php(1188): CodeIgniter\View\View->render('Admin/AdminManageUser', [...], true)
 6 APPPATH\Controllers\AdminController.php(151): view('Admin/AdminManageUser', [...], [...])
 7 SYSTEMPATH\CodeIgniter.php(919): App\Controllers\AdminController->manageuser()
 8 SYSTEMPATH\CodeIgniter.php(494): CodeIgniter\CodeIgniter->runController(Object(App\Controllers\AdminController))
 9 SYSTEMPATH\CodeIgniter.php(353): CodeIgniter\CodeIgniter->handleRequest(null, Object(Config\Cache), false)
10 FCPATH\index.php(79): CodeIgniter\CodeIgniter->run()
11 SYSTEMPATH\Commands\Server\rewrite.php(47): require_once('C:\\Users\\Jec\\Downloads\\laragon-6.0.0\\laragon-6.0.0\\www\\docutrack\\public\\index.php')
CRITICAL - 2024-04-07 07:43:08 --> Invalid file: "Admin/ManageGuest.php"
in SYSTEMPATH\Exceptions\FrameworkException.php on line 39.
 1 SYSTEMPATH\View\View.php(214): CodeIgniter\Exceptions\FrameworkException::forInvalidFile('Admin/ManageGuest.php')
 2 SYSTEMPATH\Common.php(1188): CodeIgniter\View\View->render('Admin/ManageGuest', [], true)
 3 APPPATH\Controllers\AdminController.php(143): view('Admin/ManageGuest')
 4 SYSTEMPATH\CodeIgniter.php(919): App\Controllers\AdminController->manageguest()
 5 SYSTEMPATH\CodeIgniter.php(494): CodeIgniter\CodeIgniter->runController(Object(App\Controllers\AdminController))
 6 SYSTEMPATH\CodeIgniter.php(353): CodeIgniter\CodeIgniter->handleRequest(null, Object(Config\Cache), false)
 7 FCPATH\index.php(79): CodeIgniter\CodeIgniter->run()
 8 SYSTEMPATH\Commands\Server\rewrite.php(47): require_once('C:\\Users\\Jec\\Downloads\\laragon-6.0.0\\laragon-6.0.0\\www\\docutrack\\public\\index.php')
CRITICAL - 2024-04-07 07:43:36 --> Invalid argument supplied for foreach()
in APPPATH\Views\Admin\main-include\manageuser.php on line 28.
 1 APPPATH\Views\Admin\main-include\manageuser.php(28): CodeIgniter\Debug\Exceptions->errorHandler(2, 'Invalid argument supplied for foreach()', 'C:\\Users\\Jec\\Downloads\\laragon-6.0.0\\laragon-6.0.0\\www\\docutrack\\app\\Views\\Admin\\main-include\\manageuser.php', 28, [])
 2 APPPATH\Views\Admin\AdminManageGuest.php(34): include('C:\\Users\\Jec\\Downloads\\laragon-6.0.0\\laragon-6.0.0\\www\\docutrack\\app\\Views\\Admin\\main-include\\manageuser.php')
 3 SYSTEMPATH\View\View.php(226): include('C:\\Users\\Jec\\Downloads\\laragon-6.0.0\\laragon-6.0.0\\www\\docutrack\\app\\Views\\Admin\\AdminManageGuest.php')
 4 SYSTEMPATH\View\View.php(229): CodeIgniter\View\View->CodeIgniter\View\{closure}()
 5 SYSTEMPATH\Common.php(1188): CodeIgniter\View\View->render('Admin/AdminManageGuest', [], true)
 6 APPPATH\Controllers\AdminController.php(143): view('Admin/AdminManageGuest')
 7 SYSTEMPATH\CodeIgniter.php(919): App\Controllers\AdminController->manageguest()
 8 SYSTEMPATH\CodeIgniter.php(494): CodeIgniter\CodeIgniter->runController(Object(App\Controllers\AdminController))
 9 SYSTEMPATH\CodeIgniter.php(353): CodeIgniter\CodeIgniter->handleRequest(null, Object(Config\Cache), false)
10 FCPATH\index.php(79): CodeIgniter\CodeIgniter->run()
11 SYSTEMPATH\Commands\Server\rewrite.php(47): require_once('C:\\Users\\Jec\\Downloads\\laragon-6.0.0\\laragon-6.0.0\\www\\docutrack\\public\\index.php')
CRITICAL - 2024-04-07 07:43:50 --> Invalid argument supplied for foreach()
in APPPATH\Views\Admin\main-include\manageuser.php on line 28.
 1 APPPATH\Views\Admin\main-include\manageuser.php(28): CodeIgniter\Debug\Exceptions->errorHandler(2, 'Invalid argument supplied for foreach()', 'C:\\Users\\Jec\\Downloads\\laragon-6.0.0\\laragon-6.0.0\\www\\docutrack\\app\\Views\\Admin\\main-include\\manageuser.php', 28, [])
 2 APPPATH\Views\Admin\AdminManageGuest.php(34): include('C:\\Users\\Jec\\Downloads\\laragon-6.0.0\\laragon-6.0.0\\www\\docutrack\\app\\Views\\Admin\\main-include\\manageuser.php')
 3 SYSTEMPATH\View\View.php(226): include('C:\\Users\\Jec\\Downloads\\laragon-6.0.0\\laragon-6.0.0\\www\\docutrack\\app\\Views\\Admin\\AdminManageGuest.php')
 4 SYSTEMPATH\View\View.php(229): CodeIgniter\View\View->CodeIgniter\View\{closure}()
 5 SYSTEMPATH\Common.php(1188): CodeIgniter\View\View->render('Admin/AdminManageGuest', [], true)
 6 APPPATH\Controllers\AdminController.php(143): view('Admin/AdminManageGuest')
 7 SYSTEMPATH\CodeIgniter.php(919): App\Controllers\AdminController->manageguest()
 8 SYSTEMPATH\CodeIgniter.php(494): CodeIgniter\CodeIgniter->runController(Object(App\Controllers\AdminController))
 9 SYSTEMPATH\CodeIgniter.php(353): CodeIgniter\CodeIgniter->handleRequest(null, Object(Config\Cache), false)
10 FCPATH\index.php(79): CodeIgniter\CodeIgniter->run()
11 SYSTEMPATH\Commands\Server\rewrite.php(47): require_once('C:\\Users\\Jec\\Downloads\\laragon-6.0.0\\laragon-6.0.0\\www\\docutrack\\public\\index.php')
CRITICAL - 2024-04-07 07:46:23 --> Invalid argument supplied for foreach()
in APPPATH\Views\Admin\main-include\manageuser.php on line 64.
 1 APPPATH\Views\Admin\main-include\manageuser.php(64): CodeIgniter\Debug\Exceptions->errorHandler(2, 'Invalid argument supplied for foreach()', 'C:\\Users\\Jec\\Downloads\\laragon-6.0.0\\laragon-6.0.0\\www\\docutrack\\app\\Views\\Admin\\main-include\\manageuser.php', 64, [...])
 2 APPPATH\Views\Admin\AdminManageUser.php(34): include('C:\\Users\\Jec\\Downloads\\laragon-6.0.0\\laragon-6.0.0\\www\\docutrack\\app\\Views\\Admin\\main-include\\manageuser.php')
 3 SYSTEMPATH\View\View.php(226): include('C:\\Users\\Jec\\Downloads\\laragon-6.0.0\\laragon-6.0.0\\www\\docutrack\\app\\Views\\Admin\\AdminManageUser.php')
 4 SYSTEMPATH\View\View.php(229): CodeIgniter\View\View->CodeIgniter\View\{closure}()
 5 SYSTEMPATH\Common.php(1188): CodeIgniter\View\View->render('Admin/AdminManageUser', [], true)
 6 APPPATH\Controllers\AdminController.php(146): view('Admin/AdminManageUser', [...])
 7 SYSTEMPATH\CodeIgniter.php(919): App\Controllers\AdminController->manageguest()
 8 SYSTEMPATH\CodeIgniter.php(494): CodeIgniter\CodeIgniter->runController(Object(App\Controllers\AdminController))
 9 SYSTEMPATH\CodeIgniter.php(353): CodeIgniter\CodeIgniter->handleRequest(null, Object(Config\Cache), false)
10 FCPATH\index.php(79): CodeIgniter\CodeIgniter->run()
11 SYSTEMPATH\Commands\Server\rewrite.php(47): require_once('C:\\Users\\Jec\\Downloads\\laragon-6.0.0\\laragon-6.0.0\\www\\docutrack\\public\\index.php')
CRITICAL - 2024-04-07 07:46:43 --> Invalid argument supplied for foreach()
in APPPATH\Views\Admin\main-include\manageuser.php on line 64.
 1 APPPATH\Views\Admin\main-include\manageuser.php(64): CodeIgniter\Debug\Exceptions->errorHandler(2, 'Invalid argument supplied for foreach()', 'C:\\Users\\Jec\\Downloads\\laragon-6.0.0\\laragon-6.0.0\\www\\docutrack\\app\\Views\\Admin\\main-include\\manageuser.php', 64, [...])
 2 APPPATH\Views\Admin\AdminManageUser.php(34): include('C:\\Users\\Jec\\Downloads\\laragon-6.0.0\\laragon-6.0.0\\www\\docutrack\\app\\Views\\Admin\\main-include\\manageuser.php')
 3 SYSTEMPATH\View\View.php(226): include('C:\\Users\\Jec\\Downloads\\laragon-6.0.0\\laragon-6.0.0\\www\\docutrack\\app\\Views\\Admin\\AdminManageUser.php')
 4 SYSTEMPATH\View\View.php(229): CodeIgniter\View\View->CodeIgniter\View\{closure}()
 5 SYSTEMPATH\Common.php(1188): CodeIgniter\View\View->render('Admin/AdminManageUser', [], true)
 6 APPPATH\Controllers\AdminController.php(146): view('Admin/AdminManageUser', [...])
 7 SYSTEMPATH\CodeIgniter.php(919): App\Controllers\AdminController->manageguest()
 8 SYSTEMPATH\CodeIgniter.php(494): CodeIgniter\CodeIgniter->runController(Object(App\Controllers\AdminController))
 9 SYSTEMPATH\CodeIgniter.php(353): CodeIgniter\CodeIgniter->handleRequest(null, Object(Config\Cache), false)
10 FCPATH\index.php(79): CodeIgniter\CodeIgniter->run()
11 SYSTEMPATH\Commands\Server\rewrite.php(47): require_once('C:\\Users\\Jec\\Downloads\\laragon-6.0.0\\laragon-6.0.0\\www\\docutrack\\public\\index.php')
CRITICAL - 2024-04-07 07:46:59 --> Invalid argument supplied for foreach()
in APPPATH\Views\Admin\main-include\manageuser.php on line 64.
 1 APPPATH\Views\Admin\main-include\manageuser.php(64): CodeIgniter\Debug\Exceptions->errorHandler(2, 'Invalid argument supplied for foreach()', 'C:\\Users\\Jec\\Downloads\\laragon-6.0.0\\laragon-6.0.0\\www\\docutrack\\app\\Views\\Admin\\main-include\\manageuser.php', 64, [...])
 2 APPPATH\Views\Admin\AdminManageUser.php(34): include('C:\\Users\\Jec\\Downloads\\laragon-6.0.0\\laragon-6.0.0\\www\\docutrack\\app\\Views\\Admin\\main-include\\manageuser.php')
 3 SYSTEMPATH\View\View.php(226): include('C:\\Users\\Jec\\Downloads\\laragon-6.0.0\\laragon-6.0.0\\www\\docutrack\\app\\Views\\Admin\\AdminManageUser.php')
 4 SYSTEMPATH\View\View.php(229): CodeIgniter\View\View->CodeIgniter\View\{closure}()
 5 SYSTEMPATH\Common.php(1188): CodeIgniter\View\View->render('Admin/AdminManageUser', [], true)
 6 APPPATH\Controllers\AdminController.php(146): view('Admin/AdminManageUser', [...])
 7 SYSTEMPATH\CodeIgniter.php(919): App\Controllers\AdminController->manageguest()
 8 SYSTEMPATH\CodeIgniter.php(494): CodeIgniter\CodeIgniter->runController(Object(App\Controllers\AdminController))
 9 SYSTEMPATH\CodeIgniter.php(353): CodeIgniter\CodeIgniter->handleRequest(null, Object(Config\Cache), false)
10 FCPATH\index.php(79): CodeIgniter\CodeIgniter->run()
11 SYSTEMPATH\Commands\Server\rewrite.php(47): require_once('C:\\Users\\Jec\\Downloads\\laragon-6.0.0\\laragon-6.0.0\\www\\docutrack\\public\\index.php')
CRITICAL - 2024-04-07 07:47:19 --> Invalid argument supplied for foreach()
in APPPATH\Views\Admin\main-include\manageuser.php on line 64.
 1 APPPATH\Views\Admin\main-include\manageuser.php(64): CodeIgniter\Debug\Exceptions->errorHandler(2, 'Invalid argument supplied for foreach()', 'C:\\Users\\Jec\\Downloads\\laragon-6.0.0\\laragon-6.0.0\\www\\docutrack\\app\\Views\\Admin\\main-include\\manageuser.php', 64, [...])
 2 APPPATH\Views\Admin\AdminManageGuest.php(34): include('C:\\Users\\Jec\\Downloads\\laragon-6.0.0\\laragon-6.0.0\\www\\docutrack\\app\\Views\\Admin\\main-include\\manageuser.php')
 3 SYSTEMPATH\View\View.php(226): include('C:\\Users\\Jec\\Downloads\\laragon-6.0.0\\laragon-6.0.0\\www\\docutrack\\app\\Views\\Admin\\AdminManageGuest.php')
 4 SYSTEMPATH\View\View.php(229): CodeIgniter\View\View->CodeIgniter\View\{closure}()
 5 SYSTEMPATH\Common.php(1188): CodeIgniter\View\View->render('Admin/AdminManageGuest', [], true)
 6 APPPATH\Controllers\AdminController.php(146): view('Admin/AdminManageGuest', [...])
 7 SYSTEMPATH\CodeIgniter.php(919): App\Controllers\AdminController->manageguest()
 8 SYSTEMPATH\CodeIgniter.php(494): CodeIgniter\CodeIgniter->runController(Object(App\Controllers\AdminController))
 9 SYSTEMPATH\CodeIgniter.php(353): CodeIgniter\CodeIgniter->handleRequest(null, Object(Config\Cache), false)
10 FCPATH\index.php(79): CodeIgniter\CodeIgniter->run()
11 SYSTEMPATH\Commands\Server\rewrite.php(47): require_once('C:\\Users\\Jec\\Downloads\\laragon-6.0.0\\laragon-6.0.0\\www\\docutrack\\public\\index.php')
CRITICAL - 2024-04-07 07:47:53 --> Invalid argument supplied for foreach()
in APPPATH\Views\Admin\main-include\manageuser.php on line 64.
 1 APPPATH\Views\Admin\main-include\manageuser.php(64): CodeIgniter\Debug\Exceptions->errorHandler(2, 'Invalid argument supplied for foreach()', 'C:\\Users\\Jec\\Downloads\\laragon-6.0.0\\laragon-6.0.0\\www\\docutrack\\app\\Views\\Admin\\main-include\\manageuser.php', 64, [...])
 2 APPPATH\Views\Admin\AdminManageGuest.php(34): include('C:\\Users\\Jec\\Downloads\\laragon-6.0.0\\laragon-6.0.0\\www\\docutrack\\app\\Views\\Admin\\main-include\\manageuser.php')
 3 SYSTEMPATH\View\View.php(226): include('C:\\Users\\Jec\\Downloads\\laragon-6.0.0\\laragon-6.0.0\\www\\docutrack\\app\\Views\\Admin\\AdminManageGuest.php')
 4 SYSTEMPATH\View\View.php(229): CodeIgniter\View\View->CodeIgniter\View\{closure}()
 5 SYSTEMPATH\Common.php(1188): CodeIgniter\View\View->render('Admin/AdminManageGuest', [], true)
 6 APPPATH\Controllers\AdminController.php(146): view('Admin/AdminManageGuest', [...])
 7 SYSTEMPATH\CodeIgniter.php(919): App\Controllers\AdminController->manageguest()
 8 SYSTEMPATH\CodeIgniter.php(494): CodeIgniter\CodeIgniter->runController(Object(App\Controllers\AdminController))
 9 SYSTEMPATH\CodeIgniter.php(353): CodeIgniter\CodeIgniter->handleRequest(null, Object(Config\Cache), false)
10 FCPATH\index.php(79): CodeIgniter\CodeIgniter->run()
11 SYSTEMPATH\Commands\Server\rewrite.php(47): require_once('C:\\Users\\Jec\\Downloads\\laragon-6.0.0\\laragon-6.0.0\\www\\docutrack\\public\\index.php')
CRITICAL - 2024-04-07 07:48:33 --> Invalid argument supplied for foreach()
in APPPATH\Views\Admin\main-include\manageuser.php on line 64.
 1 APPPATH\Views\Admin\main-include\manageuser.php(64): CodeIgniter\Debug\Exceptions->errorHandler(2, 'Invalid argument supplied for foreach()', 'C:\\Users\\Jec\\Downloads\\laragon-6.0.0\\laragon-6.0.0\\www\\docutrack\\app\\Views\\Admin\\main-include\\manageuser.php', 64, [...])
 2 APPPATH\Views\Admin\AdminManageGuest.php(34): include('C:\\Users\\Jec\\Downloads\\laragon-6.0.0\\laragon-6.0.0\\www\\docutrack\\app\\Views\\Admin\\main-include\\manageuser.php')
 3 SYSTEMPATH\View\View.php(226): include('C:\\Users\\Jec\\Downloads\\laragon-6.0.0\\laragon-6.0.0\\www\\docutrack\\app\\Views\\Admin\\AdminManageGuest.php')
 4 SYSTEMPATH\View\View.php(229): CodeIgniter\View\View->CodeIgniter\View\{closure}()
 5 SYSTEMPATH\Common.php(1188): CodeIgniter\View\View->render('Admin/AdminManageGuest', [], true)
 6 APPPATH\Controllers\AdminController.php(146): view('Admin/AdminManageGuest', [...])
 7 SYSTEMPATH\CodeIgniter.php(919): App\Controllers\AdminController->manageguest()
 8 SYSTEMPATH\CodeIgniter.php(494): CodeIgniter\CodeIgniter->runController(Object(App\Controllers\AdminController))
 9 SYSTEMPATH\CodeIgniter.php(353): CodeIgniter\CodeIgniter->handleRequest(null, Object(Config\Cache), false)
10 FCPATH\index.php(79): CodeIgniter\CodeIgniter->run()
11 SYSTEMPATH\Commands\Server\rewrite.php(47): require_once('C:\\Users\\Jec\\Downloads\\laragon-6.0.0\\laragon-6.0.0\\www\\docutrack\\public\\index.php')
CRITICAL - 2024-04-07 07:49:04 --> Invalid argument supplied for foreach()
in APPPATH\Views\Admin\main-include\manageuser.php on line 64.
 1 APPPATH\Views\Admin\main-include\manageuser.php(64): CodeIgniter\Debug\Exceptions->errorHandler(2, 'Invalid argument supplied for foreach()', 'C:\\Users\\Jec\\Downloads\\laragon-6.0.0\\laragon-6.0.0\\www\\docutrack\\app\\Views\\Admin\\main-include\\manageuser.php', 64, [...])
 2 APPPATH\Views\Admin\AdminManageGuest.php(34): include('C:\\Users\\Jec\\Downloads\\laragon-6.0.0\\laragon-6.0.0\\www\\docutrack\\app\\Views\\Admin\\main-include\\manageuser.php')
 3 SYSTEMPATH\View\View.php(226): include('C:\\Users\\Jec\\Downloads\\laragon-6.0.0\\laragon-6.0.0\\www\\docutrack\\app\\Views\\Admin\\AdminManageGuest.php')
 4 SYSTEMPATH\View\View.php(229): CodeIgniter\View\View->CodeIgniter\View\{closure}()
 5 SYSTEMPATH\Common.php(1188): CodeIgniter\View\View->render('Admin/AdminManageGuest', [], true)
 6 APPPATH\Controllers\AdminController.php(152): view('Admin/AdminManageGuest', [...])
 7 SYSTEMPATH\CodeIgniter.php(919): App\Controllers\AdminController->manageguest()
 8 SYSTEMPATH\CodeIgniter.php(494): CodeIgniter\CodeIgniter->runController(Object(App\Controllers\AdminController))
 9 SYSTEMPATH\CodeIgniter.php(353): CodeIgniter\CodeIgniter->handleRequest(null, Object(Config\Cache), false)
10 FCPATH\index.php(79): CodeIgniter\CodeIgniter->run()
11 SYSTEMPATH\Commands\Server\rewrite.php(47): require_once('C:\\Users\\Jec\\Downloads\\laragon-6.0.0\\laragon-6.0.0\\www\\docutrack\\public\\index.php')
CRITICAL - 2024-04-07 07:50:23 --> Invalid argument supplied for foreach()
in APPPATH\Views\Admin\main-include\manageuser.php on line 64.
 1 APPPATH\Views\Admin\main-include\manageuser.php(64): CodeIgniter\Debug\Exceptions->errorHandler(2, 'Invalid argument supplied for foreach()', 'C:\\Users\\Jec\\Downloads\\laragon-6.0.0\\laragon-6.0.0\\www\\docutrack\\app\\Views\\Admin\\main-include\\manageuser.php', 64, [...])
 2 APPPATH\Views\Admin\AdminManageGuest.php(34): include('C:\\Users\\Jec\\Downloads\\laragon-6.0.0\\laragon-6.0.0\\www\\docutrack\\app\\Views\\Admin\\main-include\\manageuser.php')
 3 SYSTEMPATH\View\View.php(226): include('C:\\Users\\Jec\\Downloads\\laragon-6.0.0\\laragon-6.0.0\\www\\docutrack\\app\\Views\\Admin\\AdminManageGuest.php')
 4 SYSTEMPATH\View\View.php(229): CodeIgniter\View\View->CodeIgniter\View\{closure}()
 5 SYSTEMPATH\Common.php(1188): CodeIgniter\View\View->render('Admin/AdminManageGuest', [], true)
 6 APPPATH\Controllers\AdminController.php(146): view('Admin/AdminManageGuest', [...])
 7 SYSTEMPATH\CodeIgniter.php(919): App\Controllers\AdminController->manageguest()
 8 SYSTEMPATH\CodeIgniter.php(494): CodeIgniter\CodeIgniter->runController(Object(App\Controllers\AdminController))
 9 SYSTEMPATH\CodeIgniter.php(353): CodeIgniter\CodeIgniter->handleRequest(null, Object(Config\Cache), false)
10 FCPATH\index.php(79): CodeIgniter\CodeIgniter->run()
11 SYSTEMPATH\Commands\Server\rewrite.php(47): require_once('C:\\Users\\Jec\\Downloads\\laragon-6.0.0\\laragon-6.0.0\\www\\docutrack\\public\\index.php')
CRITICAL - 2024-04-07 07:50:42 --> Invalid argument supplied for foreach()
in APPPATH\Views\Admin\main-include\manageuser.php on line 64.
 1 APPPATH\Views\Admin\main-include\manageuser.php(64): CodeIgniter\Debug\Exceptions->errorHandler(2, 'Invalid argument supplied for foreach()', 'C:\\Users\\Jec\\Downloads\\laragon-6.0.0\\laragon-6.0.0\\www\\docutrack\\app\\Views\\Admin\\main-include\\manageuser.php', 64, [...])
 2 APPPATH\Views\Admin\AdminManageGuest.php(34): include('C:\\Users\\Jec\\Downloads\\laragon-6.0.0\\laragon-6.0.0\\www\\docutrack\\app\\Views\\Admin\\main-include\\manageuser.php')
 3 SYSTEMPATH\View\View.php(226): include('C:\\Users\\Jec\\Downloads\\laragon-6.0.0\\laragon-6.0.0\\www\\docutrack\\app\\Views\\Admin\\AdminManageGuest.php')
 4 SYSTEMPATH\View\View.php(229): CodeIgniter\View\View->CodeIgniter\View\{closure}()
 5 SYSTEMPATH\Common.php(1188): CodeIgniter\View\View->render('Admin/AdminManageGuest', [], true)
 6 APPPATH\Controllers\AdminController.php(146): view('Admin/AdminManageGuest', [...])
 7 SYSTEMPATH\CodeIgniter.php(919): App\Controllers\AdminController->manageguest()
 8 SYSTEMPATH\CodeIgniter.php(494): CodeIgniter\CodeIgniter->runController(Object(App\Controllers\AdminController))
 9 SYSTEMPATH\CodeIgniter.php(353): CodeIgniter\CodeIgniter->handleRequest(null, Object(Config\Cache), false)
10 FCPATH\index.php(79): CodeIgniter\CodeIgniter->run()
11 SYSTEMPATH\Commands\Server\rewrite.php(47): require_once('C:\\Users\\Jec\\Downloads\\laragon-6.0.0\\laragon-6.0.0\\www\\docutrack\\public\\index.php')
CRITICAL - 2024-04-07 07:51:12 --> Invalid argument supplied for foreach()
in APPPATH\Views\Admin\main-include\manageuser.php on line 64.
 1 APPPATH\Views\Admin\main-include\manageuser.php(64): CodeIgniter\Debug\Exceptions->errorHandler(2, 'Invalid argument supplied for foreach()', 'C:\\Users\\Jec\\Downloads\\laragon-6.0.0\\laragon-6.0.0\\www\\docutrack\\app\\Views\\Admin\\main-include\\manageuser.php', 64, [...])
 2 APPPATH\Views\Admin\AdminManageGuest.php(34): include('C:\\Users\\Jec\\Downloads\\laragon-6.0.0\\laragon-6.0.0\\www\\docutrack\\app\\Views\\Admin\\main-include\\manageuser.php')
 3 SYSTEMPATH\View\View.php(226): include('C:\\Users\\Jec\\Downloads\\laragon-6.0.0\\laragon-6.0.0\\www\\docutrack\\app\\Views\\Admin\\AdminManageGuest.php')
 4 SYSTEMPATH\View\View.php(229): CodeIgniter\View\View->CodeIgniter\View\{closure}()
 5 SYSTEMPATH\Common.php(1188): CodeIgniter\View\View->render('Admin/AdminManageGuest', [], true)
 6 APPPATH\Controllers\AdminController.php(146): view('Admin/AdminManageGuest', [...])
 7 SYSTEMPATH\CodeIgniter.php(919): App\Controllers\AdminController->manageguest()
 8 SYSTEMPATH\CodeIgniter.php(494): CodeIgniter\CodeIgniter->runController(Object(App\Controllers\AdminController))
 9 SYSTEMPATH\CodeIgniter.php(353): CodeIgniter\CodeIgniter->handleRequest(null, Object(Config\Cache), false)
10 FCPATH\index.php(79): CodeIgniter\CodeIgniter->run()
11 SYSTEMPATH\Commands\Server\rewrite.php(47): require_once('C:\\Users\\Jec\\Downloads\\laragon-6.0.0\\laragon-6.0.0\\www\\docutrack\\public\\index.php')
