ERROR - 2024-04-10 06:55:41 --> mysqli_sql_exception: You have an error in your SQL syntax; check the manual that corresponds to your MySQL server version for the right syntax to use near 'AND documents.status = 'pending'' at line 11 in C:\Users\Jec\Downloads\laragon-6.0.0\laragon-6.0.0\www\docutrack\system\Database\MySQLi\Connection.php:306
Stack trace:
#0 C:\Users\Jec\Downloads\laragon-6.0.0\laragon-6.0.0\www\docutrack\system\Database\MySQLi\Connection.php(306): mysqli->query('\n            SE...', 0)
#1 C:\Users\Jec\Downloads\laragon-6.0.0\laragon-6.0.0\www\docutrack\system\Database\BaseConnection.php(692): CodeIgniter\Database\MySQLi\Connection->execute('\n            SE...')
#2 C:\Users\Jec\Downloads\laragon-6.0.0\laragon-6.0.0\www\docutrack\system\Database\BaseConnection.php(606): CodeIgniter\Database\BaseConnection->simpleQuery('\n            SE...')
#3 C:\Users\Jec\Downloads\laragon-6.0.0\laragon-6.0.0\www\docutrack\app\Controllers\OfficeController.php(110): CodeIgniter\Database\BaseConnection->query('\n            SE...')
#4 C:\Users\Jec\Downloads\laragon-6.0.0\laragon-6.0.0\www\docutrack\system\CodeIgniter.php(919): App\Controllers\OfficeController->pending()
#5 C:\Users\Jec\Downloads\laragon-6.0.0\laragon-6.0.0\www\docutrack\system\CodeIgniter.php(494): CodeIgniter\CodeIgniter->runController(Object(App\Controllers\OfficeController))
#6 C:\Users\Jec\Downloads\laragon-6.0.0\laragon-6.0.0\www\docutrack\system\CodeIgniter.php(353): CodeIgniter\CodeIgniter->handleRequest(NULL, Object(Config\Cache), false)
#7 C:\Users\Jec\Downloads\laragon-6.0.0\laragon-6.0.0\www\docutrack\public\index.php(79): CodeIgniter\CodeIgniter->run()
#8 C:\Users\Jec\Downloads\laragon-6.0.0\laragon-6.0.0\www\docutrack\system\Commands\Server\rewrite.php(47): require_once('C:\\Users\\Jec\\Do...')
#9 {main}
CRITICAL - 2024-04-10 06:55:41 --> You have an error in your SQL syntax; check the manual that corresponds to your MySQL server version for the right syntax to use near 'AND documents.status = 'pending'' at line 11
in SYSTEMPATH\Database\BaseConnection.php on line 646.
 1 APPPATH\Controllers\OfficeController.php(110): CodeIgniter\Database\BaseConnection->query('
            SELECT 
                documents.title, 
                documents.tracking_number, 
                documents.sender_id, 
                documents.sender_office_id, 
                documents.status, 
                documents.action, 
                documents.document_id
            FROM documents
            WHERE documents.recipient_id = 
            AND documents.status = \'pending\'
        ')
 2 SYSTEMPATH\CodeIgniter.php(919): App\Controllers\OfficeController->pending()
 3 SYSTEMPATH\CodeIgniter.php(494): CodeIgniter\CodeIgniter->runController(Object(App\Controllers\OfficeController))
 4 SYSTEMPATH\CodeIgniter.php(353): CodeIgniter\CodeIgniter->handleRequest(null, Object(Config\Cache), false)
 5 FCPATH\index.php(79): CodeIgniter\CodeIgniter->run()
 6 SYSTEMPATH\Commands\Server\rewrite.php(47): require_once('C:\\Users\\Jec\\Downloads\\laragon-6.0.0\\laragon-6.0.0\\www\\docutrack\\public\\index.php')
ERROR - 2024-04-10 06:55:43 --> mysqli_sql_exception: You have an error in your SQL syntax; check the manual that corresponds to your MySQL server version for the right syntax to use near 'AND documents.status = 'pending'' at line 11 in C:\Users\Jec\Downloads\laragon-6.0.0\laragon-6.0.0\www\docutrack\system\Database\MySQLi\Connection.php:306
Stack trace:
#0 C:\Users\Jec\Downloads\laragon-6.0.0\laragon-6.0.0\www\docutrack\system\Database\MySQLi\Connection.php(306): mysqli->query('\n            SE...', 0)
#1 C:\Users\Jec\Downloads\laragon-6.0.0\laragon-6.0.0\www\docutrack\system\Database\BaseConnection.php(692): CodeIgniter\Database\MySQLi\Connection->execute('\n            SE...')
#2 C:\Users\Jec\Downloads\laragon-6.0.0\laragon-6.0.0\www\docutrack\system\Database\BaseConnection.php(606): CodeIgniter\Database\BaseConnection->simpleQuery('\n            SE...')
#3 C:\Users\Jec\Downloads\laragon-6.0.0\laragon-6.0.0\www\docutrack\app\Controllers\OfficeController.php(110): CodeIgniter\Database\BaseConnection->query('\n            SE...')
#4 C:\Users\Jec\Downloads\laragon-6.0.0\laragon-6.0.0\www\docutrack\system\CodeIgniter.php(919): App\Controllers\OfficeController->pending()
#5 C:\Users\Jec\Downloads\laragon-6.0.0\laragon-6.0.0\www\docutrack\system\CodeIgniter.php(494): CodeIgniter\CodeIgniter->runController(Object(App\Controllers\OfficeController))
#6 C:\Users\Jec\Downloads\laragon-6.0.0\laragon-6.0.0\www\docutrack\system\CodeIgniter.php(353): CodeIgniter\CodeIgniter->handleRequest(NULL, Object(Config\Cache), false)
#7 C:\Users\Jec\Downloads\laragon-6.0.0\laragon-6.0.0\www\docutrack\public\index.php(79): CodeIgniter\CodeIgniter->run()
#8 C:\Users\Jec\Downloads\laragon-6.0.0\laragon-6.0.0\www\docutrack\system\Commands\Server\rewrite.php(47): require_once('C:\\Users\\Jec\\Do...')
#9 {main}
CRITICAL - 2024-04-10 06:55:43 --> You have an error in your SQL syntax; check the manual that corresponds to your MySQL server version for the right syntax to use near 'AND documents.status = 'pending'' at line 11
in SYSTEMPATH\Database\BaseConnection.php on line 646.
 1 APPPATH\Controllers\OfficeController.php(110): CodeIgniter\Database\BaseConnection->query('
            SELECT 
                documents.title, 
                documents.tracking_number, 
                documents.sender_id, 
                documents.sender_office_id, 
                documents.status, 
                documents.action, 
                documents.document_id
            FROM documents
            WHERE documents.recipient_id = 
            AND documents.status = \'pending\'
        ')
 2 SYSTEMPATH\CodeIgniter.php(919): App\Controllers\OfficeController->pending()
 3 SYSTEMPATH\CodeIgniter.php(494): CodeIgniter\CodeIgniter->runController(Object(App\Controllers\OfficeController))
 4 SYSTEMPATH\CodeIgniter.php(353): CodeIgniter\CodeIgniter->handleRequest(null, Object(Config\Cache), false)
 5 FCPATH\index.php(79): CodeIgniter\CodeIgniter->run()
 6 SYSTEMPATH\Commands\Server\rewrite.php(47): require_once('C:\\Users\\Jec\\Downloads\\laragon-6.0.0\\laragon-6.0.0\\www\\docutrack\\public\\index.php')
ERROR - 2024-04-10 06:58:08 --> mysqli_sql_exception: You have an error in your SQL syntax; check the manual that corresponds to your MySQL server version for the right syntax to use near 'AND documents.status = 'pending'' at line 11 in C:\Users\Jec\Downloads\laragon-6.0.0\laragon-6.0.0\www\docutrack\system\Database\MySQLi\Connection.php:306
Stack trace:
#0 C:\Users\Jec\Downloads\laragon-6.0.0\laragon-6.0.0\www\docutrack\system\Database\MySQLi\Connection.php(306): mysqli->query('\n            SE...', 0)
#1 C:\Users\Jec\Downloads\laragon-6.0.0\laragon-6.0.0\www\docutrack\system\Database\BaseConnection.php(692): CodeIgniter\Database\MySQLi\Connection->execute('\n            SE...')
#2 C:\Users\Jec\Downloads\laragon-6.0.0\laragon-6.0.0\www\docutrack\system\Database\BaseConnection.php(606): CodeIgniter\Database\BaseConnection->simpleQuery('\n            SE...')
#3 C:\Users\Jec\Downloads\laragon-6.0.0\laragon-6.0.0\www\docutrack\app\Controllers\OfficeController.php(110): CodeIgniter\Database\BaseConnection->query('\n            SE...')
#4 C:\Users\Jec\Downloads\laragon-6.0.0\laragon-6.0.0\www\docutrack\system\CodeIgniter.php(919): App\Controllers\OfficeController->pending()
#5 C:\Users\Jec\Downloads\laragon-6.0.0\laragon-6.0.0\www\docutrack\system\CodeIgniter.php(494): CodeIgniter\CodeIgniter->runController(Object(App\Controllers\OfficeController))
#6 C:\Users\Jec\Downloads\laragon-6.0.0\laragon-6.0.0\www\docutrack\system\CodeIgniter.php(353): CodeIgniter\CodeIgniter->handleRequest(NULL, Object(Config\Cache), false)
#7 C:\Users\Jec\Downloads\laragon-6.0.0\laragon-6.0.0\www\docutrack\public\index.php(79): CodeIgniter\CodeIgniter->run()
#8 C:\Users\Jec\Downloads\laragon-6.0.0\laragon-6.0.0\www\docutrack\system\Commands\Server\rewrite.php(47): require_once('C:\\Users\\Jec\\Do...')
#9 {main}
CRITICAL - 2024-04-10 06:58:08 --> You have an error in your SQL syntax; check the manual that corresponds to your MySQL server version for the right syntax to use near 'AND documents.status = 'pending'' at line 11
in SYSTEMPATH\Database\BaseConnection.php on line 646.
 1 APPPATH\Controllers\OfficeController.php(110): CodeIgniter\Database\BaseConnection->query('
            SELECT 
                documents.title, 
                documents.tracking_number, 
                documents.sender_id, 
                documents.sender_office_id, 
                documents.status, 
                documents.action, 
                documents.document_id
            FROM documents
            WHERE documents.recipient_id = 
            AND documents.status = \'pending\'
        ')
 2 SYSTEMPATH\CodeIgniter.php(919): App\Controllers\OfficeController->pending()
 3 SYSTEMPATH\CodeIgniter.php(494): CodeIgniter\CodeIgniter->runController(Object(App\Controllers\OfficeController))
 4 SYSTEMPATH\CodeIgniter.php(353): CodeIgniter\CodeIgniter->handleRequest(null, Object(Config\Cache), false)
 5 FCPATH\index.php(79): CodeIgniter\CodeIgniter->run()
 6 SYSTEMPATH\Commands\Server\rewrite.php(47): require_once('C:\\Users\\Jec\\Downloads\\laragon-6.0.0\\laragon-6.0.0\\www\\docutrack\\public\\index.php')
ERROR - 2024-04-10 07:00:56 --> mysqli_sql_exception: Table 'docutrack2.offices_documents' doesn't exist in C:\Users\Jec\Downloads\laragon-6.0.0\laragon-6.0.0\www\docutrack\system\Database\MySQLi\Connection.php:306
Stack trace:
#0 C:\Users\Jec\Downloads\laragon-6.0.0\laragon-6.0.0\www\docutrack\system\Database\MySQLi\Connection.php(306): mysqli->query('UPDATE `offices...', 0)
#1 C:\Users\Jec\Downloads\laragon-6.0.0\laragon-6.0.0\www\docutrack\system\Database\BaseConnection.php(692): CodeIgniter\Database\MySQLi\Connection->execute('UPDATE `offices...')
#2 C:\Users\Jec\Downloads\laragon-6.0.0\laragon-6.0.0\www\docutrack\system\Database\BaseConnection.php(606): CodeIgniter\Database\BaseConnection->simpleQuery('UPDATE `offices...')
#3 C:\Users\Jec\Downloads\laragon-6.0.0\laragon-6.0.0\www\docutrack\system\Database\BaseBuilder.php(2475): CodeIgniter\Database\BaseConnection->query('UPDATE `offices...', Array, false)
#4 C:\Users\Jec\Downloads\laragon-6.0.0\laragon-6.0.0\www\docutrack\app\Controllers\OfficeController.php(409): CodeIgniter\Database\BaseBuilder->update(Array)
#5 C:\Users\Jec\Downloads\laragon-6.0.0\laragon-6.0.0\www\docutrack\system\CodeIgniter.php(919): App\Controllers\OfficeController->updateProcessStatus()
#6 C:\Users\Jec\Downloads\laragon-6.0.0\laragon-6.0.0\www\docutrack\system\CodeIgniter.php(494): CodeIgniter\CodeIgniter->runController(Object(App\Controllers\OfficeController))
#7 C:\Users\Jec\Downloads\laragon-6.0.0\laragon-6.0.0\www\docutrack\system\CodeIgniter.php(353): CodeIgniter\CodeIgniter->handleRequest(NULL, Object(Config\Cache), false)
#8 C:\Users\Jec\Downloads\laragon-6.0.0\laragon-6.0.0\www\docutrack\public\index.php(79): CodeIgniter\CodeIgniter->run()
#9 C:\Users\Jec\Downloads\laragon-6.0.0\laragon-6.0.0\www\docutrack\system\Commands\Server\rewrite.php(47): require_once('C:\\Users\\Jec\\Do...')
#10 {main}
ERROR - 2024-04-10 07:00:56 --> mysqli_sql_exception: Table 'docutrack2.transactions' doesn't exist in C:\Users\Jec\Downloads\laragon-6.0.0\laragon-6.0.0\www\docutrack\system\Database\MySQLi\Connection.php:306
Stack trace:
#0 C:\Users\Jec\Downloads\laragon-6.0.0\laragon-6.0.0\www\docutrack\system\Database\MySQLi\Connection.php(306): mysqli->query('INSERT INTO `tr...', 0)
#1 C:\Users\Jec\Downloads\laragon-6.0.0\laragon-6.0.0\www\docutrack\system\Database\BaseConnection.php(692): CodeIgniter\Database\MySQLi\Connection->execute('INSERT INTO `tr...')
#2 C:\Users\Jec\Downloads\laragon-6.0.0\laragon-6.0.0\www\docutrack\system\Database\BaseConnection.php(606): CodeIgniter\Database\BaseConnection->simpleQuery('INSERT INTO `tr...')
#3 C:\Users\Jec\Downloads\laragon-6.0.0\laragon-6.0.0\www\docutrack\system\Database\BaseBuilder.php(2308): CodeIgniter\Database\BaseConnection->query('INSERT INTO `tr...', Array, false)
#4 C:\Users\Jec\Downloads\laragon-6.0.0\laragon-6.0.0\www\docutrack\app\Controllers\OfficeController.php(426): CodeIgniter\Database\BaseBuilder->insert(Array)
#5 C:\Users\Jec\Downloads\laragon-6.0.0\laragon-6.0.0\www\docutrack\system\CodeIgniter.php(919): App\Controllers\OfficeController->updateProcessStatus()
#6 C:\Users\Jec\Downloads\laragon-6.0.0\laragon-6.0.0\www\docutrack\system\CodeIgniter.php(494): CodeIgniter\CodeIgniter->runController(Object(App\Controllers\OfficeController))
#7 C:\Users\Jec\Downloads\laragon-6.0.0\laragon-6.0.0\www\docutrack\system\CodeIgniter.php(353): CodeIgniter\CodeIgniter->handleRequest(NULL, Object(Config\Cache), false)
#8 C:\Users\Jec\Downloads\laragon-6.0.0\laragon-6.0.0\www\docutrack\public\index.php(79): CodeIgniter\CodeIgniter->run()
#9 C:\Users\Jec\Downloads\laragon-6.0.0\laragon-6.0.0\www\docutrack\system\Commands\Server\rewrite.php(47): require_once('C:\\Users\\Jec\\Do...')
#10 {main}
ERROR - 2024-04-10 07:03:07 --> mysqli_sql_exception: Table 'docutrack2.offices_documents' doesn't exist in C:\Users\Jec\Downloads\laragon-6.0.0\laragon-6.0.0\www\docutrack\system\Database\MySQLi\Connection.php:306
Stack trace:
#0 C:\Users\Jec\Downloads\laragon-6.0.0\laragon-6.0.0\www\docutrack\system\Database\MySQLi\Connection.php(306): mysqli->query('UPDATE `offices...', 0)
#1 C:\Users\Jec\Downloads\laragon-6.0.0\laragon-6.0.0\www\docutrack\system\Database\BaseConnection.php(692): CodeIgniter\Database\MySQLi\Connection->execute('UPDATE `offices...')
#2 C:\Users\Jec\Downloads\laragon-6.0.0\laragon-6.0.0\www\docutrack\system\Database\BaseConnection.php(606): CodeIgniter\Database\BaseConnection->simpleQuery('UPDATE `offices...')
#3 C:\Users\Jec\Downloads\laragon-6.0.0\laragon-6.0.0\www\docutrack\system\Database\BaseBuilder.php(2475): CodeIgniter\Database\BaseConnection->query('UPDATE `offices...', Array, false)
#4 C:\Users\Jec\Downloads\laragon-6.0.0\laragon-6.0.0\www\docutrack\app\Controllers\OfficeController.php(407): CodeIgniter\Database\BaseBuilder->update(Array)
#5 C:\Users\Jec\Downloads\laragon-6.0.0\laragon-6.0.0\www\docutrack\system\CodeIgniter.php(919): App\Controllers\OfficeController->updateProcessStatus()
#6 C:\Users\Jec\Downloads\laragon-6.0.0\laragon-6.0.0\www\docutrack\system\CodeIgniter.php(494): CodeIgniter\CodeIgniter->runController(Object(App\Controllers\OfficeController))
#7 C:\Users\Jec\Downloads\laragon-6.0.0\laragon-6.0.0\www\docutrack\system\CodeIgniter.php(353): CodeIgniter\CodeIgniter->handleRequest(NULL, Object(Config\Cache), false)
#8 C:\Users\Jec\Downloads\laragon-6.0.0\laragon-6.0.0\www\docutrack\public\index.php(79): CodeIgniter\CodeIgniter->run()
#9 C:\Users\Jec\Downloads\laragon-6.0.0\laragon-6.0.0\www\docutrack\system\Commands\Server\rewrite.php(47): require_once('C:\\Users\\Jec\\Do...')
#10 {main}
ERROR - 2024-04-10 07:03:07 --> mysqli_sql_exception: Table 'docutrack2.transactions' doesn't exist in C:\Users\Jec\Downloads\laragon-6.0.0\laragon-6.0.0\www\docutrack\system\Database\MySQLi\Connection.php:306
Stack trace:
#0 C:\Users\Jec\Downloads\laragon-6.0.0\laragon-6.0.0\www\docutrack\system\Database\MySQLi\Connection.php(306): mysqli->query('INSERT INTO `tr...', 0)
#1 C:\Users\Jec\Downloads\laragon-6.0.0\laragon-6.0.0\www\docutrack\system\Database\BaseConnection.php(692): CodeIgniter\Database\MySQLi\Connection->execute('INSERT INTO `tr...')
#2 C:\Users\Jec\Downloads\laragon-6.0.0\laragon-6.0.0\www\docutrack\system\Database\BaseConnection.php(606): CodeIgniter\Database\BaseConnection->simpleQuery('INSERT INTO `tr...')
#3 C:\Users\Jec\Downloads\laragon-6.0.0\laragon-6.0.0\www\docutrack\system\Database\BaseBuilder.php(2308): CodeIgniter\Database\BaseConnection->query('INSERT INTO `tr...', Array, false)
#4 C:\Users\Jec\Downloads\laragon-6.0.0\laragon-6.0.0\www\docutrack\app\Controllers\OfficeController.php(424): CodeIgniter\Database\BaseBuilder->insert(Array)
#5 C:\Users\Jec\Downloads\laragon-6.0.0\laragon-6.0.0\www\docutrack\system\CodeIgniter.php(919): App\Controllers\OfficeController->updateProcessStatus()
#6 C:\Users\Jec\Downloads\laragon-6.0.0\laragon-6.0.0\www\docutrack\system\CodeIgniter.php(494): CodeIgniter\CodeIgniter->runController(Object(App\Controllers\OfficeController))
#7 C:\Users\Jec\Downloads\laragon-6.0.0\laragon-6.0.0\www\docutrack\system\CodeIgniter.php(353): CodeIgniter\CodeIgniter->handleRequest(NULL, Object(Config\Cache), false)
#8 C:\Users\Jec\Downloads\laragon-6.0.0\laragon-6.0.0\www\docutrack\public\index.php(79): CodeIgniter\CodeIgniter->run()
#9 C:\Users\Jec\Downloads\laragon-6.0.0\laragon-6.0.0\www\docutrack\system\Commands\Server\rewrite.php(47): require_once('C:\\Users\\Jec\\Do...')
#10 {main}
ERROR - 2024-04-10 07:03:42 --> mysqli_sql_exception: Table 'docutrack2.offices_documents' doesn't exist in C:\Users\Jec\Downloads\laragon-6.0.0\laragon-6.0.0\www\docutrack\system\Database\MySQLi\Connection.php:306
Stack trace:
#0 C:\Users\Jec\Downloads\laragon-6.0.0\laragon-6.0.0\www\docutrack\system\Database\MySQLi\Connection.php(306): mysqli->query('UPDATE `offices...', 0)
#1 C:\Users\Jec\Downloads\laragon-6.0.0\laragon-6.0.0\www\docutrack\system\Database\BaseConnection.php(692): CodeIgniter\Database\MySQLi\Connection->execute('UPDATE `offices...')
#2 C:\Users\Jec\Downloads\laragon-6.0.0\laragon-6.0.0\www\docutrack\system\Database\BaseConnection.php(606): CodeIgniter\Database\BaseConnection->simpleQuery('UPDATE `offices...')
#3 C:\Users\Jec\Downloads\laragon-6.0.0\laragon-6.0.0\www\docutrack\system\Database\BaseBuilder.php(2475): CodeIgniter\Database\BaseConnection->query('UPDATE `offices...', Array, false)
#4 C:\Users\Jec\Downloads\laragon-6.0.0\laragon-6.0.0\www\docutrack\app\Controllers\OfficeController.php(407): CodeIgniter\Database\BaseBuilder->update(Array)
#5 C:\Users\Jec\Downloads\laragon-6.0.0\laragon-6.0.0\www\docutrack\system\CodeIgniter.php(919): App\Controllers\OfficeController->updateProcessStatus()
#6 C:\Users\Jec\Downloads\laragon-6.0.0\laragon-6.0.0\www\docutrack\system\CodeIgniter.php(494): CodeIgniter\CodeIgniter->runController(Object(App\Controllers\OfficeController))
#7 C:\Users\Jec\Downloads\laragon-6.0.0\laragon-6.0.0\www\docutrack\system\CodeIgniter.php(353): CodeIgniter\CodeIgniter->handleRequest(NULL, Object(Config\Cache), false)
#8 C:\Users\Jec\Downloads\laragon-6.0.0\laragon-6.0.0\www\docutrack\public\index.php(79): CodeIgniter\CodeIgniter->run()
#9 C:\Users\Jec\Downloads\laragon-6.0.0\laragon-6.0.0\www\docutrack\system\Commands\Server\rewrite.php(47): require_once('C:\\Users\\Jec\\Do...')
#10 {main}
ERROR - 2024-04-10 07:03:42 --> mysqli_sql_exception: Table 'docutrack2.transactions' doesn't exist in C:\Users\Jec\Downloads\laragon-6.0.0\laragon-6.0.0\www\docutrack\system\Database\MySQLi\Connection.php:306
Stack trace:
#0 C:\Users\Jec\Downloads\laragon-6.0.0\laragon-6.0.0\www\docutrack\system\Database\MySQLi\Connection.php(306): mysqli->query('INSERT INTO `tr...', 0)
#1 C:\Users\Jec\Downloads\laragon-6.0.0\laragon-6.0.0\www\docutrack\system\Database\BaseConnection.php(692): CodeIgniter\Database\MySQLi\Connection->execute('INSERT INTO `tr...')
#2 C:\Users\Jec\Downloads\laragon-6.0.0\laragon-6.0.0\www\docutrack\system\Database\BaseConnection.php(606): CodeIgniter\Database\BaseConnection->simpleQuery('INSERT INTO `tr...')
#3 C:\Users\Jec\Downloads\laragon-6.0.0\laragon-6.0.0\www\docutrack\system\Database\BaseBuilder.php(2308): CodeIgniter\Database\BaseConnection->query('INSERT INTO `tr...', Array, false)
#4 C:\Users\Jec\Downloads\laragon-6.0.0\laragon-6.0.0\www\docutrack\app\Controllers\OfficeController.php(424): CodeIgniter\Database\BaseBuilder->insert(Array)
#5 C:\Users\Jec\Downloads\laragon-6.0.0\laragon-6.0.0\www\docutrack\system\CodeIgniter.php(919): App\Controllers\OfficeController->updateProcessStatus()
#6 C:\Users\Jec\Downloads\laragon-6.0.0\laragon-6.0.0\www\docutrack\system\CodeIgniter.php(494): CodeIgniter\CodeIgniter->runController(Object(App\Controllers\OfficeController))
#7 C:\Users\Jec\Downloads\laragon-6.0.0\laragon-6.0.0\www\docutrack\system\CodeIgniter.php(353): CodeIgniter\CodeIgniter->handleRequest(NULL, Object(Config\Cache), false)
#8 C:\Users\Jec\Downloads\laragon-6.0.0\laragon-6.0.0\www\docutrack\public\index.php(79): CodeIgniter\CodeIgniter->run()
#9 C:\Users\Jec\Downloads\laragon-6.0.0\laragon-6.0.0\www\docutrack\system\Commands\Server\rewrite.php(47): require_once('C:\\Users\\Jec\\Do...')
#10 {main}
ERROR - 2024-04-10 07:08:21 --> mysqli_sql_exception: Table 'docutrack2.offices_documents' doesn't exist in C:\Users\Jec\Downloads\laragon-6.0.0\laragon-6.0.0\www\docutrack\system\Database\MySQLi\Connection.php:306
Stack trace:
#0 C:\Users\Jec\Downloads\laragon-6.0.0\laragon-6.0.0\www\docutrack\system\Database\MySQLi\Connection.php(306): mysqli->query('UPDATE `offices...', 0)
#1 C:\Users\Jec\Downloads\laragon-6.0.0\laragon-6.0.0\www\docutrack\system\Database\BaseConnection.php(692): CodeIgniter\Database\MySQLi\Connection->execute('UPDATE `offices...')
#2 C:\Users\Jec\Downloads\laragon-6.0.0\laragon-6.0.0\www\docutrack\system\Database\BaseConnection.php(606): CodeIgniter\Database\BaseConnection->simpleQuery('UPDATE `offices...')
#3 C:\Users\Jec\Downloads\laragon-6.0.0\laragon-6.0.0\www\docutrack\system\Database\BaseBuilder.php(2475): CodeIgniter\Database\BaseConnection->query('UPDATE `offices...', Array, false)
#4 C:\Users\Jec\Downloads\laragon-6.0.0\laragon-6.0.0\www\docutrack\app\Controllers\OfficeController.php(408): CodeIgniter\Database\BaseBuilder->update(Array)
#5 C:\Users\Jec\Downloads\laragon-6.0.0\laragon-6.0.0\www\docutrack\system\CodeIgniter.php(919): App\Controllers\OfficeController->updateProcessStatus()
#6 C:\Users\Jec\Downloads\laragon-6.0.0\laragon-6.0.0\www\docutrack\system\CodeIgniter.php(494): CodeIgniter\CodeIgniter->runController(Object(App\Controllers\OfficeController))
#7 C:\Users\Jec\Downloads\laragon-6.0.0\laragon-6.0.0\www\docutrack\system\CodeIgniter.php(353): CodeIgniter\CodeIgniter->handleRequest(NULL, Object(Config\Cache), false)
#8 C:\Users\Jec\Downloads\laragon-6.0.0\laragon-6.0.0\www\docutrack\public\index.php(79): CodeIgniter\CodeIgniter->run()
#9 C:\Users\Jec\Downloads\laragon-6.0.0\laragon-6.0.0\www\docutrack\system\Commands\Server\rewrite.php(47): require_once('C:\\Users\\Jec\\Do...')
#10 {main}
ERROR - 2024-04-10 07:08:21 --> mysqli_sql_exception: Table 'docutrack2.transactions' doesn't exist in C:\Users\Jec\Downloads\laragon-6.0.0\laragon-6.0.0\www\docutrack\system\Database\MySQLi\Connection.php:306
Stack trace:
#0 C:\Users\Jec\Downloads\laragon-6.0.0\laragon-6.0.0\www\docutrack\system\Database\MySQLi\Connection.php(306): mysqli->query('INSERT INTO `tr...', 0)
#1 C:\Users\Jec\Downloads\laragon-6.0.0\laragon-6.0.0\www\docutrack\system\Database\BaseConnection.php(692): CodeIgniter\Database\MySQLi\Connection->execute('INSERT INTO `tr...')
#2 C:\Users\Jec\Downloads\laragon-6.0.0\laragon-6.0.0\www\docutrack\system\Database\BaseConnection.php(606): CodeIgniter\Database\BaseConnection->simpleQuery('INSERT INTO `tr...')
#3 C:\Users\Jec\Downloads\laragon-6.0.0\laragon-6.0.0\www\docutrack\system\Database\BaseBuilder.php(2308): CodeIgniter\Database\BaseConnection->query('INSERT INTO `tr...', Array, false)
#4 C:\Users\Jec\Downloads\laragon-6.0.0\laragon-6.0.0\www\docutrack\app\Controllers\OfficeController.php(425): CodeIgniter\Database\BaseBuilder->insert(Array)
#5 C:\Users\Jec\Downloads\laragon-6.0.0\laragon-6.0.0\www\docutrack\system\CodeIgniter.php(919): App\Controllers\OfficeController->updateProcessStatus()
#6 C:\Users\Jec\Downloads\laragon-6.0.0\laragon-6.0.0\www\docutrack\system\CodeIgniter.php(494): CodeIgniter\CodeIgniter->runController(Object(App\Controllers\OfficeController))
#7 C:\Users\Jec\Downloads\laragon-6.0.0\laragon-6.0.0\www\docutrack\system\CodeIgniter.php(353): CodeIgniter\CodeIgniter->handleRequest(NULL, Object(Config\Cache), false)
#8 C:\Users\Jec\Downloads\laragon-6.0.0\laragon-6.0.0\www\docutrack\public\index.php(79): CodeIgniter\CodeIgniter->run()
#9 C:\Users\Jec\Downloads\laragon-6.0.0\laragon-6.0.0\www\docutrack\system\Commands\Server\rewrite.php(47): require_once('C:\\Users\\Jec\\Do...')
#10 {main}
ERROR - 2024-04-10 07:12:56 --> mysqli_sql_exception: Table 'docutrack2.offices_documents' doesn't exist in C:\Users\Jec\Downloads\laragon-6.0.0\laragon-6.0.0\www\docutrack\system\Database\MySQLi\Connection.php:306
Stack trace:
#0 C:\Users\Jec\Downloads\laragon-6.0.0\laragon-6.0.0\www\docutrack\system\Database\MySQLi\Connection.php(306): mysqli->query('UPDATE `offices...', 0)
#1 C:\Users\Jec\Downloads\laragon-6.0.0\laragon-6.0.0\www\docutrack\system\Database\BaseConnection.php(692): CodeIgniter\Database\MySQLi\Connection->execute('UPDATE `offices...')
#2 C:\Users\Jec\Downloads\laragon-6.0.0\laragon-6.0.0\www\docutrack\system\Database\BaseConnection.php(606): CodeIgniter\Database\BaseConnection->simpleQuery('UPDATE `offices...')
#3 C:\Users\Jec\Downloads\laragon-6.0.0\laragon-6.0.0\www\docutrack\system\Database\BaseBuilder.php(2475): CodeIgniter\Database\BaseConnection->query('UPDATE `offices...', Array, false)
#4 C:\Users\Jec\Downloads\laragon-6.0.0\laragon-6.0.0\www\docutrack\app\Controllers\OfficeController.php(408): CodeIgniter\Database\BaseBuilder->update(Array)
#5 C:\Users\Jec\Downloads\laragon-6.0.0\laragon-6.0.0\www\docutrack\system\CodeIgniter.php(919): App\Controllers\OfficeController->updateProcessStatus()
#6 C:\Users\Jec\Downloads\laragon-6.0.0\laragon-6.0.0\www\docutrack\system\CodeIgniter.php(494): CodeIgniter\CodeIgniter->runController(Object(App\Controllers\OfficeController))
#7 C:\Users\Jec\Downloads\laragon-6.0.0\laragon-6.0.0\www\docutrack\system\CodeIgniter.php(353): CodeIgniter\CodeIgniter->handleRequest(NULL, Object(Config\Cache), false)
#8 C:\Users\Jec\Downloads\laragon-6.0.0\laragon-6.0.0\www\docutrack\public\index.php(79): CodeIgniter\CodeIgniter->run()
#9 C:\Users\Jec\Downloads\laragon-6.0.0\laragon-6.0.0\www\docutrack\system\Commands\Server\rewrite.php(47): require_once('C:\\Users\\Jec\\Do...')
#10 {main}
ERROR - 2024-04-10 07:12:56 --> mysqli_sql_exception: Table 'docutrack2.transactions' doesn't exist in C:\Users\Jec\Downloads\laragon-6.0.0\laragon-6.0.0\www\docutrack\system\Database\MySQLi\Connection.php:306
Stack trace:
#0 C:\Users\Jec\Downloads\laragon-6.0.0\laragon-6.0.0\www\docutrack\system\Database\MySQLi\Connection.php(306): mysqli->query('INSERT INTO `tr...', 0)
#1 C:\Users\Jec\Downloads\laragon-6.0.0\laragon-6.0.0\www\docutrack\system\Database\BaseConnection.php(692): CodeIgniter\Database\MySQLi\Connection->execute('INSERT INTO `tr...')
#2 C:\Users\Jec\Downloads\laragon-6.0.0\laragon-6.0.0\www\docutrack\system\Database\BaseConnection.php(606): CodeIgniter\Database\BaseConnection->simpleQuery('INSERT INTO `tr...')
#3 C:\Users\Jec\Downloads\laragon-6.0.0\laragon-6.0.0\www\docutrack\system\Database\BaseBuilder.php(2308): CodeIgniter\Database\BaseConnection->query('INSERT INTO `tr...', Array, false)
#4 C:\Users\Jec\Downloads\laragon-6.0.0\laragon-6.0.0\www\docutrack\app\Controllers\OfficeController.php(425): CodeIgniter\Database\BaseBuilder->insert(Array)
#5 C:\Users\Jec\Downloads\laragon-6.0.0\laragon-6.0.0\www\docutrack\system\CodeIgniter.php(919): App\Controllers\OfficeController->updateProcessStatus()
#6 C:\Users\Jec\Downloads\laragon-6.0.0\laragon-6.0.0\www\docutrack\system\CodeIgniter.php(494): CodeIgniter\CodeIgniter->runController(Object(App\Controllers\OfficeController))
#7 C:\Users\Jec\Downloads\laragon-6.0.0\laragon-6.0.0\www\docutrack\system\CodeIgniter.php(353): CodeIgniter\CodeIgniter->handleRequest(NULL, Object(Config\Cache), false)
#8 C:\Users\Jec\Downloads\laragon-6.0.0\laragon-6.0.0\www\docutrack\public\index.php(79): CodeIgniter\CodeIgniter->run()
#9 C:\Users\Jec\Downloads\laragon-6.0.0\laragon-6.0.0\www\docutrack\system\Commands\Server\rewrite.php(47): require_once('C:\\Users\\Jec\\Do...')
#10 {main}
CRITICAL - 2024-04-10 07:18:11 --> Too few arguments to function App\Controllers\OfficeController::updateStatus(), 0 passed in C:\Users\Jec\Downloads\laragon-6.0.0\laragon-6.0.0\www\docutrack\system\CodeIgniter.php on line 919 and exactly 1 expected
in APPPATH\Controllers\OfficeController.php on line 351.
 1 SYSTEMPATH\CodeIgniter.php(919): App\Controllers\OfficeController->updateStatus()
 2 SYSTEMPATH\CodeIgniter.php(494): CodeIgniter\CodeIgniter->runController(Object(App\Controllers\OfficeController))
 3 SYSTEMPATH\CodeIgniter.php(353): CodeIgniter\CodeIgniter->handleRequest(null, Object(Config\Cache), false)
 4 FCPATH\index.php(79): CodeIgniter\CodeIgniter->run()
 5 SYSTEMPATH\Commands\Server\rewrite.php(47): require_once('C:\\Users\\Jec\\Downloads\\laragon-6.0.0\\laragon-6.0.0\\www\\docutrack\\public\\index.php')
CRITICAL - 2024-04-10 07:20:41 --> Too few arguments to function App\Controllers\OfficeController::updateStatus(), 0 passed in C:\Users\Jec\Downloads\laragon-6.0.0\laragon-6.0.0\www\docutrack\system\CodeIgniter.php on line 919 and exactly 1 expected
in APPPATH\Controllers\OfficeController.php on line 351.
 1 SYSTEMPATH\CodeIgniter.php(919): App\Controllers\OfficeController->updateStatus()
 2 SYSTEMPATH\CodeIgniter.php(494): CodeIgniter\CodeIgniter->runController(Object(App\Controllers\OfficeController))
 3 SYSTEMPATH\CodeIgniter.php(353): CodeIgniter\CodeIgniter->handleRequest(null, Object(Config\Cache), false)
 4 FCPATH\index.php(79): CodeIgniter\CodeIgniter->run()
 5 SYSTEMPATH\Commands\Server\rewrite.php(47): require_once('C:\\Users\\Jec\\Downloads\\laragon-6.0.0\\laragon-6.0.0\\www\\docutrack\\public\\index.php')
CRITICAL - 2024-04-10 07:25:14 --> Trait 'App\Controllers\ResponseTrait' not found
in APPPATH\Controllers\OfficeController.php on line 14.
 1 [internal function]: CodeIgniter\Debug\Exceptions->shutdownHandler()
CRITICAL - 2024-04-10 07:25:39 --> Call to undefined method App\Controllers\OfficeController::respond()
in APPPATH\Controllers\OfficeController.php on line 369.
 1 SYSTEMPATH\CodeIgniter.php(919): App\Controllers\OfficeController->updateStatus()
 2 SYSTEMPATH\CodeIgniter.php(494): CodeIgniter\CodeIgniter->runController(Object(App\Controllers\OfficeController))
 3 SYSTEMPATH\CodeIgniter.php(353): CodeIgniter\CodeIgniter->handleRequest(null, Object(Config\Cache), false)
 4 FCPATH\index.php(79): CodeIgniter\CodeIgniter->run()
 5 SYSTEMPATH\Commands\Server\rewrite.php(47): require_once('C:\\Users\\Jec\\Downloads\\laragon-6.0.0\\laragon-6.0.0\\www\\docutrack\\public\\index.php')
CRITICAL - 2024-04-10 07:26:18 --> Call to undefined method App\Controllers\OfficeController::respond()
in APPPATH\Controllers\OfficeController.php on line 369.
 1 SYSTEMPATH\CodeIgniter.php(919): App\Controllers\OfficeController->updateStatus()
 2 SYSTEMPATH\CodeIgniter.php(494): CodeIgniter\CodeIgniter->runController(Object(App\Controllers\OfficeController))
 3 SYSTEMPATH\CodeIgniter.php(353): CodeIgniter\CodeIgniter->handleRequest(null, Object(Config\Cache), false)
 4 FCPATH\index.php(79): CodeIgniter\CodeIgniter->run()
 5 SYSTEMPATH\Commands\Server\rewrite.php(47): require_once('C:\\Users\\Jec\\Downloads\\laragon-6.0.0\\laragon-6.0.0\\www\\docutrack\\public\\index.php')
CRITICAL - 2024-04-10 07:28:37 --> Call to undefined method App\Controllers\OfficeController::respond()
in APPPATH\Controllers\OfficeController.php on line 368.
 1 SYSTEMPATH\CodeIgniter.php(919): App\Controllers\OfficeController->updateStatus()
 2 SYSTEMPATH\CodeIgniter.php(494): CodeIgniter\CodeIgniter->runController(Object(App\Controllers\OfficeController))
 3 SYSTEMPATH\CodeIgniter.php(353): CodeIgniter\CodeIgniter->handleRequest(null, Object(Config\Cache), false)
 4 FCPATH\index.php(79): CodeIgniter\CodeIgniter->run()
 5 SYSTEMPATH\Commands\Server\rewrite.php(47): require_once('C:\\Users\\Jec\\Downloads\\laragon-6.0.0\\laragon-6.0.0\\www\\docutrack\\public\\index.php')
CRITICAL - 2024-04-10 07:28:46 --> Call to undefined method App\Controllers\OfficeController::respond()
in APPPATH\Controllers\OfficeController.php on line 368.
 1 SYSTEMPATH\CodeIgniter.php(919): App\Controllers\OfficeController->updateStatus()
 2 SYSTEMPATH\CodeIgniter.php(494): CodeIgniter\CodeIgniter->runController(Object(App\Controllers\OfficeController))
 3 SYSTEMPATH\CodeIgniter.php(353): CodeIgniter\CodeIgniter->handleRequest(null, Object(Config\Cache), false)
 4 FCPATH\index.php(79): CodeIgniter\CodeIgniter->run()
 5 SYSTEMPATH\Commands\Server\rewrite.php(47): require_once('C:\\Users\\Jec\\Downloads\\laragon-6.0.0\\laragon-6.0.0\\www\\docutrack\\public\\index.php')
CRITICAL - 2024-04-10 09:21:01 --> Call to undefined method App\Controllers\OfficeController::respond()
in APPPATH\Controllers\OfficeController.php on line 368.
 1 SYSTEMPATH\CodeIgniter.php(919): App\Controllers\OfficeController->updateStatus()
 2 SYSTEMPATH\CodeIgniter.php(494): CodeIgniter\CodeIgniter->runController(Object(App\Controllers\OfficeController))
 3 SYSTEMPATH\CodeIgniter.php(353): CodeIgniter\CodeIgniter->handleRequest(null, Object(Config\Cache), false)
 4 FCPATH\index.php(79): CodeIgniter\CodeIgniter->run()
 5 SYSTEMPATH\Commands\Server\rewrite.php(47): require_once('C:\\Users\\Jec\\Downloads\\laragon-6.0.0\\laragon-6.0.0\\www\\docutrack\\public\\index.php')
CRITICAL - 2024-04-10 09:22:06 --> Call to undefined method App\Controllers\OfficeController::respond()
in APPPATH\Controllers\OfficeController.php on line 368.
 1 SYSTEMPATH\CodeIgniter.php(919): App\Controllers\OfficeController->updateStatus()
 2 SYSTEMPATH\CodeIgniter.php(494): CodeIgniter\CodeIgniter->runController(Object(App\Controllers\OfficeController))
 3 SYSTEMPATH\CodeIgniter.php(353): CodeIgniter\CodeIgniter->handleRequest(null, Object(Config\Cache), false)
 4 FCPATH\index.php(79): CodeIgniter\CodeIgniter->run()
 5 SYSTEMPATH\Commands\Server\rewrite.php(47): require_once('C:\\Users\\Jec\\Downloads\\laragon-6.0.0\\laragon-6.0.0\\www\\docutrack\\public\\index.php')
CRITICAL - 2024-04-10 09:23:50 --> Call to undefined method App\Controllers\OfficeController::respond()
in APPPATH\Controllers\OfficeController.php on line 362.
 1 SYSTEMPATH\CodeIgniter.php(919): App\Controllers\OfficeController->updateStatus()
 2 SYSTEMPATH\CodeIgniter.php(494): CodeIgniter\CodeIgniter->runController(Object(App\Controllers\OfficeController))
 3 SYSTEMPATH\CodeIgniter.php(353): CodeIgniter\CodeIgniter->handleRequest(null, Object(Config\Cache), false)
 4 FCPATH\index.php(79): CodeIgniter\CodeIgniter->run()
 5 SYSTEMPATH\Commands\Server\rewrite.php(47): require_once('C:\\Users\\Jec\\Downloads\\laragon-6.0.0\\laragon-6.0.0\\www\\docutrack\\public\\index.php')
CRITICAL - 2024-04-10 09:24:37 --> Call to undefined method App\Controllers\OfficeController::respond()
in APPPATH\Controllers\OfficeController.php on line 358.
 1 SYSTEMPATH\CodeIgniter.php(919): App\Controllers\OfficeController->updateStatus()
 2 SYSTEMPATH\CodeIgniter.php(494): CodeIgniter\CodeIgniter->runController(Object(App\Controllers\OfficeController))
 3 SYSTEMPATH\CodeIgniter.php(353): CodeIgniter\CodeIgniter->handleRequest(null, Object(Config\Cache), false)
 4 FCPATH\index.php(79): CodeIgniter\CodeIgniter->run()
 5 SYSTEMPATH\Commands\Server\rewrite.php(47): require_once('C:\\Users\\Jec\\Downloads\\laragon-6.0.0\\laragon-6.0.0\\www\\docutrack\\public\\index.php')
CRITICAL - 2024-04-10 09:45:45 --> Call to undefined method App\Controllers\OfficeController::respond()
in APPPATH\Controllers\OfficeController.php on line 358.
 1 SYSTEMPATH\CodeIgniter.php(919): App\Controllers\OfficeController->updateStatus()
 2 SYSTEMPATH\CodeIgniter.php(494): CodeIgniter\CodeIgniter->runController(Object(App\Controllers\OfficeController))
 3 SYSTEMPATH\CodeIgniter.php(353): CodeIgniter\CodeIgniter->handleRequest(null, Object(Config\Cache), false)
 4 FCPATH\index.php(79): CodeIgniter\CodeIgniter->run()
 5 SYSTEMPATH\Commands\Server\rewrite.php(47): require_once('C:\\Users\\Jec\\Downloads\\laragon-6.0.0\\laragon-6.0.0\\www\\docutrack\\public\\index.php')
CRITICAL - 2024-04-10 09:45:59 --> Call to undefined method App\Controllers\OfficeController::respond()
in APPPATH\Controllers\OfficeController.php on line 358.
 1 SYSTEMPATH\CodeIgniter.php(919): App\Controllers\OfficeController->updateStatus()
 2 SYSTEMPATH\CodeIgniter.php(494): CodeIgniter\CodeIgniter->runController(Object(App\Controllers\OfficeController))
 3 SYSTEMPATH\CodeIgniter.php(353): CodeIgniter\CodeIgniter->handleRequest(null, Object(Config\Cache), false)
 4 FCPATH\index.php(79): CodeIgniter\CodeIgniter->run()
 5 SYSTEMPATH\Commands\Server\rewrite.php(47): require_once('C:\\Users\\Jec\\Downloads\\laragon-6.0.0\\laragon-6.0.0\\www\\docutrack\\public\\index.php')
