CRITICAL - 2024-04-21 07:43:10 --> Undefined array key "sender_office_id"
in APPPATH\Views\Admin\main-include\manageguestdocument.php on line 45.
 1 APPPATH\Views\Admin\main-include\manageguestdocument.php(45): CodeIgniter\Debug\Exceptions->errorHandler()
 2 APPPATH\Views\Admin\AdminManageDocument.php(47): include('C:\\laragon\\www\\docutrack\\app\\Views\\Admin\\main-include\\manageguestdocument.php')
 3 SYSTEMPATH\View\View.php(226): include('C:\\laragon\\www\\docutrack\\app\\Views\\Admin\\AdminManageDocument.php')
 4 SYSTEMPATH\View\View.php(229): CodeIgniter\View\View->CodeIgniter\View\{closure}()
 5 SYSTEMPATH\Common.php(1188): CodeIgniter\View\View->render()
 6 APPPATH\Controllers\AdminController.php(359): view()
 7 SYSTEMPATH\CodeIgniter.php(919): App\Controllers\AdminController->managedocument()
 8 SYSTEMPATH\CodeIgniter.php(494): CodeIgniter\CodeIgniter->runController()
 9 SYSTEMPATH\CodeIgniter.php(353): CodeIgniter\CodeIgniter->handleRequest()
10 FCPATH\index.php(79): CodeIgniter\CodeIgniter->run()
11 SYSTEMPATH\Commands\Server\rewrite.php(47): require_once('C:\\laragon\\www\\docutrack\\public\\index.php')
CRITICAL - 2024-04-21 07:44:04 --> Undefined array key "sender_office_id"
in APPPATH\Views\Admin\main-include\manageguestdocument.php on line 45.
 1 APPPATH\Views\Admin\main-include\manageguestdocument.php(45): CodeIgniter\Debug\Exceptions->errorHandler()
 2 APPPATH\Views\Admin\AdminManageDocument.php(47): include('C:\\laragon\\www\\docutrack\\app\\Views\\Admin\\main-include\\manageguestdocument.php')
 3 SYSTEMPATH\View\View.php(226): include('C:\\laragon\\www\\docutrack\\app\\Views\\Admin\\AdminManageDocument.php')
 4 SYSTEMPATH\View\View.php(229): CodeIgniter\View\View->CodeIgniter\View\{closure}()
 5 SYSTEMPATH\Common.php(1188): CodeIgniter\View\View->render()
 6 APPPATH\Controllers\AdminController.php(359): view()
 7 SYSTEMPATH\CodeIgniter.php(919): App\Controllers\AdminController->managedocument()
 8 SYSTEMPATH\CodeIgniter.php(494): CodeIgniter\CodeIgniter->runController()
 9 SYSTEMPATH\CodeIgniter.php(353): CodeIgniter\CodeIgniter->handleRequest()
10 FCPATH\index.php(79): CodeIgniter\CodeIgniter->run()
11 SYSTEMPATH\Commands\Server\rewrite.php(47): require_once('C:\\laragon\\www\\docutrack\\public\\index.php')
CRITICAL - 2024-04-21 07:49:48 --> Undefined array key "sender_office_id"
in APPPATH\Views\Admin\main-include\manageguestdocument.php on line 45.
 1 APPPATH\Views\Admin\main-include\manageguestdocument.php(45): CodeIgniter\Debug\Exceptions->errorHandler()
 2 APPPATH\Views\Admin\AdminManageDocument.php(47): include('C:\\laragon\\www\\docutrack\\app\\Views\\Admin\\main-include\\manageguestdocument.php')
 3 SYSTEMPATH\View\View.php(226): include('C:\\laragon\\www\\docutrack\\app\\Views\\Admin\\AdminManageDocument.php')
 4 SYSTEMPATH\View\View.php(229): CodeIgniter\View\View->CodeIgniter\View\{closure}()
 5 SYSTEMPATH\Common.php(1188): CodeIgniter\View\View->render()
 6 APPPATH\Controllers\AdminController.php(359): view()
 7 SYSTEMPATH\CodeIgniter.php(919): App\Controllers\AdminController->managedocument()
 8 SYSTEMPATH\CodeIgniter.php(494): CodeIgniter\CodeIgniter->runController()
 9 SYSTEMPATH\CodeIgniter.php(353): CodeIgniter\CodeIgniter->handleRequest()
10 FCPATH\index.php(79): CodeIgniter\CodeIgniter->run()
11 SYSTEMPATH\Commands\Server\rewrite.php(47): require_once('C:\\laragon\\www\\docutrack\\public\\index.php')
CRITICAL - 2024-04-21 07:50:59 --> Undefined array key "sender_office_id"
in APPPATH\Views\Admin\main-include\manageguestdocument.php on line 45.
 1 APPPATH\Views\Admin\main-include\manageguestdocument.php(45): CodeIgniter\Debug\Exceptions->errorHandler()
 2 APPPATH\Views\Admin\AdminManageDocument.php(47): include('C:\\laragon\\www\\docutrack\\app\\Views\\Admin\\main-include\\manageguestdocument.php')
 3 SYSTEMPATH\View\View.php(226): include('C:\\laragon\\www\\docutrack\\app\\Views\\Admin\\AdminManageDocument.php')
 4 SYSTEMPATH\View\View.php(229): CodeIgniter\View\View->CodeIgniter\View\{closure}()
 5 SYSTEMPATH\Common.php(1188): CodeIgniter\View\View->render()
 6 APPPATH\Controllers\AdminController.php(359): view()
 7 SYSTEMPATH\CodeIgniter.php(919): App\Controllers\AdminController->managedocument()
 8 SYSTEMPATH\CodeIgniter.php(494): CodeIgniter\CodeIgniter->runController()
 9 SYSTEMPATH\CodeIgniter.php(353): CodeIgniter\CodeIgniter->handleRequest()
10 FCPATH\index.php(79): CodeIgniter\CodeIgniter->run()
11 SYSTEMPATH\Commands\Server\rewrite.php(47): require_once('C:\\laragon\\www\\docutrack\\public\\index.php')
