CRITICAL - 2024-04-19 14:18:01 --> Undefined variable $totalUsers
in APPPATH\Views\Admin\main-include\dashboard.php on line 38.
 1 APPPATH\Views\Admin\main-include\dashboard.php(38): CodeIgniter\Debug\Exceptions->errorHandler()
 2 APPPATH\Views\Admin\AdminDashboard.php(34): include('C:\\laragon\\www\\docutrack\\app\\Views\\Admin\\main-include\\dashboard.php')
 3 SYSTEMPATH\View\View.php(226): include('C:\\laragon\\www\\docutrack\\app\\Views\\Admin\\AdminDashboard.php')
 4 SYSTEMPATH\View\View.php(229): CodeIgniter\View\View->CodeIgniter\View\{closure}()
 5 SYSTEMPATH\Common.php(1188): CodeIgniter\View\View->render()
 6 APPPATH\Controllers\AdminController.php(88): view()
 7 SYSTEMPATH\CodeIgniter.php(919): App\Controllers\AdminController->admindashboard()
 8 SYSTEMPATH\CodeIgniter.php(494): CodeIgniter\CodeIgniter->runController()
 9 SYSTEMPATH\CodeIgniter.php(353): CodeIgniter\CodeIgniter->handleRequest()
10 FCPATH\index.php(79): CodeIgniter\CodeIgniter->run()
11 SYSTEMPATH\Commands\Server\rewrite.php(47): require_once('C:\\laragon\\www\\docutrack\\public\\index.php')
CRITICAL - 2024-04-19 14:21:39 --> syntax error, unexpected token "/"
in APPPATH\Controllers\AdminController.php on line 75.
 1 SYSTEMPATH\Autoloader\Autoloader.php(285): CodeIgniter\Autoloader\Autoloader->includeFile()
 2 SYSTEMPATH\Autoloader\Autoloader.php(263): CodeIgniter\Autoloader\Autoloader->loadInNamespace()
 3 [internal function]: CodeIgniter\Autoloader\Autoloader->loadClass()
 4 SYSTEMPATH\CodeIgniter.php(877): class_exists()
 5 SYSTEMPATH\CodeIgniter.php(481): CodeIgniter\CodeIgniter->startController()
 6 SYSTEMPATH\CodeIgniter.php(353): CodeIgniter\CodeIgniter->handleRequest()
 7 FCPATH\index.php(79): CodeIgniter\CodeIgniter->run()
 8 SYSTEMPATH\Commands\Server\rewrite.php(47): require_once('C:\\laragon\\www\\docutrack\\public\\index.php')
CRITICAL - 2024-04-19 14:29:33 --> Undefined array key "sender_office_id"
in APPPATH\Views\Admin\main-include\manageguestdocument.php on line 45.
 1 APPPATH\Views\Admin\main-include\manageguestdocument.php(45): CodeIgniter\Debug\Exceptions->errorHandler()
 2 APPPATH\Views\Admin\AdminManageDocument.php(47): include('C:\\laragon\\www\\docutrack\\app\\Views\\Admin\\main-include\\manageguestdocument.php')
 3 SYSTEMPATH\View\View.php(226): include('C:\\laragon\\www\\docutrack\\app\\Views\\Admin\\AdminManageDocument.php')
 4 SYSTEMPATH\View\View.php(229): CodeIgniter\View\View->CodeIgniter\View\{closure}()
 5 SYSTEMPATH\Common.php(1188): CodeIgniter\View\View->render()
 6 APPPATH\Controllers\AdminController.php(359): view()
 7 SYSTEMPATH\CodeIgniter.php(919): App\Controllers\AdminController->managedocument()
 8 SYSTEMPATH\CodeIgniter.php(494): CodeIgniter\CodeIgniter->runController()
 9 SYSTEMPATH\CodeIgniter.php(353): CodeIgniter\CodeIgniter->handleRequest()
10 FCPATH\index.php(79): CodeIgniter\CodeIgniter->run()
11 SYSTEMPATH\Commands\Server\rewrite.php(47): require_once('C:\\laragon\\www\\docutrack\\public\\index.php')
CRITICAL - 2024-04-19 14:31:38 --> Undefined array key "first_name"
in APPPATH\Controllers\OfficeController.php on line 97.
 1 APPPATH\Controllers\OfficeController.php(97): CodeIgniter\Debug\Exceptions->errorHandler()
 2 SYSTEMPATH\CodeIgniter.php(919): App\Controllers\OfficeController->pending()
 3 SYSTEMPATH\CodeIgniter.php(494): CodeIgniter\CodeIgniter->runController()
 4 SYSTEMPATH\CodeIgniter.php(353): CodeIgniter\CodeIgniter->handleRequest()
 5 FCPATH\index.php(79): CodeIgniter\CodeIgniter->run()
 6 SYSTEMPATH\Commands\Server\rewrite.php(47): require_once('C:\\laragon\\www\\docutrack\\public\\index.php')
CRITICAL - 2024-04-19 14:32:34 --> Undefined array key "first_name"
in APPPATH\Controllers\OfficeController.php on line 97.
 1 APPPATH\Controllers\OfficeController.php(97): CodeIgniter\Debug\Exceptions->errorHandler()
 2 SYSTEMPATH\CodeIgniter.php(919): App\Controllers\OfficeController->pending()
 3 SYSTEMPATH\CodeIgniter.php(494): CodeIgniter\CodeIgniter->runController()
 4 SYSTEMPATH\CodeIgniter.php(353): CodeIgniter\CodeIgniter->handleRequest()
 5 FCPATH\index.php(79): CodeIgniter\CodeIgniter->run()
 6 SYSTEMPATH\Commands\Server\rewrite.php(47): require_once('C:\\laragon\\www\\docutrack\\public\\index.php')
CRITICAL - 2024-04-19 14:32:46 --> Undefined array key "first_name"
in APPPATH\Controllers\OfficeController.php on line 97.
 1 APPPATH\Controllers\OfficeController.php(97): CodeIgniter\Debug\Exceptions->errorHandler()
 2 SYSTEMPATH\CodeIgniter.php(919): App\Controllers\OfficeController->pending()
 3 SYSTEMPATH\CodeIgniter.php(494): CodeIgniter\CodeIgniter->runController()
 4 SYSTEMPATH\CodeIgniter.php(353): CodeIgniter\CodeIgniter->handleRequest()
 5 FCPATH\index.php(79): CodeIgniter\CodeIgniter->run()
 6 SYSTEMPATH\Commands\Server\rewrite.php(47): require_once('C:\\laragon\\www\\docutrack\\public\\index.php')
CRITICAL - 2024-04-19 14:33:22 --> Undefined array key "first_name"
in APPPATH\Controllers\OfficeController.php on line 97.
 1 APPPATH\Controllers\OfficeController.php(97): CodeIgniter\Debug\Exceptions->errorHandler()
 2 SYSTEMPATH\CodeIgniter.php(919): App\Controllers\OfficeController->pending()
 3 SYSTEMPATH\CodeIgniter.php(494): CodeIgniter\CodeIgniter->runController()
 4 SYSTEMPATH\CodeIgniter.php(353): CodeIgniter\CodeIgniter->handleRequest()
 5 FCPATH\index.php(79): CodeIgniter\CodeIgniter->run()
 6 SYSTEMPATH\Commands\Server\rewrite.php(47): require_once('C:\\laragon\\www\\docutrack\\public\\index.php')
CRITICAL - 2024-04-19 14:35:23 --> Undefined variable $senderUserModel
in APPPATH\Controllers\OfficeController.php on line 90.
 1 APPPATH\Controllers\OfficeController.php(90): CodeIgniter\Debug\Exceptions->errorHandler()
 2 SYSTEMPATH\CodeIgniter.php(919): App\Controllers\OfficeController->pending()
 3 SYSTEMPATH\CodeIgniter.php(494): CodeIgniter\CodeIgniter->runController()
 4 SYSTEMPATH\CodeIgniter.php(353): CodeIgniter\CodeIgniter->handleRequest()
 5 FCPATH\index.php(79): CodeIgniter\CodeIgniter->run()
 6 SYSTEMPATH\Commands\Server\rewrite.php(47): require_once('C:\\laragon\\www\\docutrack\\public\\index.php')
CRITICAL - 2024-04-19 14:37:42 --> Undefined variable $senderUserModel
in APPPATH\Controllers\OfficeController.php on line 90.
 1 APPPATH\Controllers\OfficeController.php(90): CodeIgniter\Debug\Exceptions->errorHandler()
 2 SYSTEMPATH\CodeIgniter.php(919): App\Controllers\OfficeController->pending()
 3 SYSTEMPATH\CodeIgniter.php(494): CodeIgniter\CodeIgniter->runController()
 4 SYSTEMPATH\CodeIgniter.php(353): CodeIgniter\CodeIgniter->handleRequest()
 5 FCPATH\index.php(79): CodeIgniter\CodeIgniter->run()
 6 SYSTEMPATH\Commands\Server\rewrite.php(47): require_once('C:\\laragon\\www\\docutrack\\public\\index.php')
CRITICAL - 2024-04-19 14:39:00 --> Undefined array key "first_name"
in APPPATH\Controllers\OfficeController.php on line 99.
 1 APPPATH\Controllers\OfficeController.php(99): CodeIgniter\Debug\Exceptions->errorHandler()
 2 SYSTEMPATH\CodeIgniter.php(919): App\Controllers\OfficeController->pending()
 3 SYSTEMPATH\CodeIgniter.php(494): CodeIgniter\CodeIgniter->runController()
 4 SYSTEMPATH\CodeIgniter.php(353): CodeIgniter\CodeIgniter->handleRequest()
 5 FCPATH\index.php(79): CodeIgniter\CodeIgniter->run()
 6 SYSTEMPATH\Commands\Server\rewrite.php(47): require_once('C:\\laragon\\www\\docutrack\\public\\index.php')
CRITICAL - 2024-04-19 14:52:22 --> Undefined variable $senderUserModel
in APPPATH\Controllers\OfficeController.php on line 90.
 1 APPPATH\Controllers\OfficeController.php(90): CodeIgniter\Debug\Exceptions->errorHandler()
 2 SYSTEMPATH\CodeIgniter.php(919): App\Controllers\OfficeController->pending()
 3 SYSTEMPATH\CodeIgniter.php(494): CodeIgniter\CodeIgniter->runController()
 4 SYSTEMPATH\CodeIgniter.php(353): CodeIgniter\CodeIgniter->handleRequest()
 5 FCPATH\index.php(79): CodeIgniter\CodeIgniter->run()
 6 SYSTEMPATH\Commands\Server\rewrite.php(47): require_once('C:\\laragon\\www\\docutrack\\public\\index.php')
CRITICAL - 2024-04-19 14:53:26 --> Undefined variable $senderUserModel
in APPPATH\Controllers\OfficeController.php on line 90.
 1 APPPATH\Controllers\OfficeController.php(90): CodeIgniter\Debug\Exceptions->errorHandler()
 2 SYSTEMPATH\CodeIgniter.php(919): App\Controllers\OfficeController->pending()
 3 SYSTEMPATH\CodeIgniter.php(494): CodeIgniter\CodeIgniter->runController()
 4 SYSTEMPATH\CodeIgniter.php(353): CodeIgniter\CodeIgniter->handleRequest()
 5 FCPATH\index.php(79): CodeIgniter\CodeIgniter->run()
 6 SYSTEMPATH\Commands\Server\rewrite.php(47): require_once('C:\\laragon\\www\\docutrack\\public\\index.php')
CRITICAL - 2024-04-19 14:53:53 --> Undefined variable $senderUserModel
in APPPATH\Controllers\OfficeController.php on line 90.
 1 APPPATH\Controllers\OfficeController.php(90): CodeIgniter\Debug\Exceptions->errorHandler()
 2 SYSTEMPATH\CodeIgniter.php(919): App\Controllers\OfficeController->pending()
 3 SYSTEMPATH\CodeIgniter.php(494): CodeIgniter\CodeIgniter->runController()
 4 SYSTEMPATH\CodeIgniter.php(353): CodeIgniter\CodeIgniter->handleRequest()
 5 FCPATH\index.php(79): CodeIgniter\CodeIgniter->run()
 6 SYSTEMPATH\Commands\Server\rewrite.php(47): require_once('C:\\laragon\\www\\docutrack\\public\\index.php')
CRITICAL - 2024-04-19 14:54:30 --> Undefined array key "first_name"
in APPPATH\Controllers\OfficeController.php on line 97.
 1 APPPATH\Controllers\OfficeController.php(97): CodeIgniter\Debug\Exceptions->errorHandler()
 2 SYSTEMPATH\CodeIgniter.php(919): App\Controllers\OfficeController->pending()
 3 SYSTEMPATH\CodeIgniter.php(494): CodeIgniter\CodeIgniter->runController()
 4 SYSTEMPATH\CodeIgniter.php(353): CodeIgniter\CodeIgniter->handleRequest()
 5 FCPATH\index.php(79): CodeIgniter\CodeIgniter->run()
 6 SYSTEMPATH\Commands\Server\rewrite.php(47): require_once('C:\\laragon\\www\\docutrack\\public\\index.php')
CRITICAL - 2024-04-19 14:55:13 --> Undefined array key "first_name"
in APPPATH\Controllers\OfficeController.php on line 97.
 1 APPPATH\Controllers\OfficeController.php(97): CodeIgniter\Debug\Exceptions->errorHandler()
 2 SYSTEMPATH\CodeIgniter.php(919): App\Controllers\OfficeController->pending()
 3 SYSTEMPATH\CodeIgniter.php(494): CodeIgniter\CodeIgniter->runController()
 4 SYSTEMPATH\CodeIgniter.php(353): CodeIgniter\CodeIgniter->handleRequest()
 5 FCPATH\index.php(79): CodeIgniter\CodeIgniter->run()
 6 SYSTEMPATH\Commands\Server\rewrite.php(47): require_once('C:\\laragon\\www\\docutrack\\public\\index.php')
CRITICAL - 2024-04-19 14:55:33 --> Undefined variable $sender_id
in APPPATH\Controllers\OfficeController.php on line 91.
 1 APPPATH\Controllers\OfficeController.php(91): CodeIgniter\Debug\Exceptions->errorHandler()
 2 SYSTEMPATH\CodeIgniter.php(919): App\Controllers\OfficeController->pending()
 3 SYSTEMPATH\CodeIgniter.php(494): CodeIgniter\CodeIgniter->runController()
 4 SYSTEMPATH\CodeIgniter.php(353): CodeIgniter\CodeIgniter->handleRequest()
 5 FCPATH\index.php(79): CodeIgniter\CodeIgniter->run()
 6 SYSTEMPATH\Commands\Server\rewrite.php(47): require_once('C:\\laragon\\www\\docutrack\\public\\index.php')
CRITICAL - 2024-04-19 14:56:58 --> Undefined array key "first_name"
in APPPATH\Controllers\OfficeController.php on line 97.
 1 APPPATH\Controllers\OfficeController.php(97): CodeIgniter\Debug\Exceptions->errorHandler()
 2 SYSTEMPATH\CodeIgniter.php(919): App\Controllers\OfficeController->pending()
 3 SYSTEMPATH\CodeIgniter.php(494): CodeIgniter\CodeIgniter->runController()
 4 SYSTEMPATH\CodeIgniter.php(353): CodeIgniter\CodeIgniter->handleRequest()
 5 FCPATH\index.php(79): CodeIgniter\CodeIgniter->run()
 6 SYSTEMPATH\Commands\Server\rewrite.php(47): require_once('C:\\laragon\\www\\docutrack\\public\\index.php')
CRITICAL - 2024-04-19 14:57:59 --> Undefined array key "first_name"
in APPPATH\Controllers\OfficeController.php on line 97.
 1 APPPATH\Controllers\OfficeController.php(97): CodeIgniter\Debug\Exceptions->errorHandler()
 2 SYSTEMPATH\CodeIgniter.php(919): App\Controllers\OfficeController->pending()
 3 SYSTEMPATH\CodeIgniter.php(494): CodeIgniter\CodeIgniter->runController()
 4 SYSTEMPATH\CodeIgniter.php(353): CodeIgniter\CodeIgniter->handleRequest()
 5 FCPATH\index.php(79): CodeIgniter\CodeIgniter->run()
 6 SYSTEMPATH\Commands\Server\rewrite.php(47): require_once('C:\\laragon\\www\\docutrack\\public\\index.php')
CRITICAL - 2024-04-19 14:58:01 --> Undefined array key "first_name"
in APPPATH\Controllers\OfficeController.php on line 97.
 1 APPPATH\Controllers\OfficeController.php(97): CodeIgniter\Debug\Exceptions->errorHandler()
 2 SYSTEMPATH\CodeIgniter.php(919): App\Controllers\OfficeController->pending()
 3 SYSTEMPATH\CodeIgniter.php(494): CodeIgniter\CodeIgniter->runController()
 4 SYSTEMPATH\CodeIgniter.php(353): CodeIgniter\CodeIgniter->handleRequest()
 5 FCPATH\index.php(79): CodeIgniter\CodeIgniter->run()
 6 SYSTEMPATH\Commands\Server\rewrite.php(47): require_once('C:\\laragon\\www\\docutrack\\public\\index.php')
CRITICAL - 2024-04-19 15:01:57 --> Undefined array key "sender_id"
in APPPATH\Views\Office\main-include\pending.php on line 23.
 1 APPPATH\Views\Office\main-include\pending.php(23): CodeIgniter\Debug\Exceptions->errorHandler()
 2 APPPATH\Views\Office\Pending.php(34): include('C:\\laragon\\www\\docutrack\\app\\Views\\Office\\main-include\\pending.php')
 3 SYSTEMPATH\View\View.php(226): include('C:\\laragon\\www\\docutrack\\app\\Views\\Office\\Pending.php')
 4 SYSTEMPATH\View\View.php(229): CodeIgniter\View\View->CodeIgniter\View\{closure}()
 5 SYSTEMPATH\Common.php(1188): CodeIgniter\View\View->render()
 6 APPPATH\Controllers\OfficeController.php(105): view()
 7 SYSTEMPATH\CodeIgniter.php(919): App\Controllers\OfficeController->pending()
 8 SYSTEMPATH\CodeIgniter.php(494): CodeIgniter\CodeIgniter->runController()
 9 SYSTEMPATH\CodeIgniter.php(353): CodeIgniter\CodeIgniter->handleRequest()
10 FCPATH\index.php(79): CodeIgniter\CodeIgniter->run()
11 SYSTEMPATH\Commands\Server\rewrite.php(47): require_once('C:\\laragon\\www\\docutrack\\public\\index.php')
CRITICAL - 2024-04-19 15:04:36 --> Undefined property: stdClass::$id
in APPPATH\Views\Office\Trash.php on line 54.
 1 APPPATH\Views\Office\Trash.php(54): CodeIgniter\Debug\Exceptions->errorHandler()
 2 SYSTEMPATH\View\View.php(226): include('C:\\laragon\\www\\docutrack\\app\\Views\\Office\\Trash.php')
 3 SYSTEMPATH\View\View.php(229): CodeIgniter\View\View->CodeIgniter\View\{closure}()
 4 SYSTEMPATH\Common.php(1188): CodeIgniter\View\View->render()
 5 APPPATH\Controllers\OfficeController.php(567): view()
 6 SYSTEMPATH\CodeIgniter.php(919): App\Controllers\OfficeController->trash()
 7 SYSTEMPATH\CodeIgniter.php(494): CodeIgniter\CodeIgniter->runController()
 8 SYSTEMPATH\CodeIgniter.php(353): CodeIgniter\CodeIgniter->handleRequest()
 9 FCPATH\index.php(79): CodeIgniter\CodeIgniter->run()
10 SYSTEMPATH\Commands\Server\rewrite.php(47): require_once('C:\\laragon\\www\\docutrack\\public\\index.php')
CRITICAL - 2024-04-19 15:22:41 --> Undefined property: stdClass::$id
in APPPATH\Views\Office\Trash.php on line 54.
 1 APPPATH\Views\Office\Trash.php(54): CodeIgniter\Debug\Exceptions->errorHandler()
 2 SYSTEMPATH\View\View.php(226): include('C:\\laragon\\www\\docutrack\\app\\Views\\Office\\Trash.php')
 3 SYSTEMPATH\View\View.php(229): CodeIgniter\View\View->CodeIgniter\View\{closure}()
 4 SYSTEMPATH\Common.php(1188): CodeIgniter\View\View->render()
 5 APPPATH\Controllers\OfficeController.php(567): view()
 6 SYSTEMPATH\CodeIgniter.php(919): App\Controllers\OfficeController->trash()
 7 SYSTEMPATH\CodeIgniter.php(494): CodeIgniter\CodeIgniter->runController()
 8 SYSTEMPATH\CodeIgniter.php(353): CodeIgniter\CodeIgniter->handleRequest()
 9 FCPATH\index.php(79): CodeIgniter\CodeIgniter->run()
10 SYSTEMPATH\Commands\Server\rewrite.php(47): require_once('C:\\laragon\\www\\docutrack\\public\\index.php')
