ERROR - 2024-04-08 00:13:30 --> mysqli_sql_exception: Table 'document_tracking.officedocuments' doesn't exist in C:\Users\Jec\Downloads\laragon-6.0.0\laragon-6.0.0\www\docutrack\system\Database\MySQLi\Connection.php:306
Stack trace:
#0 C:\Users\Jec\Downloads\laragon-6.0.0\laragon-6.0.0\www\docutrack\system\Database\MySQLi\Connection.php(306): mysqli->query('SELECT COUNT(*)...', 0)
#1 C:\Users\Jec\Downloads\laragon-6.0.0\laragon-6.0.0\www\docutrack\system\Database\BaseConnection.php(692): CodeIgniter\Database\MySQLi\Connection->execute('SELECT COUNT(*)...')
#2 C:\Users\Jec\Downloads\laragon-6.0.0\laragon-6.0.0\www\docutrack\system\Database\BaseConnection.php(606): CodeIgniter\Database\BaseConnection->simpleQuery('SELECT COUNT(*)...')
#3 C:\Users\Jec\Downloads\laragon-6.0.0\laragon-6.0.0\www\docutrack\system\Database\BaseBuilder.php(1615): CodeIgniter\Database\BaseConnection->query('SELECT COUNT(*)...', Array, false)
#4 C:\Users\Jec\Downloads\laragon-6.0.0\laragon-6.0.0\www\docutrack\app\Controllers\OfficeController.php(28): CodeIgniter\Database\BaseBuilder->get()
#5 C:\Users\Jec\Downloads\laragon-6.0.0\laragon-6.0.0\www\docutrack\system\CodeIgniter.php(919): App\Controllers\OfficeController->index()
#6 C:\Users\Jec\Downloads\laragon-6.0.0\laragon-6.0.0\www\docutrack\system\CodeIgniter.php(494): CodeIgniter\CodeIgniter->runController(Object(App\Controllers\OfficeController))
#7 C:\Users\Jec\Downloads\laragon-6.0.0\laragon-6.0.0\www\docutrack\system\CodeIgniter.php(353): CodeIgniter\CodeIgniter->handleRequest(NULL, Object(Config\Cache), false)
#8 C:\Users\Jec\Downloads\laragon-6.0.0\laragon-6.0.0\www\docutrack\public\index.php(79): CodeIgniter\CodeIgniter->run()
#9 C:\Users\Jec\Downloads\laragon-6.0.0\laragon-6.0.0\www\docutrack\system\Commands\Server\rewrite.php(47): require_once('C:\\Users\\Jec\\Do...')
#10 {main}
CRITICAL - 2024-04-08 00:13:30 --> Table 'document_tracking.officedocuments' doesn't exist
in SYSTEMPATH\Database\BaseConnection.php on line 646.
 1 SYSTEMPATH\Database\BaseBuilder.php(1615): CodeIgniter\Database\BaseConnection->query('SELECT COUNT(*) as count
FROM `officedocuments`
WHERE `office_id` IS NULL
AND `status` = :status:', [...], false)
 2 APPPATH\Controllers\OfficeController.php(28): CodeIgniter\Database\BaseBuilder->get()
 3 SYSTEMPATH\CodeIgniter.php(919): App\Controllers\OfficeController->index()
 4 SYSTEMPATH\CodeIgniter.php(494): CodeIgniter\CodeIgniter->runController(Object(App\Controllers\OfficeController))
 5 SYSTEMPATH\CodeIgniter.php(353): CodeIgniter\CodeIgniter->handleRequest(null, Object(Config\Cache), false)
 6 FCPATH\index.php(79): CodeIgniter\CodeIgniter->run()
 7 SYSTEMPATH\Commands\Server\rewrite.php(47): require_once('C:\\Users\\Jec\\Downloads\\laragon-6.0.0\\laragon-6.0.0\\www\\docutrack\\public\\index.php')
ERROR - 2024-04-08 00:13:50 --> mysqli_sql_exception: Table 'document_tracking.office_documents' doesn't exist in C:\Users\Jec\Downloads\laragon-6.0.0\laragon-6.0.0\www\docutrack\system\Database\MySQLi\Connection.php:306
Stack trace:
#0 C:\Users\Jec\Downloads\laragon-6.0.0\laragon-6.0.0\www\docutrack\system\Database\MySQLi\Connection.php(306): mysqli->query('SELECT COUNT(*)...', 0)
#1 C:\Users\Jec\Downloads\laragon-6.0.0\laragon-6.0.0\www\docutrack\system\Database\BaseConnection.php(692): CodeIgniter\Database\MySQLi\Connection->execute('SELECT COUNT(*)...')
#2 C:\Users\Jec\Downloads\laragon-6.0.0\laragon-6.0.0\www\docutrack\system\Database\BaseConnection.php(606): CodeIgniter\Database\BaseConnection->simpleQuery('SELECT COUNT(*)...')
#3 C:\Users\Jec\Downloads\laragon-6.0.0\laragon-6.0.0\www\docutrack\system\Database\BaseBuilder.php(1615): CodeIgniter\Database\BaseConnection->query('SELECT COUNT(*)...', Array, false)
#4 C:\Users\Jec\Downloads\laragon-6.0.0\laragon-6.0.0\www\docutrack\app\Controllers\OfficeController.php(28): CodeIgniter\Database\BaseBuilder->get()
#5 C:\Users\Jec\Downloads\laragon-6.0.0\laragon-6.0.0\www\docutrack\system\CodeIgniter.php(919): App\Controllers\OfficeController->index()
#6 C:\Users\Jec\Downloads\laragon-6.0.0\laragon-6.0.0\www\docutrack\system\CodeIgniter.php(494): CodeIgniter\CodeIgniter->runController(Object(App\Controllers\OfficeController))
#7 C:\Users\Jec\Downloads\laragon-6.0.0\laragon-6.0.0\www\docutrack\system\CodeIgniter.php(353): CodeIgniter\CodeIgniter->handleRequest(NULL, Object(Config\Cache), false)
#8 C:\Users\Jec\Downloads\laragon-6.0.0\laragon-6.0.0\www\docutrack\public\index.php(79): CodeIgniter\CodeIgniter->run()
#9 C:\Users\Jec\Downloads\laragon-6.0.0\laragon-6.0.0\www\docutrack\system\Commands\Server\rewrite.php(47): require_once('C:\\Users\\Jec\\Do...')
#10 {main}
CRITICAL - 2024-04-08 00:13:50 --> Table 'document_tracking.office_documents' doesn't exist
in SYSTEMPATH\Database\BaseConnection.php on line 646.
 1 SYSTEMPATH\Database\BaseBuilder.php(1615): CodeIgniter\Database\BaseConnection->query('SELECT COUNT(*) as count
FROM `office_documents`
WHERE `office_id` IS NULL
AND `status` = :status:', [...], false)
 2 APPPATH\Controllers\OfficeController.php(28): CodeIgniter\Database\BaseBuilder->get()
 3 SYSTEMPATH\CodeIgniter.php(919): App\Controllers\OfficeController->index()
 4 SYSTEMPATH\CodeIgniter.php(494): CodeIgniter\CodeIgniter->runController(Object(App\Controllers\OfficeController))
 5 SYSTEMPATH\CodeIgniter.php(353): CodeIgniter\CodeIgniter->handleRequest(null, Object(Config\Cache), false)
 6 FCPATH\index.php(79): CodeIgniter\CodeIgniter->run()
 7 SYSTEMPATH\Commands\Server\rewrite.php(47): require_once('C:\\Users\\Jec\\Downloads\\laragon-6.0.0\\laragon-6.0.0\\www\\docutrack\\public\\index.php')
ERROR - 2024-04-08 00:17:01 --> mysqli_sql_exception: Table 'document_tracking.officedocuments' doesn't exist in C:\Users\Jec\Downloads\laragon-6.0.0\laragon-6.0.0\www\docutrack\system\Database\MySQLi\Connection.php:306
Stack trace:
#0 C:\Users\Jec\Downloads\laragon-6.0.0\laragon-6.0.0\www\docutrack\system\Database\MySQLi\Connection.php(306): mysqli->query('SELECT COUNT(*)...', 0)
#1 C:\Users\Jec\Downloads\laragon-6.0.0\laragon-6.0.0\www\docutrack\system\Database\BaseConnection.php(692): CodeIgniter\Database\MySQLi\Connection->execute('SELECT COUNT(*)...')
#2 C:\Users\Jec\Downloads\laragon-6.0.0\laragon-6.0.0\www\docutrack\system\Database\BaseConnection.php(606): CodeIgniter\Database\BaseConnection->simpleQuery('SELECT COUNT(*)...')
#3 C:\Users\Jec\Downloads\laragon-6.0.0\laragon-6.0.0\www\docutrack\system\Database\BaseBuilder.php(1615): CodeIgniter\Database\BaseConnection->query('SELECT COUNT(*)...', Array, false)
#4 C:\Users\Jec\Downloads\laragon-6.0.0\laragon-6.0.0\www\docutrack\app\Controllers\OfficeController.php(28): CodeIgniter\Database\BaseBuilder->get()
#5 C:\Users\Jec\Downloads\laragon-6.0.0\laragon-6.0.0\www\docutrack\system\CodeIgniter.php(919): App\Controllers\OfficeController->index()
#6 C:\Users\Jec\Downloads\laragon-6.0.0\laragon-6.0.0\www\docutrack\system\CodeIgniter.php(494): CodeIgniter\CodeIgniter->runController(Object(App\Controllers\OfficeController))
#7 C:\Users\Jec\Downloads\laragon-6.0.0\laragon-6.0.0\www\docutrack\system\CodeIgniter.php(353): CodeIgniter\CodeIgniter->handleRequest(NULL, Object(Config\Cache), false)
#8 C:\Users\Jec\Downloads\laragon-6.0.0\laragon-6.0.0\www\docutrack\public\index.php(79): CodeIgniter\CodeIgniter->run()
#9 C:\Users\Jec\Downloads\laragon-6.0.0\laragon-6.0.0\www\docutrack\system\Commands\Server\rewrite.php(47): require_once('C:\\Users\\Jec\\Do...')
#10 {main}
CRITICAL - 2024-04-08 00:17:01 --> Table 'document_tracking.officedocuments' doesn't exist
in SYSTEMPATH\Database\BaseConnection.php on line 646.
 1 SYSTEMPATH\Database\BaseBuilder.php(1615): CodeIgniter\Database\BaseConnection->query('SELECT COUNT(*) as count
FROM `officedocuments`
WHERE `office_id` IS NULL
AND `status` = :status:', [...], false)
 2 APPPATH\Controllers\OfficeController.php(28): CodeIgniter\Database\BaseBuilder->get()
 3 SYSTEMPATH\CodeIgniter.php(919): App\Controllers\OfficeController->index()
 4 SYSTEMPATH\CodeIgniter.php(494): CodeIgniter\CodeIgniter->runController(Object(App\Controllers\OfficeController))
 5 SYSTEMPATH\CodeIgniter.php(353): CodeIgniter\CodeIgniter->handleRequest(null, Object(Config\Cache), false)
 6 FCPATH\index.php(79): CodeIgniter\CodeIgniter->run()
 7 SYSTEMPATH\Commands\Server\rewrite.php(47): require_once('C:\\Users\\Jec\\Downloads\\laragon-6.0.0\\laragon-6.0.0\\www\\docutrack\\public\\index.php')
ERROR - 2024-04-08 00:52:17 --> mysqli_sql_exception: Unknown column 'offices_documents.action' in 'field list' in C:\Users\Jec\Downloads\laragon-6.0.0\laragon-6.0.0\www\docutrack\system\Database\MySQLi\Connection.php:306
Stack trace:
#0 C:\Users\Jec\Downloads\laragon-6.0.0\laragon-6.0.0\www\docutrack\system\Database\MySQLi\Connection.php(306): mysqli->query('SELECT `documen...', 0)
#1 C:\Users\Jec\Downloads\laragon-6.0.0\laragon-6.0.0\www\docutrack\system\Database\BaseConnection.php(692): CodeIgniter\Database\MySQLi\Connection->execute('SELECT `documen...')
#2 C:\Users\Jec\Downloads\laragon-6.0.0\laragon-6.0.0\www\docutrack\system\Database\BaseConnection.php(606): CodeIgniter\Database\BaseConnection->simpleQuery('SELECT `documen...')
#3 C:\Users\Jec\Downloads\laragon-6.0.0\laragon-6.0.0\www\docutrack\system\Database\BaseBuilder.php(1615): CodeIgniter\Database\BaseConnection->query('SELECT `documen...', Array, false)
#4 C:\Users\Jec\Downloads\laragon-6.0.0\laragon-6.0.0\www\docutrack\app\Controllers\OfficeController.php(29): CodeIgniter\Database\BaseBuilder->get()
#5 C:\Users\Jec\Downloads\laragon-6.0.0\laragon-6.0.0\www\docutrack\system\CodeIgniter.php(919): App\Controllers\OfficeController->index()
#6 C:\Users\Jec\Downloads\laragon-6.0.0\laragon-6.0.0\www\docutrack\system\CodeIgniter.php(494): CodeIgniter\CodeIgniter->runController(Object(App\Controllers\OfficeController))
#7 C:\Users\Jec\Downloads\laragon-6.0.0\laragon-6.0.0\www\docutrack\system\CodeIgniter.php(353): CodeIgniter\CodeIgniter->handleRequest(NULL, Object(Config\Cache), false)
#8 C:\Users\Jec\Downloads\laragon-6.0.0\laragon-6.0.0\www\docutrack\public\index.php(79): CodeIgniter\CodeIgniter->run()
#9 C:\Users\Jec\Downloads\laragon-6.0.0\laragon-6.0.0\www\docutrack\system\Commands\Server\rewrite.php(47): require_once('C:\\Users\\Jec\\Do...')
#10 {main}
CRITICAL - 2024-04-08 00:52:17 --> Unknown column 'offices_documents.action' in 'field list'
in SYSTEMPATH\Database\BaseConnection.php on line 646.
 1 SYSTEMPATH\Database\BaseBuilder.php(1615): CodeIgniter\Database\BaseConnection->query('SELECT `documents`.`title`, `documents`.`tracking_number`, `documents`.`sender_user_id`, `documents`.`sender_office_id`, `offices_documents`.`status`, `offices_documents`.`action`, `offices_documents`.`document_id`
FROM `offices_documents`
JOIN `documents` ON `documents`.`id` = `offices_documents`.`document_id`
WHERE `offices_documents`.`office_id` IS NULL', [], false)
 2 APPPATH\Controllers\OfficeController.php(29): CodeIgniter\Database\BaseBuilder->get()
 3 SYSTEMPATH\CodeIgniter.php(919): App\Controllers\OfficeController->index()
 4 SYSTEMPATH\CodeIgniter.php(494): CodeIgniter\CodeIgniter->runController(Object(App\Controllers\OfficeController))
 5 SYSTEMPATH\CodeIgniter.php(353): CodeIgniter\CodeIgniter->handleRequest(null, Object(Config\Cache), false)
 6 FCPATH\index.php(79): CodeIgniter\CodeIgniter->run()
 7 SYSTEMPATH\Commands\Server\rewrite.php(47): require_once('C:\\Users\\Jec\\Downloads\\laragon-6.0.0\\laragon-6.0.0\\www\\docutrack\\public\\index.php')
ERROR - 2024-04-08 00:52:36 --> mysqli_sql_exception: Unknown column 'documents.id' in 'on clause' in C:\Users\Jec\Downloads\laragon-6.0.0\laragon-6.0.0\www\docutrack\system\Database\MySQLi\Connection.php:306
Stack trace:
#0 C:\Users\Jec\Downloads\laragon-6.0.0\laragon-6.0.0\www\docutrack\system\Database\MySQLi\Connection.php(306): mysqli->query('SELECT `documen...', 0)
#1 C:\Users\Jec\Downloads\laragon-6.0.0\laragon-6.0.0\www\docutrack\system\Database\BaseConnection.php(692): CodeIgniter\Database\MySQLi\Connection->execute('SELECT `documen...')
#2 C:\Users\Jec\Downloads\laragon-6.0.0\laragon-6.0.0\www\docutrack\system\Database\BaseConnection.php(606): CodeIgniter\Database\BaseConnection->simpleQuery('SELECT `documen...')
#3 C:\Users\Jec\Downloads\laragon-6.0.0\laragon-6.0.0\www\docutrack\system\Database\BaseBuilder.php(1615): CodeIgniter\Database\BaseConnection->query('SELECT `documen...', Array, false)
#4 C:\Users\Jec\Downloads\laragon-6.0.0\laragon-6.0.0\www\docutrack\app\Controllers\OfficeController.php(29): CodeIgniter\Database\BaseBuilder->get()
#5 C:\Users\Jec\Downloads\laragon-6.0.0\laragon-6.0.0\www\docutrack\system\CodeIgniter.php(919): App\Controllers\OfficeController->index()
#6 C:\Users\Jec\Downloads\laragon-6.0.0\laragon-6.0.0\www\docutrack\system\CodeIgniter.php(494): CodeIgniter\CodeIgniter->runController(Object(App\Controllers\OfficeController))
#7 C:\Users\Jec\Downloads\laragon-6.0.0\laragon-6.0.0\www\docutrack\system\CodeIgniter.php(353): CodeIgniter\CodeIgniter->handleRequest(NULL, Object(Config\Cache), false)
#8 C:\Users\Jec\Downloads\laragon-6.0.0\laragon-6.0.0\www\docutrack\public\index.php(79): CodeIgniter\CodeIgniter->run()
#9 C:\Users\Jec\Downloads\laragon-6.0.0\laragon-6.0.0\www\docutrack\system\Commands\Server\rewrite.php(47): require_once('C:\\Users\\Jec\\Do...')
#10 {main}
CRITICAL - 2024-04-08 00:52:36 --> Unknown column 'documents.id' in 'on clause'
in SYSTEMPATH\Database\BaseConnection.php on line 646.
 1 SYSTEMPATH\Database\BaseBuilder.php(1615): CodeIgniter\Database\BaseConnection->query('SELECT `documents`.`title`, `documents`.`tracking_number`, `documents`.`sender_user_id`, `documents`.`sender_office_id`, `offices_documents`.`status`, `documents`.`action`, `offices_documents`.`document_id`
FROM `offices_documents`
JOIN `documents` ON `documents`.`id` = `offices_documents`.`document_id`
WHERE `offices_documents`.`office_id` IS NULL', [], false)
 2 APPPATH\Controllers\OfficeController.php(29): CodeIgniter\Database\BaseBuilder->get()
 3 SYSTEMPATH\CodeIgniter.php(919): App\Controllers\OfficeController->index()
 4 SYSTEMPATH\CodeIgniter.php(494): CodeIgniter\CodeIgniter->runController(Object(App\Controllers\OfficeController))
 5 SYSTEMPATH\CodeIgniter.php(353): CodeIgniter\CodeIgniter->handleRequest(null, Object(Config\Cache), false)
 6 FCPATH\index.php(79): CodeIgniter\CodeIgniter->run()
 7 SYSTEMPATH\Commands\Server\rewrite.php(47): require_once('C:\\Users\\Jec\\Downloads\\laragon-6.0.0\\laragon-6.0.0\\www\\docutrack\\public\\index.php')
ERROR - 2024-04-08 00:52:49 --> mysqli_sql_exception: Unknown column 'document.id' in 'on clause' in C:\Users\Jec\Downloads\laragon-6.0.0\laragon-6.0.0\www\docutrack\system\Database\MySQLi\Connection.php:306
Stack trace:
#0 C:\Users\Jec\Downloads\laragon-6.0.0\laragon-6.0.0\www\docutrack\system\Database\MySQLi\Connection.php(306): mysqli->query('SELECT `documen...', 0)
#1 C:\Users\Jec\Downloads\laragon-6.0.0\laragon-6.0.0\www\docutrack\system\Database\BaseConnection.php(692): CodeIgniter\Database\MySQLi\Connection->execute('SELECT `documen...')
#2 C:\Users\Jec\Downloads\laragon-6.0.0\laragon-6.0.0\www\docutrack\system\Database\BaseConnection.php(606): CodeIgniter\Database\BaseConnection->simpleQuery('SELECT `documen...')
#3 C:\Users\Jec\Downloads\laragon-6.0.0\laragon-6.0.0\www\docutrack\system\Database\BaseBuilder.php(1615): CodeIgniter\Database\BaseConnection->query('SELECT `documen...', Array, false)
#4 C:\Users\Jec\Downloads\laragon-6.0.0\laragon-6.0.0\www\docutrack\app\Controllers\OfficeController.php(29): CodeIgniter\Database\BaseBuilder->get()
#5 C:\Users\Jec\Downloads\laragon-6.0.0\laragon-6.0.0\www\docutrack\system\CodeIgniter.php(919): App\Controllers\OfficeController->index()
#6 C:\Users\Jec\Downloads\laragon-6.0.0\laragon-6.0.0\www\docutrack\system\CodeIgniter.php(494): CodeIgniter\CodeIgniter->runController(Object(App\Controllers\OfficeController))
#7 C:\Users\Jec\Downloads\laragon-6.0.0\laragon-6.0.0\www\docutrack\system\CodeIgniter.php(353): CodeIgniter\CodeIgniter->handleRequest(NULL, Object(Config\Cache), false)
#8 C:\Users\Jec\Downloads\laragon-6.0.0\laragon-6.0.0\www\docutrack\public\index.php(79): CodeIgniter\CodeIgniter->run()
#9 C:\Users\Jec\Downloads\laragon-6.0.0\laragon-6.0.0\www\docutrack\system\Commands\Server\rewrite.php(47): require_once('C:\\Users\\Jec\\Do...')
#10 {main}
CRITICAL - 2024-04-08 00:52:49 --> Unknown column 'document.id' in 'on clause'
in SYSTEMPATH\Database\BaseConnection.php on line 646.
 1 SYSTEMPATH\Database\BaseBuilder.php(1615): CodeIgniter\Database\BaseConnection->query('SELECT `documents`.`title`, `documents`.`tracking_number`, `documents`.`sender_user_id`, `documents`.`sender_office_id`, `offices_documents`.`status`, `documents`.`action`, `offices_documents`.`document_id`
FROM `offices_documents`
JOIN `documents` ON `document`.`id` = `offices_documents`.`document_id`
WHERE `offices_documents`.`office_id` IS NULL', [], false)
 2 APPPATH\Controllers\OfficeController.php(29): CodeIgniter\Database\BaseBuilder->get()
 3 SYSTEMPATH\CodeIgniter.php(919): App\Controllers\OfficeController->index()
 4 SYSTEMPATH\CodeIgniter.php(494): CodeIgniter\CodeIgniter->runController(Object(App\Controllers\OfficeController))
 5 SYSTEMPATH\CodeIgniter.php(353): CodeIgniter\CodeIgniter->handleRequest(null, Object(Config\Cache), false)
 6 FCPATH\index.php(79): CodeIgniter\CodeIgniter->run()
 7 SYSTEMPATH\Commands\Server\rewrite.php(47): require_once('C:\\Users\\Jec\\Downloads\\laragon-6.0.0\\laragon-6.0.0\\www\\docutrack\\public\\index.php')
ERROR - 2024-04-08 01:35:58 --> mysqli_sql_exception: Unknown column 'documents.office_id' in 'where clause' in C:\Users\Jec\Downloads\laragon-6.0.0\laragon-6.0.0\www\docutrack\system\Database\MySQLi\Connection.php:306
Stack trace:
#0 C:\Users\Jec\Downloads\laragon-6.0.0\laragon-6.0.0\www\docutrack\system\Database\MySQLi\Connection.php(306): mysqli->query('SELECT `documen...', 0)
#1 C:\Users\Jec\Downloads\laragon-6.0.0\laragon-6.0.0\www\docutrack\system\Database\BaseConnection.php(692): CodeIgniter\Database\MySQLi\Connection->execute('SELECT `documen...')
#2 C:\Users\Jec\Downloads\laragon-6.0.0\laragon-6.0.0\www\docutrack\system\Database\BaseConnection.php(606): CodeIgniter\Database\BaseConnection->simpleQuery('SELECT `documen...')
#3 C:\Users\Jec\Downloads\laragon-6.0.0\laragon-6.0.0\www\docutrack\system\Database\BaseBuilder.php(1615): CodeIgniter\Database\BaseConnection->query('SELECT `documen...', Array, false)
#4 C:\Users\Jec\Downloads\laragon-6.0.0\laragon-6.0.0\www\docutrack\app\Controllers\OfficeController.php(57): CodeIgniter\Database\BaseBuilder->get()
#5 C:\Users\Jec\Downloads\laragon-6.0.0\laragon-6.0.0\www\docutrack\system\CodeIgniter.php(919): App\Controllers\OfficeController->index()
#6 C:\Users\Jec\Downloads\laragon-6.0.0\laragon-6.0.0\www\docutrack\system\CodeIgniter.php(494): CodeIgniter\CodeIgniter->runController(Object(App\Controllers\OfficeController))
#7 C:\Users\Jec\Downloads\laragon-6.0.0\laragon-6.0.0\www\docutrack\system\CodeIgniter.php(353): CodeIgniter\CodeIgniter->handleRequest(NULL, Object(Config\Cache), false)
#8 C:\Users\Jec\Downloads\laragon-6.0.0\laragon-6.0.0\www\docutrack\public\index.php(79): CodeIgniter\CodeIgniter->run()
#9 C:\Users\Jec\Downloads\laragon-6.0.0\laragon-6.0.0\www\docutrack\system\Commands\Server\rewrite.php(47): require_once('C:\\Users\\Jec\\Do...')
#10 {main}
CRITICAL - 2024-04-08 01:35:58 --> Unknown column 'documents.office_id' in 'where clause'
in SYSTEMPATH\Database\BaseConnection.php on line 646.
 1 SYSTEMPATH\Database\BaseBuilder.php(1615): CodeIgniter\Database\BaseConnection->query('SELECT `documents`.`document_id`, `documents`.`tracking_number`, `documents`.`sender_user_id`, `documents`.`sender_office_id`, `documents`.`action`, `users`.`first_name`, `users`.`last_name`, `offices`.`office_name`
FROM `documents`
JOIN `users` ON `documents`.`sender_user_id` = `users`.`user_id`
JOIN `offices` ON `documents`.`sender_office_id` = `offices`.`office_id`
WHERE `documents`.`office_id` IS NULL', [], false)
 2 APPPATH\Controllers\OfficeController.php(57): CodeIgniter\Database\BaseBuilder->get()
 3 SYSTEMPATH\CodeIgniter.php(919): App\Controllers\OfficeController->index()
 4 SYSTEMPATH\CodeIgniter.php(494): CodeIgniter\CodeIgniter->runController(Object(App\Controllers\OfficeController))
 5 SYSTEMPATH\CodeIgniter.php(353): CodeIgniter\CodeIgniter->handleRequest(null, Object(Config\Cache), false)
 6 FCPATH\index.php(79): CodeIgniter\CodeIgniter->run()
 7 SYSTEMPATH\Commands\Server\rewrite.php(47): require_once('C:\\Users\\Jec\\Downloads\\laragon-6.0.0\\laragon-6.0.0\\www\\docutrack\\public\\index.php')
CRITICAL - 2024-04-08 01:56:56 --> Invalid argument supplied for foreach()
in APPPATH\Views\Office\main-include\pending.php on line 17.
 1 APPPATH\Views\Office\main-include\pending.php(17): CodeIgniter\Debug\Exceptions->errorHandler(2, 'Invalid argument supplied for foreach()', 'C:\\Users\\Jec\\Downloads\\laragon-6.0.0\\laragon-6.0.0\\www\\docutrack\\app\\Views\\Office\\main-include\\pending.php', 17, [])
 2 APPPATH\Views\Office\Pending.php(34): include('C:\\Users\\Jec\\Downloads\\laragon-6.0.0\\laragon-6.0.0\\www\\docutrack\\app\\Views\\Office\\main-include\\pending.php')
 3 SYSTEMPATH\View\View.php(226): include('C:\\Users\\Jec\\Downloads\\laragon-6.0.0\\laragon-6.0.0\\www\\docutrack\\app\\Views\\Office\\Pending.php')
 4 SYSTEMPATH\View\View.php(229): CodeIgniter\View\View->CodeIgniter\View\{closure}()
 5 SYSTEMPATH\Common.php(1188): CodeIgniter\View\View->render('Office/Pending', [], true)
 6 APPPATH\Controllers\OfficeController.php(85): view('Office/Pending')
 7 SYSTEMPATH\CodeIgniter.php(919): App\Controllers\OfficeController->pending()
 8 SYSTEMPATH\CodeIgniter.php(494): CodeIgniter\CodeIgniter->runController(Object(App\Controllers\OfficeController))
 9 SYSTEMPATH\CodeIgniter.php(353): CodeIgniter\CodeIgniter->handleRequest(null, Object(Config\Cache), false)
10 FCPATH\index.php(79): CodeIgniter\CodeIgniter->run()
11 SYSTEMPATH\Commands\Server\rewrite.php(47): require_once('C:\\Users\\Jec\\Downloads\\laragon-6.0.0\\laragon-6.0.0\\www\\docutrack\\public\\index.php')
CRITICAL - 2024-04-08 02:02:21 --> Invalid argument supplied for foreach()
in APPPATH\Views\Office\main-include\incoming.php on line 17.
 1 APPPATH\Views\Office\main-include\incoming.php(17): CodeIgniter\Debug\Exceptions->errorHandler(2, 'Invalid argument supplied for foreach()', 'C:\\Users\\Jec\\Downloads\\laragon-6.0.0\\laragon-6.0.0\\www\\docutrack\\app\\Views\\Office\\main-include\\incoming.php', 17, [])
 2 APPPATH\Views\Office\Incoming.php(34): include('C:\\Users\\Jec\\Downloads\\laragon-6.0.0\\laragon-6.0.0\\www\\docutrack\\app\\Views\\Office\\main-include\\incoming.php')
 3 SYSTEMPATH\View\View.php(226): include('C:\\Users\\Jec\\Downloads\\laragon-6.0.0\\laragon-6.0.0\\www\\docutrack\\app\\Views\\Office\\Incoming.php')
 4 SYSTEMPATH\View\View.php(229): CodeIgniter\View\View->CodeIgniter\View\{closure}()
 5 SYSTEMPATH\Common.php(1188): CodeIgniter\View\View->render('Office/Incoming', [], true)
 6 APPPATH\Controllers\OfficeController.php(159): view('Office/Incoming')
 7 SYSTEMPATH\CodeIgniter.php(919): App\Controllers\OfficeController->incoming()
 8 SYSTEMPATH\CodeIgniter.php(494): CodeIgniter\CodeIgniter->runController(Object(App\Controllers\OfficeController))
 9 SYSTEMPATH\CodeIgniter.php(353): CodeIgniter\CodeIgniter->handleRequest(null, Object(Config\Cache), false)
10 FCPATH\index.php(79): CodeIgniter\CodeIgniter->run()
11 SYSTEMPATH\Commands\Server\rewrite.php(47): require_once('C:\\Users\\Jec\\Downloads\\laragon-6.0.0\\laragon-6.0.0\\www\\docutrack\\public\\index.php')
CRITICAL - 2024-04-08 02:04:03 --> Invalid argument supplied for foreach()
in APPPATH\Views\Office\main-include\incoming.php on line 17.
 1 APPPATH\Views\Office\main-include\incoming.php(17): CodeIgniter\Debug\Exceptions->errorHandler(2, 'Invalid argument supplied for foreach()', 'C:\\Users\\Jec\\Downloads\\laragon-6.0.0\\laragon-6.0.0\\www\\docutrack\\app\\Views\\Office\\main-include\\incoming.php', 17, [])
 2 APPPATH\Views\Office\Incoming.php(34): include('C:\\Users\\Jec\\Downloads\\laragon-6.0.0\\laragon-6.0.0\\www\\docutrack\\app\\Views\\Office\\main-include\\incoming.php')
 3 SYSTEMPATH\View\View.php(226): include('C:\\Users\\Jec\\Downloads\\laragon-6.0.0\\laragon-6.0.0\\www\\docutrack\\app\\Views\\Office\\Incoming.php')
 4 SYSTEMPATH\View\View.php(229): CodeIgniter\View\View->CodeIgniter\View\{closure}()
 5 SYSTEMPATH\Common.php(1188): CodeIgniter\View\View->render('Office/Incoming', [], true)
 6 APPPATH\Controllers\OfficeController.php(159): view('Office/Incoming')
 7 SYSTEMPATH\CodeIgniter.php(919): App\Controllers\OfficeController->incoming()
 8 SYSTEMPATH\CodeIgniter.php(494): CodeIgniter\CodeIgniter->runController(Object(App\Controllers\OfficeController))
 9 SYSTEMPATH\CodeIgniter.php(353): CodeIgniter\CodeIgniter->handleRequest(null, Object(Config\Cache), false)
10 FCPATH\index.php(79): CodeIgniter\CodeIgniter->run()
11 SYSTEMPATH\Commands\Server\rewrite.php(47): require_once('C:\\Users\\Jec\\Downloads\\laragon-6.0.0\\laragon-6.0.0\\www\\docutrack\\public\\index.php')
CRITICAL - 2024-04-08 02:04:28 --> Invalid argument supplied for foreach()
in APPPATH\Views\Office\main-include\incoming.php on line 17.
 1 APPPATH\Views\Office\main-include\incoming.php(17): CodeIgniter\Debug\Exceptions->errorHandler(2, 'Invalid argument supplied for foreach()', 'C:\\Users\\Jec\\Downloads\\laragon-6.0.0\\laragon-6.0.0\\www\\docutrack\\app\\Views\\Office\\main-include\\incoming.php', 17, [])
 2 APPPATH\Views\Office\Incoming.php(34): include('C:\\Users\\Jec\\Downloads\\laragon-6.0.0\\laragon-6.0.0\\www\\docutrack\\app\\Views\\Office\\main-include\\incoming.php')
 3 SYSTEMPATH\View\View.php(226): include('C:\\Users\\Jec\\Downloads\\laragon-6.0.0\\laragon-6.0.0\\www\\docutrack\\app\\Views\\Office\\Incoming.php')
 4 SYSTEMPATH\View\View.php(229): CodeIgniter\View\View->CodeIgniter\View\{closure}()
 5 SYSTEMPATH\Common.php(1188): CodeIgniter\View\View->render('Office/Incoming', [], true)
 6 APPPATH\Controllers\OfficeController.php(159): view('Office/Incoming')
 7 SYSTEMPATH\CodeIgniter.php(919): App\Controllers\OfficeController->incoming()
 8 SYSTEMPATH\CodeIgniter.php(494): CodeIgniter\CodeIgniter->runController(Object(App\Controllers\OfficeController))
 9 SYSTEMPATH\CodeIgniter.php(353): CodeIgniter\CodeIgniter->handleRequest(null, Object(Config\Cache), false)
10 FCPATH\index.php(79): CodeIgniter\CodeIgniter->run()
11 SYSTEMPATH\Commands\Server\rewrite.php(47): require_once('C:\\Users\\Jec\\Downloads\\laragon-6.0.0\\laragon-6.0.0\\www\\docutrack\\public\\index.php')
CRITICAL - 2024-04-08 02:05:05 --> Invalid argument supplied for foreach()
in APPPATH\Views\Office\main-include\incoming.php on line 17.
 1 APPPATH\Views\Office\main-include\incoming.php(17): CodeIgniter\Debug\Exceptions->errorHandler(2, 'Invalid argument supplied for foreach()', 'C:\\Users\\Jec\\Downloads\\laragon-6.0.0\\laragon-6.0.0\\www\\docutrack\\app\\Views\\Office\\main-include\\incoming.php', 17, [])
 2 APPPATH\Views\Office\Incoming.php(34): include('C:\\Users\\Jec\\Downloads\\laragon-6.0.0\\laragon-6.0.0\\www\\docutrack\\app\\Views\\Office\\main-include\\incoming.php')
 3 SYSTEMPATH\View\View.php(226): include('C:\\Users\\Jec\\Downloads\\laragon-6.0.0\\laragon-6.0.0\\www\\docutrack\\app\\Views\\Office\\Incoming.php')
 4 SYSTEMPATH\View\View.php(229): CodeIgniter\View\View->CodeIgniter\View\{closure}()
 5 SYSTEMPATH\Common.php(1188): CodeIgniter\View\View->render('Office/Incoming', [], true)
 6 APPPATH\Controllers\OfficeController.php(159): view('Office/Incoming')
 7 SYSTEMPATH\CodeIgniter.php(919): App\Controllers\OfficeController->incoming()
 8 SYSTEMPATH\CodeIgniter.php(494): CodeIgniter\CodeIgniter->runController(Object(App\Controllers\OfficeController))
 9 SYSTEMPATH\CodeIgniter.php(353): CodeIgniter\CodeIgniter->handleRequest(null, Object(Config\Cache), false)
10 FCPATH\index.php(79): CodeIgniter\CodeIgniter->run()
11 SYSTEMPATH\Commands\Server\rewrite.php(47): require_once('C:\\Users\\Jec\\Downloads\\laragon-6.0.0\\laragon-6.0.0\\www\\docutrack\\public\\index.php')
CRITICAL - 2024-04-08 02:07:54 --> Invalid argument supplied for foreach()
in APPPATH\Views\Office\main-include\ongoing.php on line 17.
 1 APPPATH\Views\Office\main-include\ongoing.php(17): CodeIgniter\Debug\Exceptions->errorHandler(2, 'Invalid argument supplied for foreach()', 'C:\\Users\\Jec\\Downloads\\laragon-6.0.0\\laragon-6.0.0\\www\\docutrack\\app\\Views\\Office\\main-include\\ongoing.php', 17, [])
 2 APPPATH\Views\Office\OnGoing.php(34): include('C:\\Users\\Jec\\Downloads\\laragon-6.0.0\\laragon-6.0.0\\www\\docutrack\\app\\Views\\Office\\main-include\\ongoing.php')
 3 SYSTEMPATH\View\View.php(226): include('C:\\Users\\Jec\\Downloads\\laragon-6.0.0\\laragon-6.0.0\\www\\docutrack\\app\\Views\\Office\\OnGoing.php')
 4 SYSTEMPATH\View\View.php(229): CodeIgniter\View\View->CodeIgniter\View\{closure}()
 5 SYSTEMPATH\Common.php(1188): CodeIgniter\View\View->render('Office/OnGoing', [], true)
 6 APPPATH\Controllers\OfficeController.php(198): view('Office/OnGoing')
 7 SYSTEMPATH\CodeIgniter.php(919): App\Controllers\OfficeController->ongoing()
 8 SYSTEMPATH\CodeIgniter.php(494): CodeIgniter\CodeIgniter->runController(Object(App\Controllers\OfficeController))
 9 SYSTEMPATH\CodeIgniter.php(353): CodeIgniter\CodeIgniter->handleRequest(null, Object(Config\Cache), false)
10 FCPATH\index.php(79): CodeIgniter\CodeIgniter->run()
11 SYSTEMPATH\Commands\Server\rewrite.php(47): require_once('C:\\Users\\Jec\\Downloads\\laragon-6.0.0\\laragon-6.0.0\\www\\docutrack\\public\\index.php')
CRITICAL - 2024-04-08 02:09:08 --> Invalid argument supplied for foreach()
in APPPATH\Views\Office\main-include\ongoing.php on line 17.
 1 APPPATH\Views\Office\main-include\ongoing.php(17): CodeIgniter\Debug\Exceptions->errorHandler(2, 'Invalid argument supplied for foreach()', 'C:\\Users\\Jec\\Downloads\\laragon-6.0.0\\laragon-6.0.0\\www\\docutrack\\app\\Views\\Office\\main-include\\ongoing.php', 17, [])
 2 APPPATH\Views\Office\OnGoing.php(34): include('C:\\Users\\Jec\\Downloads\\laragon-6.0.0\\laragon-6.0.0\\www\\docutrack\\app\\Views\\Office\\main-include\\ongoing.php')
 3 SYSTEMPATH\View\View.php(226): include('C:\\Users\\Jec\\Downloads\\laragon-6.0.0\\laragon-6.0.0\\www\\docutrack\\app\\Views\\Office\\OnGoing.php')
 4 SYSTEMPATH\View\View.php(229): CodeIgniter\View\View->CodeIgniter\View\{closure}()
 5 SYSTEMPATH\Common.php(1188): CodeIgniter\View\View->render('Office/OnGoing', [], true)
 6 APPPATH\Controllers\OfficeController.php(198): view('Office/OnGoing')
 7 SYSTEMPATH\CodeIgniter.php(919): App\Controllers\OfficeController->ongoing()
 8 SYSTEMPATH\CodeIgniter.php(494): CodeIgniter\CodeIgniter->runController(Object(App\Controllers\OfficeController))
 9 SYSTEMPATH\CodeIgniter.php(353): CodeIgniter\CodeIgniter->handleRequest(null, Object(Config\Cache), false)
10 FCPATH\index.php(79): CodeIgniter\CodeIgniter->run()
11 SYSTEMPATH\Commands\Server\rewrite.php(47): require_once('C:\\Users\\Jec\\Downloads\\laragon-6.0.0\\laragon-6.0.0\\www\\docutrack\\public\\index.php')
CRITICAL - 2024-04-08 02:10:50 --> Invalid argument supplied for foreach()
in APPPATH\Views\Office\main-include\ongoing.php on line 17.
 1 APPPATH\Views\Office\main-include\ongoing.php(17): CodeIgniter\Debug\Exceptions->errorHandler(2, 'Invalid argument supplied for foreach()', 'C:\\Users\\Jec\\Downloads\\laragon-6.0.0\\laragon-6.0.0\\www\\docutrack\\app\\Views\\Office\\main-include\\ongoing.php', 17, [])
 2 APPPATH\Views\Office\OnGoing.php(34): include('C:\\Users\\Jec\\Downloads\\laragon-6.0.0\\laragon-6.0.0\\www\\docutrack\\app\\Views\\Office\\main-include\\ongoing.php')
 3 SYSTEMPATH\View\View.php(226): include('C:\\Users\\Jec\\Downloads\\laragon-6.0.0\\laragon-6.0.0\\www\\docutrack\\app\\Views\\Office\\OnGoing.php')
 4 SYSTEMPATH\View\View.php(229): CodeIgniter\View\View->CodeIgniter\View\{closure}()
 5 SYSTEMPATH\Common.php(1188): CodeIgniter\View\View->render('Office/OnGoing', [], true)
 6 APPPATH\Controllers\OfficeController.php(200): view('Office/OnGoing')
 7 SYSTEMPATH\CodeIgniter.php(919): App\Controllers\OfficeController->ongoing()
 8 SYSTEMPATH\CodeIgniter.php(494): CodeIgniter\CodeIgniter->runController(Object(App\Controllers\OfficeController))
 9 SYSTEMPATH\CodeIgniter.php(353): CodeIgniter\CodeIgniter->handleRequest(null, Object(Config\Cache), false)
10 FCPATH\index.php(79): CodeIgniter\CodeIgniter->run()
11 SYSTEMPATH\Commands\Server\rewrite.php(47): require_once('C:\\Users\\Jec\\Downloads\\laragon-6.0.0\\laragon-6.0.0\\www\\docutrack\\public\\index.php')
CRITICAL - 2024-04-08 02:10:54 --> Invalid argument supplied for foreach()
in APPPATH\Views\Office\main-include\ongoing.php on line 17.
 1 APPPATH\Views\Office\main-include\ongoing.php(17): CodeIgniter\Debug\Exceptions->errorHandler(2, 'Invalid argument supplied for foreach()', 'C:\\Users\\Jec\\Downloads\\laragon-6.0.0\\laragon-6.0.0\\www\\docutrack\\app\\Views\\Office\\main-include\\ongoing.php', 17, [])
 2 APPPATH\Views\Office\OnGoing.php(34): include('C:\\Users\\Jec\\Downloads\\laragon-6.0.0\\laragon-6.0.0\\www\\docutrack\\app\\Views\\Office\\main-include\\ongoing.php')
 3 SYSTEMPATH\View\View.php(226): include('C:\\Users\\Jec\\Downloads\\laragon-6.0.0\\laragon-6.0.0\\www\\docutrack\\app\\Views\\Office\\OnGoing.php')
 4 SYSTEMPATH\View\View.php(229): CodeIgniter\View\View->CodeIgniter\View\{closure}()
 5 SYSTEMPATH\Common.php(1188): CodeIgniter\View\View->render('Office/OnGoing', [], true)
 6 APPPATH\Controllers\OfficeController.php(200): view('Office/OnGoing')
 7 SYSTEMPATH\CodeIgniter.php(919): App\Controllers\OfficeController->ongoing()
 8 SYSTEMPATH\CodeIgniter.php(494): CodeIgniter\CodeIgniter->runController(Object(App\Controllers\OfficeController))
 9 SYSTEMPATH\CodeIgniter.php(353): CodeIgniter\CodeIgniter->handleRequest(null, Object(Config\Cache), false)
10 FCPATH\index.php(79): CodeIgniter\CodeIgniter->run()
11 SYSTEMPATH\Commands\Server\rewrite.php(47): require_once('C:\\Users\\Jec\\Downloads\\laragon-6.0.0\\laragon-6.0.0\\www\\docutrack\\public\\index.php')
