CRITICAL - 2024-04-06 13:21:12 --> Invalid file: "include/Sidebar.php"
in SYSTEMPATH\Exceptions\FrameworkException.php on line 39.
 1 SYSTEMPATH\View\View.php(214): CodeIgniter\Exceptions\FrameworkException::forInvalidFile('include/Sidebar.php')
 2 SYSTEMPATH\View\View.php(467): CodeIgniter\View\View->render('include/Sidebar', null, true)
 3 APPPATH\Views\Admin\Dashboard.php(3): CodeIgniter\View\View->include('include/Sidebar')
 4 SYSTEMPATH\View\View.php(226): include('C:\\Users\\Jec\\Downloads\\laragon-6.0.0\\laragon-6.0.0\\www\\docutrack\\app\\Views\\Admin\\Dashboard.php')
 5 SYSTEMPATH\View\View.php(229): CodeIgniter\View\View->CodeIgniter\View\{closure}()
 6 SYSTEMPATH\Common.php(1188): CodeIgniter\View\View->render('Admin/Dashboard', [], true)
 7 APPPATH\Controllers\AdminController.php(11): view('Admin/Dashboard')
 8 SYSTEMPATH\CodeIgniter.php(919): App\Controllers\AdminController->index()
 9 SYSTEMPATH\CodeIgniter.php(494): CodeIgniter\CodeIgniter->runController(Object(App\Controllers\AdminController))
10 SYSTEMPATH\CodeIgniter.php(353): CodeIgniter\CodeIgniter->handleRequest(null, Object(Config\Cache), false)
11 FCPATH\index.php(79): CodeIgniter\CodeIgniter->run()
12 SYSTEMPATH\Commands\Server\rewrite.php(47): require_once('C:\\Users\\Jec\\Downloads\\laragon-6.0.0\\laragon-6.0.0\\www\\docutrack\\public\\index.php')
CRITICAL - 2024-04-06 13:56:37 --> include(include/SideBar.php): failed to open stream: No such file or directory
in APPPATH\Views\Admin\Dashboard.php on line 28.
 1 APPPATH\Views\Admin\Dashboard.php(28): CodeIgniter\Debug\Exceptions->errorHandler(2, 'include(include/SideBar.php): failed to open stream: No such file or directory', 'C:\\Users\\Jec\\Downloads\\laragon-6.0.0\\laragon-6.0.0\\www\\docutrack\\app\\Views\\Admin\\Dashboard.php', 28, [])
 2 APPPATH\Views\Admin\Dashboard.php(28): include()
 3 SYSTEMPATH\View\View.php(226): include('C:\\Users\\Jec\\Downloads\\laragon-6.0.0\\laragon-6.0.0\\www\\docutrack\\app\\Views\\Admin\\Dashboard.php')
 4 SYSTEMPATH\View\View.php(229): CodeIgniter\View\View->CodeIgniter\View\{closure}()
 5 SYSTEMPATH\Common.php(1188): CodeIgniter\View\View->render('Admin/Dashboard', [], true)
 6 APPPATH\Controllers\AdminController.php(11): view('Admin/Dashboard')
 7 SYSTEMPATH\CodeIgniter.php(919): App\Controllers\AdminController->dashboard()
 8 SYSTEMPATH\CodeIgniter.php(494): CodeIgniter\CodeIgniter->runController(Object(App\Controllers\AdminController))
 9 SYSTEMPATH\CodeIgniter.php(353): CodeIgniter\CodeIgniter->handleRequest(null, Object(Config\Cache), false)
10 FCPATH\index.php(79): CodeIgniter\CodeIgniter->run()
11 SYSTEMPATH\Commands\Server\rewrite.php(47): require_once('C:\\Users\\Jec\\Downloads\\laragon-6.0.0\\laragon-6.0.0\\www\\docutrack\\public\\index.php')
CRITICAL - 2024-04-06 14:01:27 --> include(include/SideBar): failed to open stream: No such file or directory
in APPPATH\Views\Admin\Dashboard.php on line 28.
 1 APPPATH\Views\Admin\Dashboard.php(28): CodeIgniter\Debug\Exceptions->errorHandler(2, 'include(include/SideBar): failed to open stream: No such file or directory', 'C:\\Users\\Jec\\Downloads\\laragon-6.0.0\\laragon-6.0.0\\www\\docutrack\\app\\Views\\Admin\\Dashboard.php', 28, [])
 2 APPPATH\Views\Admin\Dashboard.php(28): include()
 3 SYSTEMPATH\View\View.php(226): include('C:\\Users\\Jec\\Downloads\\laragon-6.0.0\\laragon-6.0.0\\www\\docutrack\\app\\Views\\Admin\\Dashboard.php')
 4 SYSTEMPATH\View\View.php(229): CodeIgniter\View\View->CodeIgniter\View\{closure}()
 5 SYSTEMPATH\Common.php(1188): CodeIgniter\View\View->render('Admin/Dashboard', [], true)
 6 APPPATH\Controllers\AdminController.php(11): view('Admin/Dashboard')
 7 SYSTEMPATH\CodeIgniter.php(919): App\Controllers\AdminController->dashboard()
 8 SYSTEMPATH\CodeIgniter.php(494): CodeIgniter\CodeIgniter->runController(Object(App\Controllers\AdminController))
 9 SYSTEMPATH\CodeIgniter.php(353): CodeIgniter\CodeIgniter->handleRequest(null, Object(Config\Cache), false)
10 FCPATH\index.php(79): CodeIgniter\CodeIgniter->run()
11 SYSTEMPATH\Commands\Server\rewrite.php(47): require_once('C:\\Users\\Jec\\Downloads\\laragon-6.0.0\\laragon-6.0.0\\www\\docutrack\\public\\index.php')
CRITICAL - 2024-04-06 16:07:37 --> Call to undefined function post()
in APPPATH\Config\Routes.php on line 10.
 1 SYSTEMPATH\Router\RouteCollection.php(339): require()
 2 SYSTEMPATH\CodeIgniter.php(787): CodeIgniter\Router\RouteCollection->loadRoutes()
 3 SYSTEMPATH\CodeIgniter.php(442): CodeIgniter\CodeIgniter->tryToRouteIt(null)
 4 SYSTEMPATH\CodeIgniter.php(353): CodeIgniter\CodeIgniter->handleRequest(null, Object(Config\Cache), false)
 5 FCPATH\index.php(79): CodeIgniter\CodeIgniter->run()
 6 SYSTEMPATH\Commands\Server\rewrite.php(47): require_once('C:\\Users\\Jec\\Downloads\\laragon-6.0.0\\laragon-6.0.0\\www\\docutrack\\public\\index.php')
CRITICAL - 2024-04-06 16:41:40 --> syntax error, unexpected end of file, expecting function (T_FUNCTION) or const (T_CONST)
in APPPATH\Controllers\AdminController.php on line 70.
 1 SYSTEMPATH\Autoloader\Autoloader.php(285): CodeIgniter\Autoloader\Autoloader->includeFile('C:\\Users\\Jec\\Downloads\\laragon-6.0.0\\laragon-6.0.0\\www\\docutrack\\app\\Controllers\\AdminController.php')
 2 SYSTEMPATH\Autoloader\Autoloader.php(263): CodeIgniter\Autoloader\Autoloader->loadInNamespace('App\\Controllers\\AdminController')
 3 [internal function]: CodeIgniter\Autoloader\Autoloader->loadClass('App\\Controllers\\AdminController')
 4 [internal function]: spl_autoload_call('App\\Controllers\\AdminController')
 5 SYSTEMPATH\CodeIgniter.php(877): class_exists('\\App\\Controllers\\AdminController', true)
 6 SYSTEMPATH\CodeIgniter.php(481): CodeIgniter\CodeIgniter->startController()
 7 SYSTEMPATH\CodeIgniter.php(353): CodeIgniter\CodeIgniter->handleRequest(null, Object(Config\Cache), false)
 8 FCPATH\index.php(79): CodeIgniter\CodeIgniter->run()
 9 SYSTEMPATH\Commands\Server\rewrite.php(47): require_once('C:\\Users\\Jec\\Downloads\\laragon-6.0.0\\laragon-6.0.0\\www\\docutrack\\public\\index.php')
ERROR - 2024-04-06 17:02:23 --> mysqli_sql_exception: Table 'document_tracking.admins' doesn't exist in C:\Users\Jec\Downloads\laragon-6.0.0\laragon-6.0.0\www\docutrack\system\Database\MySQLi\Connection.php:306
Stack trace:
#0 C:\Users\Jec\Downloads\laragon-6.0.0\laragon-6.0.0\www\docutrack\system\Database\MySQLi\Connection.php(306): mysqli->query('SELECT 1\nFROM `...', 0)
#1 C:\Users\Jec\Downloads\laragon-6.0.0\laragon-6.0.0\www\docutrack\system\Database\BaseConnection.php(692): CodeIgniter\Database\MySQLi\Connection->execute('SELECT 1\nFROM `...')
#2 C:\Users\Jec\Downloads\laragon-6.0.0\laragon-6.0.0\www\docutrack\system\Database\BaseConnection.php(606): CodeIgniter\Database\BaseConnection->simpleQuery('SELECT 1\nFROM `...')
#3 C:\Users\Jec\Downloads\laragon-6.0.0\laragon-6.0.0\www\docutrack\system\Database\BaseBuilder.php(1615): CodeIgniter\Database\BaseConnection->query('SELECT 1\nFROM `...', Array, false)
#4 C:\Users\Jec\Downloads\laragon-6.0.0\laragon-6.0.0\www\docutrack\system\Validation\StrictRules\Rules.php(206): CodeIgniter\Database\BaseBuilder->get()
#5 C:\Users\Jec\Downloads\laragon-6.0.0\laragon-6.0.0\www\docutrack\system\Validation\Validation.php(309): CodeIgniter\Validation\StrictRules\Rules->is_unique('jramos112802@gm...', 'email', Array, NULL, 'email')
#6 C:\Users\Jec\Downloads\laragon-6.0.0\laragon-6.0.0\www\docutrack\system\Validation\Validation.php(195): CodeIgniter\Validation\Validation->processRules('email', 'email', 'jramos112802@gm...', Array, Array)
#7 C:\Users\Jec\Downloads\laragon-6.0.0\laragon-6.0.0\www\docutrack\system\Controller.php(150): CodeIgniter\Validation\Validation->run()
#8 C:\Users\Jec\Downloads\laragon-6.0.0\laragon-6.0.0\www\docutrack\app\Controllers\AdminController.php(44): CodeIgniter\Controller->validate(Array, Array)
#9 C:\Users\Jec\Downloads\laragon-6.0.0\laragon-6.0.0\www\docutrack\system\CodeIgniter.php(919): App\Controllers\AdminController->register()
#10 C:\Users\Jec\Downloads\laragon-6.0.0\laragon-6.0.0\www\docutrack\system\CodeIgniter.php(494): CodeIgniter\CodeIgniter->runController(Object(App\Controllers\AdminController))
#11 C:\Users\Jec\Downloads\laragon-6.0.0\laragon-6.0.0\www\docutrack\system\CodeIgniter.php(353): CodeIgniter\CodeIgniter->handleRequest(NULL, Object(Config\Cache), false)
#12 C:\Users\Jec\Downloads\laragon-6.0.0\laragon-6.0.0\www\docutrack\public\index.php(79): CodeIgniter\CodeIgniter->run()
#13 C:\Users\Jec\Downloads\laragon-6.0.0\laragon-6.0.0\www\docutrack\system\Commands\Server\rewrite.php(47): require_once('C:\\Users\\Jec\\Do...')
#14 {main}
CRITICAL - 2024-04-06 17:02:23 --> Table 'document_tracking.admins' doesn't exist
in SYSTEMPATH\Database\BaseConnection.php on line 646.
 1 SYSTEMPATH\Database\BaseBuilder.php(1615): CodeIgniter\Database\BaseConnection->query('SELECT 1
FROM `admins`
WHERE `email` = :email:
 LIMIT 1', [...], false)
 2 SYSTEMPATH\Validation\StrictRules\Rules.php(206): CodeIgniter\Database\BaseBuilder->get()
 3 SYSTEMPATH\Validation\Validation.php(309): CodeIgniter\Validation\StrictRules\Rules->is_unique('jramos112802@gmail.com', 'email', [...], null, 'email')
 4 SYSTEMPATH\Validation\Validation.php(195): CodeIgniter\Validation\Validation->processRules('email', 'email', 'jramos112802@gmail.com', [...], [...])
 5 SYSTEMPATH\Controller.php(150): CodeIgniter\Validation\Validation->run()
 6 APPPATH\Controllers\AdminController.php(44): CodeIgniter\Controller->validate([...], [...])
 7 SYSTEMPATH\CodeIgniter.php(919): App\Controllers\AdminController->register()
 8 SYSTEMPATH\CodeIgniter.php(494): CodeIgniter\CodeIgniter->runController(Object(App\Controllers\AdminController))
 9 SYSTEMPATH\CodeIgniter.php(353): CodeIgniter\CodeIgniter->handleRequest(null, Object(Config\Cache), false)
10 FCPATH\index.php(79): CodeIgniter\CodeIgniter->run()
11 SYSTEMPATH\Commands\Server\rewrite.php(47): require_once('C:\\Users\\Jec\\Downloads\\laragon-6.0.0\\laragon-6.0.0\\www\\docutrack\\public\\index.php')
CRITICAL - 2024-04-06 17:09:49 --> Object of class CodeIgniter\Router\RouteCollection could not be converted to string
in APPPATH\Config\Routes.php on line 8.
 1 SYSTEMPATH\Router\RouteCollection.php(339): require()
 2 SYSTEMPATH\CodeIgniter.php(787): CodeIgniter\Router\RouteCollection->loadRoutes()
 3 SYSTEMPATH\CodeIgniter.php(442): CodeIgniter\CodeIgniter->tryToRouteIt(null)
 4 SYSTEMPATH\CodeIgniter.php(353): CodeIgniter\CodeIgniter->handleRequest(null, Object(Config\Cache), false)
 5 FCPATH\index.php(79): CodeIgniter\CodeIgniter->run()
 6 SYSTEMPATH\Commands\Server\rewrite.php(47): require_once('C:\\Users\\Jec\\Downloads\\laragon-6.0.0\\laragon-6.0.0\\www\\docutrack\\public\\index.php')
CRITICAL - 2024-04-06 17:52:13 --> Invalid file: "include/SideBar.php"
in SYSTEMPATH\Exceptions\FrameworkException.php on line 39.
 1 SYSTEMPATH\View\View.php(214): CodeIgniter\Exceptions\FrameworkException::forInvalidFile('include/SideBar.php')
 2 SYSTEMPATH\View\View.php(467): CodeIgniter\View\View->render('include/SideBar', null, true)
 3 APPPATH\Views\Office\Dashboard.php(3): CodeIgniter\View\View->include('include/SideBar')
 4 SYSTEMPATH\View\View.php(226): include('C:\\Users\\Jec\\Downloads\\laragon-6.0.0\\laragon-6.0.0\\www\\docutrack\\app\\Views\\Office\\Dashboard.php')
 5 SYSTEMPATH\View\View.php(229): CodeIgniter\View\View->CodeIgniter\View\{closure}()
 6 SYSTEMPATH\Common.php(1188): CodeIgniter\View\View->render('Office/Dashboard', [], true)
 7 APPPATH\Controllers\OfficeController.php(11): view('Office/Dashboard')
 8 SYSTEMPATH\CodeIgniter.php(919): App\Controllers\OfficeController->index()
 9 SYSTEMPATH\CodeIgniter.php(494): CodeIgniter\CodeIgniter->runController(Object(App\Controllers\OfficeController))
10 SYSTEMPATH\CodeIgniter.php(353): CodeIgniter\CodeIgniter->handleRequest(null, Object(Config\Cache), false)
11 FCPATH\index.php(79): CodeIgniter\CodeIgniter->run()
12 SYSTEMPATH\Commands\Server\rewrite.php(47): require_once('C:\\Users\\Jec\\Downloads\\laragon-6.0.0\\laragon-6.0.0\\www\\docutrack\\public\\index.php')
