INFO - 2024-06-22 11:24:16 --> Session: Class initialized using 'CodeIgniter\Session\Handlers\FileHandler' driver.
WARNING - 2024-06-22 11:24:16 --> [DEPRECATED] Creation of dynamic property App\Controllers\AdminController::$session is deprecated in APPPATH\Controllers\AdminController.php on line 21.
 1 SYSTEMPATH\CodeIgniter.php(891): App\Controllers\AdminController->__construct()
 2 SYSTEMPATH\CodeIgniter.php(485): CodeIgniter\CodeIgniter->createController()
 3 SYSTEMPATH\CodeIgniter.php(353): CodeIgniter\CodeIgniter->handleRequest(null, Object(Config\Cache), false)
 4 FCPATH\index.php(80): CodeIgniter\CodeIgniter->run()
 5 SYSTEMPATH\Commands\Server\rewrite.php(47): require_once('C:\\laragon\\www\\docutrack\\public\\index.php')
WARNING - 2024-06-22 11:24:16 --> [DEPRECATED] Creation of dynamic property App\Controllers\AdminController::$db is deprecated in APPPATH\Controllers\AdminController.php on line 22.
 1 SYSTEMPATH\CodeIgniter.php(891): App\Controllers\AdminController->__construct()
 2 SYSTEMPATH\CodeIgniter.php(485): CodeIgniter\CodeIgniter->createController()
 3 SYSTEMPATH\CodeIgniter.php(353): CodeIgniter\CodeIgniter->handleRequest(null, Object(Config\Cache), false)
 4 FCPATH\index.php(80): CodeIgniter\CodeIgniter->run()
 5 SYSTEMPATH\Commands\Server\rewrite.php(47): require_once('C:\\laragon\\www\\docutrack\\public\\index.php')
INFO - 2024-06-22 11:24:25 --> Session: Class initialized using 'CodeIgniter\Session\Handlers\FileHandler' driver.
WARNING - 2024-06-22 11:24:25 --> [DEPRECATED] Creation of dynamic property App\Controllers\AdminController::$session is deprecated in APPPATH\Controllers\AdminController.php on line 21.
 1 SYSTEMPATH\CodeIgniter.php(891): App\Controllers\AdminController->__construct()
 2 SYSTEMPATH\CodeIgniter.php(485): CodeIgniter\CodeIgniter->createController()
 3 SYSTEMPATH\CodeIgniter.php(353): CodeIgniter\CodeIgniter->handleRequest(null, Object(Config\Cache), false)
 4 FCPATH\index.php(80): CodeIgniter\CodeIgniter->run()
 5 SYSTEMPATH\Commands\Server\rewrite.php(47): require_once('C:\\laragon\\www\\docutrack\\public\\index.php')
WARNING - 2024-06-22 11:24:25 --> [DEPRECATED] Creation of dynamic property App\Controllers\AdminController::$db is deprecated in APPPATH\Controllers\AdminController.php on line 22.
 1 SYSTEMPATH\CodeIgniter.php(891): App\Controllers\AdminController->__construct()
 2 SYSTEMPATH\CodeIgniter.php(485): CodeIgniter\CodeIgniter->createController()
 3 SYSTEMPATH\CodeIgniter.php(353): CodeIgniter\CodeIgniter->handleRequest(null, Object(Config\Cache), false)
 4 FCPATH\index.php(80): CodeIgniter\CodeIgniter->run()
 5 SYSTEMPATH\Commands\Server\rewrite.php(47): require_once('C:\\laragon\\www\\docutrack\\public\\index.php')
INFO - 2024-06-22 11:24:26 --> Session: Class initialized using 'CodeIgniter\Session\Handlers\FileHandler' driver.
WARNING - 2024-06-22 11:24:26 --> [DEPRECATED] Creation of dynamic property App\Controllers\AdminController::$session is deprecated in APPPATH\Controllers\AdminController.php on line 21.
 1 SYSTEMPATH\CodeIgniter.php(891): App\Controllers\AdminController->__construct()
 2 SYSTEMPATH\CodeIgniter.php(485): CodeIgniter\CodeIgniter->createController()
 3 SYSTEMPATH\CodeIgniter.php(353): CodeIgniter\CodeIgniter->handleRequest(null, Object(Config\Cache), false)
 4 FCPATH\index.php(80): CodeIgniter\CodeIgniter->run()
 5 SYSTEMPATH\Commands\Server\rewrite.php(47): require_once('C:\\laragon\\www\\docutrack\\public\\index.php')
WARNING - 2024-06-22 11:24:26 --> [DEPRECATED] Creation of dynamic property App\Controllers\AdminController::$db is deprecated in APPPATH\Controllers\AdminController.php on line 22.
 1 SYSTEMPATH\CodeIgniter.php(891): App\Controllers\AdminController->__construct()
 2 SYSTEMPATH\CodeIgniter.php(485): CodeIgniter\CodeIgniter->createController()
 3 SYSTEMPATH\CodeIgniter.php(353): CodeIgniter\CodeIgniter->handleRequest(null, Object(Config\Cache), false)
 4 FCPATH\index.php(80): CodeIgniter\CodeIgniter->run()
 5 SYSTEMPATH\Commands\Server\rewrite.php(47): require_once('C:\\laragon\\www\\docutrack\\public\\index.php')
INFO - 2024-06-22 11:24:28 --> Session: Class initialized using 'CodeIgniter\Session\Handlers\FileHandler' driver.
WARNING - 2024-06-22 11:24:28 --> [DEPRECATED] Creation of dynamic property App\Controllers\AdminController::$session is deprecated in APPPATH\Controllers\AdminController.php on line 21.
 1 SYSTEMPATH\CodeIgniter.php(891): App\Controllers\AdminController->__construct()
 2 SYSTEMPATH\CodeIgniter.php(485): CodeIgniter\CodeIgniter->createController()
 3 SYSTEMPATH\CodeIgniter.php(353): CodeIgniter\CodeIgniter->handleRequest(null, Object(Config\Cache), false)
 4 FCPATH\index.php(80): CodeIgniter\CodeIgniter->run()
 5 SYSTEMPATH\Commands\Server\rewrite.php(47): require_once('C:\\laragon\\www\\docutrack\\public\\index.php')
WARNING - 2024-06-22 11:24:28 --> [DEPRECATED] Creation of dynamic property App\Controllers\AdminController::$db is deprecated in APPPATH\Controllers\AdminController.php on line 22.
 1 SYSTEMPATH\CodeIgniter.php(891): App\Controllers\AdminController->__construct()
 2 SYSTEMPATH\CodeIgniter.php(485): CodeIgniter\CodeIgniter->createController()
 3 SYSTEMPATH\CodeIgniter.php(353): CodeIgniter\CodeIgniter->handleRequest(null, Object(Config\Cache), false)
 4 FCPATH\index.php(80): CodeIgniter\CodeIgniter->run()
 5 SYSTEMPATH\Commands\Server\rewrite.php(47): require_once('C:\\laragon\\www\\docutrack\\public\\index.php')
CRITICAL - 2024-06-22 11:24:28 --> Uncaught ErrorException: Cannot modify header information - headers already sent in C:\laragon\www\docutrack\system\HTTP\ResponseTrait.php:774
Stack trace:
#0 [internal function]: CodeIgniter\Debug\Exceptions->errorHandler()
#1 C:\laragon\www\docutrack\system\HTTP\ResponseTrait.php(774): setcookie()
#2 C:\laragon\www\docutrack\system\HTTP\ResponseTrait.php(750): CodeIgniter\HTTP\Response->doSetCookie()
#3 C:\laragon\www\docutrack\system\HTTP\ResponseTrait.php(730): CodeIgniter\HTTP\Response->dispatchCookies()
#4 C:\laragon\www\docutrack\system\HTTP\ResponseTrait.php(447): CodeIgniter\HTTP\Response->sendCookies()
#5 C:\laragon\www\docutrack\system\Debug\ExceptionHandler.php(78): CodeIgniter\HTTP\Response->send()
#6 C:\laragon\www\docutrack\system\Debug\Exceptions.php(146): CodeIgniter\Debug\ExceptionHandler->handle()
#7 [internal function]: CodeIgniter\Debug\Exceptions->exceptionHandler()
#8 {main}
  thrown
【Previous Exception】
CodeIgniter\Exceptions\PageNotFoundException
Controller method is not found: "officeProcessingTime"
#0 C:\laragon\www\docutrack\system\CodeIgniter.php(966): CodeIgniter\Exceptions\PageNotFoundException::forPageNotFound()
#1 C:\laragon\www\docutrack\system\CodeIgniter.php(362): CodeIgniter\CodeIgniter->display404errors()
#2 C:\laragon\www\docutrack\public\index.php(80): CodeIgniter\CodeIgniter->run()
#3 C:\laragon\www\docutrack\system\Commands\Server\rewrite.php(47): require_once('...')
#4 {main}
in SYSTEMPATH\HTTP\ResponseTrait.php on line 774.
 1 [internal function]: CodeIgniter\Debug\Exceptions->shutdownHandler()
INFO - 2024-06-22 11:24:29 --> Session: Class initialized using 'CodeIgniter\Session\Handlers\FileHandler' driver.
WARNING - 2024-06-22 11:24:29 --> [DEPRECATED] Creation of dynamic property App\Controllers\AdminController::$session is deprecated in APPPATH\Controllers\AdminController.php on line 21.
 1 SYSTEMPATH\CodeIgniter.php(891): App\Controllers\AdminController->__construct()
 2 SYSTEMPATH\CodeIgniter.php(485): CodeIgniter\CodeIgniter->createController()
 3 SYSTEMPATH\CodeIgniter.php(353): CodeIgniter\CodeIgniter->handleRequest(null, Object(Config\Cache), false)
 4 FCPATH\index.php(80): CodeIgniter\CodeIgniter->run()
 5 SYSTEMPATH\Commands\Server\rewrite.php(47): require_once('C:\\laragon\\www\\docutrack\\public\\index.php')
WARNING - 2024-06-22 11:24:29 --> [DEPRECATED] Creation of dynamic property App\Controllers\AdminController::$db is deprecated in APPPATH\Controllers\AdminController.php on line 22.
 1 SYSTEMPATH\CodeIgniter.php(891): App\Controllers\AdminController->__construct()
 2 SYSTEMPATH\CodeIgniter.php(485): CodeIgniter\CodeIgniter->createController()
 3 SYSTEMPATH\CodeIgniter.php(353): CodeIgniter\CodeIgniter->handleRequest(null, Object(Config\Cache), false)
 4 FCPATH\index.php(80): CodeIgniter\CodeIgniter->run()
 5 SYSTEMPATH\Commands\Server\rewrite.php(47): require_once('C:\\laragon\\www\\docutrack\\public\\index.php')
CRITICAL - 2024-06-22 11:24:29 --> Class "App\Controllers\DateTime" not found
in APPPATH\Controllers\AdminController.php on line 1192.
 1 SYSTEMPATH\CodeIgniter.php(919): App\Controllers\AdminController->aging()
 2 SYSTEMPATH\CodeIgniter.php(494): CodeIgniter\CodeIgniter->runController()
 3 SYSTEMPATH\CodeIgniter.php(353): CodeIgniter\CodeIgniter->handleRequest()
 4 FCPATH\index.php(80): CodeIgniter\CodeIgniter->run()
 5 SYSTEMPATH\Commands\Server\rewrite.php(47): require_once('C:\\laragon\\www\\docutrack\\public\\index.php')
INFO - 2024-06-22 11:24:33 --> Session: Class initialized using 'CodeIgniter\Session\Handlers\FileHandler' driver.
WARNING - 2024-06-22 11:24:33 --> [DEPRECATED] Creation of dynamic property App\Controllers\AdminController::$session is deprecated in APPPATH\Controllers\AdminController.php on line 21.
 1 SYSTEMPATH\CodeIgniter.php(891): App\Controllers\AdminController->__construct()
 2 SYSTEMPATH\CodeIgniter.php(485): CodeIgniter\CodeIgniter->createController()
 3 SYSTEMPATH\CodeIgniter.php(353): CodeIgniter\CodeIgniter->handleRequest(null, Object(Config\Cache), false)
 4 FCPATH\index.php(80): CodeIgniter\CodeIgniter->run()
 5 SYSTEMPATH\Commands\Server\rewrite.php(47): require_once('C:\\laragon\\www\\docutrack\\public\\index.php')
WARNING - 2024-06-22 11:24:33 --> [DEPRECATED] Creation of dynamic property App\Controllers\AdminController::$db is deprecated in APPPATH\Controllers\AdminController.php on line 22.
 1 SYSTEMPATH\CodeIgniter.php(891): App\Controllers\AdminController->__construct()
 2 SYSTEMPATH\CodeIgniter.php(485): CodeIgniter\CodeIgniter->createController()
 3 SYSTEMPATH\CodeIgniter.php(353): CodeIgniter\CodeIgniter->handleRequest(null, Object(Config\Cache), false)
 4 FCPATH\index.php(80): CodeIgniter\CodeIgniter->run()
 5 SYSTEMPATH\Commands\Server\rewrite.php(47): require_once('C:\\laragon\\www\\docutrack\\public\\index.php')
CRITICAL - 2024-06-22 11:24:33 --> Class "App\Controllers\DateTime" not found
in APPPATH\Controllers\AdminController.php on line 1192.
 1 SYSTEMPATH\CodeIgniter.php(919): App\Controllers\AdminController->aging()
 2 SYSTEMPATH\CodeIgniter.php(494): CodeIgniter\CodeIgniter->runController()
 3 SYSTEMPATH\CodeIgniter.php(353): CodeIgniter\CodeIgniter->handleRequest()
 4 FCPATH\index.php(80): CodeIgniter\CodeIgniter->run()
 5 SYSTEMPATH\Commands\Server\rewrite.php(47): require_once('C:\\laragon\\www\\docutrack\\public\\index.php')
INFO - 2024-06-22 11:24:38 --> Session: Class initialized using 'CodeIgniter\Session\Handlers\FileHandler' driver.
WARNING - 2024-06-22 11:24:38 --> [DEPRECATED] Creation of dynamic property App\Controllers\AdminController::$session is deprecated in APPPATH\Controllers\AdminController.php on line 21.
 1 SYSTEMPATH\CodeIgniter.php(891): App\Controllers\AdminController->__construct()
 2 SYSTEMPATH\CodeIgniter.php(485): CodeIgniter\CodeIgniter->createController()
 3 SYSTEMPATH\CodeIgniter.php(353): CodeIgniter\CodeIgniter->handleRequest(null, Object(Config\Cache), false)
 4 FCPATH\index.php(80): CodeIgniter\CodeIgniter->run()
 5 SYSTEMPATH\Commands\Server\rewrite.php(47): require_once('C:\\laragon\\www\\docutrack\\public\\index.php')
WARNING - 2024-06-22 11:24:38 --> [DEPRECATED] Creation of dynamic property App\Controllers\AdminController::$db is deprecated in APPPATH\Controllers\AdminController.php on line 22.
 1 SYSTEMPATH\CodeIgniter.php(891): App\Controllers\AdminController->__construct()
 2 SYSTEMPATH\CodeIgniter.php(485): CodeIgniter\CodeIgniter->createController()
 3 SYSTEMPATH\CodeIgniter.php(353): CodeIgniter\CodeIgniter->handleRequest(null, Object(Config\Cache), false)
 4 FCPATH\index.php(80): CodeIgniter\CodeIgniter->run()
 5 SYSTEMPATH\Commands\Server\rewrite.php(47): require_once('C:\\laragon\\www\\docutrack\\public\\index.php')
CRITICAL - 2024-06-22 11:24:38 --> Class "App\Controllers\DateTime" not found
in APPPATH\Controllers\AdminController.php on line 1192.
 1 SYSTEMPATH\CodeIgniter.php(919): App\Controllers\AdminController->aging()
 2 SYSTEMPATH\CodeIgniter.php(494): CodeIgniter\CodeIgniter->runController()
 3 SYSTEMPATH\CodeIgniter.php(353): CodeIgniter\CodeIgniter->handleRequest()
 4 FCPATH\index.php(80): CodeIgniter\CodeIgniter->run()
 5 SYSTEMPATH\Commands\Server\rewrite.php(47): require_once('C:\\laragon\\www\\docutrack\\public\\index.php')
INFO - 2024-06-22 11:24:43 --> Session: Class initialized using 'CodeIgniter\Session\Handlers\FileHandler' driver.
WARNING - 2024-06-22 11:24:43 --> [DEPRECATED] Creation of dynamic property App\Controllers\AdminController::$session is deprecated in APPPATH\Controllers\AdminController.php on line 21.
 1 SYSTEMPATH\CodeIgniter.php(891): App\Controllers\AdminController->__construct()
 2 SYSTEMPATH\CodeIgniter.php(485): CodeIgniter\CodeIgniter->createController()
 3 SYSTEMPATH\CodeIgniter.php(353): CodeIgniter\CodeIgniter->handleRequest(null, Object(Config\Cache), false)
 4 FCPATH\index.php(80): CodeIgniter\CodeIgniter->run()
 5 SYSTEMPATH\Commands\Server\rewrite.php(47): require_once('C:\\laragon\\www\\docutrack\\public\\index.php')
WARNING - 2024-06-22 11:24:43 --> [DEPRECATED] Creation of dynamic property App\Controllers\AdminController::$db is deprecated in APPPATH\Controllers\AdminController.php on line 22.
 1 SYSTEMPATH\CodeIgniter.php(891): App\Controllers\AdminController->__construct()
 2 SYSTEMPATH\CodeIgniter.php(485): CodeIgniter\CodeIgniter->createController()
 3 SYSTEMPATH\CodeIgniter.php(353): CodeIgniter\CodeIgniter->handleRequest(null, Object(Config\Cache), false)
 4 FCPATH\index.php(80): CodeIgniter\CodeIgniter->run()
 5 SYSTEMPATH\Commands\Server\rewrite.php(47): require_once('C:\\laragon\\www\\docutrack\\public\\index.php')
CRITICAL - 2024-06-22 11:24:43 --> Class "App\Controllers\DateTime" not found
in APPPATH\Controllers\AdminController.php on line 1192.
 1 SYSTEMPATH\CodeIgniter.php(919): App\Controllers\AdminController->aging()
 2 SYSTEMPATH\CodeIgniter.php(494): CodeIgniter\CodeIgniter->runController()
 3 SYSTEMPATH\CodeIgniter.php(353): CodeIgniter\CodeIgniter->handleRequest()
 4 FCPATH\index.php(80): CodeIgniter\CodeIgniter->run()
 5 SYSTEMPATH\Commands\Server\rewrite.php(47): require_once('C:\\laragon\\www\\docutrack\\public\\index.php')
INFO - 2024-06-22 11:24:48 --> Session: Class initialized using 'CodeIgniter\Session\Handlers\FileHandler' driver.
WARNING - 2024-06-22 11:24:48 --> [DEPRECATED] Creation of dynamic property App\Controllers\AdminController::$session is deprecated in APPPATH\Controllers\AdminController.php on line 21.
 1 SYSTEMPATH\CodeIgniter.php(891): App\Controllers\AdminController->__construct()
 2 SYSTEMPATH\CodeIgniter.php(485): CodeIgniter\CodeIgniter->createController()
 3 SYSTEMPATH\CodeIgniter.php(353): CodeIgniter\CodeIgniter->handleRequest(null, Object(Config\Cache), false)
 4 FCPATH\index.php(80): CodeIgniter\CodeIgniter->run()
 5 SYSTEMPATH\Commands\Server\rewrite.php(47): require_once('C:\\laragon\\www\\docutrack\\public\\index.php')
WARNING - 2024-06-22 11:24:48 --> [DEPRECATED] Creation of dynamic property App\Controllers\AdminController::$db is deprecated in APPPATH\Controllers\AdminController.php on line 22.
 1 SYSTEMPATH\CodeIgniter.php(891): App\Controllers\AdminController->__construct()
 2 SYSTEMPATH\CodeIgniter.php(485): CodeIgniter\CodeIgniter->createController()
 3 SYSTEMPATH\CodeIgniter.php(353): CodeIgniter\CodeIgniter->handleRequest(null, Object(Config\Cache), false)
 4 FCPATH\index.php(80): CodeIgniter\CodeIgniter->run()
 5 SYSTEMPATH\Commands\Server\rewrite.php(47): require_once('C:\\laragon\\www\\docutrack\\public\\index.php')
CRITICAL - 2024-06-22 11:24:48 --> Class "App\Controllers\DateTime" not found
in APPPATH\Controllers\AdminController.php on line 1192.
 1 SYSTEMPATH\CodeIgniter.php(919): App\Controllers\AdminController->aging()
 2 SYSTEMPATH\CodeIgniter.php(494): CodeIgniter\CodeIgniter->runController()
 3 SYSTEMPATH\CodeIgniter.php(353): CodeIgniter\CodeIgniter->handleRequest()
 4 FCPATH\index.php(80): CodeIgniter\CodeIgniter->run()
 5 SYSTEMPATH\Commands\Server\rewrite.php(47): require_once('C:\\laragon\\www\\docutrack\\public\\index.php')
INFO - 2024-06-22 11:24:53 --> Session: Class initialized using 'CodeIgniter\Session\Handlers\FileHandler' driver.
WARNING - 2024-06-22 11:24:53 --> [DEPRECATED] Creation of dynamic property App\Controllers\AdminController::$session is deprecated in APPPATH\Controllers\AdminController.php on line 21.
 1 SYSTEMPATH\CodeIgniter.php(891): App\Controllers\AdminController->__construct()
 2 SYSTEMPATH\CodeIgniter.php(485): CodeIgniter\CodeIgniter->createController()
 3 SYSTEMPATH\CodeIgniter.php(353): CodeIgniter\CodeIgniter->handleRequest(null, Object(Config\Cache), false)
 4 FCPATH\index.php(80): CodeIgniter\CodeIgniter->run()
 5 SYSTEMPATH\Commands\Server\rewrite.php(47): require_once('C:\\laragon\\www\\docutrack\\public\\index.php')
WARNING - 2024-06-22 11:24:53 --> [DEPRECATED] Creation of dynamic property App\Controllers\AdminController::$db is deprecated in APPPATH\Controllers\AdminController.php on line 22.
 1 SYSTEMPATH\CodeIgniter.php(891): App\Controllers\AdminController->__construct()
 2 SYSTEMPATH\CodeIgniter.php(485): CodeIgniter\CodeIgniter->createController()
 3 SYSTEMPATH\CodeIgniter.php(353): CodeIgniter\CodeIgniter->handleRequest(null, Object(Config\Cache), false)
 4 FCPATH\index.php(80): CodeIgniter\CodeIgniter->run()
 5 SYSTEMPATH\Commands\Server\rewrite.php(47): require_once('C:\\laragon\\www\\docutrack\\public\\index.php')
CRITICAL - 2024-06-22 11:24:53 --> Class "App\Controllers\DateTime" not found
in APPPATH\Controllers\AdminController.php on line 1192.
 1 SYSTEMPATH\CodeIgniter.php(919): App\Controllers\AdminController->aging()
 2 SYSTEMPATH\CodeIgniter.php(494): CodeIgniter\CodeIgniter->runController()
 3 SYSTEMPATH\CodeIgniter.php(353): CodeIgniter\CodeIgniter->handleRequest()
 4 FCPATH\index.php(80): CodeIgniter\CodeIgniter->run()
 5 SYSTEMPATH\Commands\Server\rewrite.php(47): require_once('C:\\laragon\\www\\docutrack\\public\\index.php')
INFO - 2024-06-22 11:24:56 --> Session: Class initialized using 'CodeIgniter\Session\Handlers\FileHandler' driver.
WARNING - 2024-06-22 11:24:56 --> [DEPRECATED] Creation of dynamic property App\Controllers\AdminController::$session is deprecated in APPPATH\Controllers\AdminController.php on line 21.
 1 SYSTEMPATH\CodeIgniter.php(891): App\Controllers\AdminController->__construct()
 2 SYSTEMPATH\CodeIgniter.php(485): CodeIgniter\CodeIgniter->createController()
 3 SYSTEMPATH\CodeIgniter.php(353): CodeIgniter\CodeIgniter->handleRequest(null, Object(Config\Cache), false)
 4 FCPATH\index.php(80): CodeIgniter\CodeIgniter->run()
 5 SYSTEMPATH\Commands\Server\rewrite.php(47): require_once('C:\\laragon\\www\\docutrack\\public\\index.php')
WARNING - 2024-06-22 11:24:56 --> [DEPRECATED] Creation of dynamic property App\Controllers\AdminController::$db is deprecated in APPPATH\Controllers\AdminController.php on line 22.
 1 SYSTEMPATH\CodeIgniter.php(891): App\Controllers\AdminController->__construct()
 2 SYSTEMPATH\CodeIgniter.php(485): CodeIgniter\CodeIgniter->createController()
 3 SYSTEMPATH\CodeIgniter.php(353): CodeIgniter\CodeIgniter->handleRequest(null, Object(Config\Cache), false)
 4 FCPATH\index.php(80): CodeIgniter\CodeIgniter->run()
 5 SYSTEMPATH\Commands\Server\rewrite.php(47): require_once('C:\\laragon\\www\\docutrack\\public\\index.php')
INFO - 2024-06-22 11:24:59 --> Session: Class initialized using 'CodeIgniter\Session\Handlers\FileHandler' driver.
WARNING - 2024-06-22 11:24:59 --> [DEPRECATED] Creation of dynamic property App\Controllers\AdminController::$session is deprecated in APPPATH\Controllers\AdminController.php on line 21.
 1 SYSTEMPATH\CodeIgniter.php(891): App\Controllers\AdminController->__construct()
 2 SYSTEMPATH\CodeIgniter.php(485): CodeIgniter\CodeIgniter->createController()
 3 SYSTEMPATH\CodeIgniter.php(353): CodeIgniter\CodeIgniter->handleRequest(null, Object(Config\Cache), false)
 4 FCPATH\index.php(80): CodeIgniter\CodeIgniter->run()
 5 SYSTEMPATH\Commands\Server\rewrite.php(47): require_once('C:\\laragon\\www\\docutrack\\public\\index.php')
WARNING - 2024-06-22 11:24:59 --> [DEPRECATED] Creation of dynamic property App\Controllers\AdminController::$db is deprecated in APPPATH\Controllers\AdminController.php on line 22.
 1 SYSTEMPATH\CodeIgniter.php(891): App\Controllers\AdminController->__construct()
 2 SYSTEMPATH\CodeIgniter.php(485): CodeIgniter\CodeIgniter->createController()
 3 SYSTEMPATH\CodeIgniter.php(353): CodeIgniter\CodeIgniter->handleRequest(null, Object(Config\Cache), false)
 4 FCPATH\index.php(80): CodeIgniter\CodeIgniter->run()
 5 SYSTEMPATH\Commands\Server\rewrite.php(47): require_once('C:\\laragon\\www\\docutrack\\public\\index.php')
CRITICAL - 2024-06-22 11:24:59 --> Class "App\Controllers\DateTime" not found
in APPPATH\Controllers\AdminController.php on line 1192.
 1 SYSTEMPATH\CodeIgniter.php(919): App\Controllers\AdminController->aging()
 2 SYSTEMPATH\CodeIgniter.php(494): CodeIgniter\CodeIgniter->runController()
 3 SYSTEMPATH\CodeIgniter.php(353): CodeIgniter\CodeIgniter->handleRequest()
 4 FCPATH\index.php(80): CodeIgniter\CodeIgniter->run()
 5 SYSTEMPATH\Commands\Server\rewrite.php(47): require_once('C:\\laragon\\www\\docutrack\\public\\index.php')
INFO - 2024-06-22 11:25:38 --> Session: Class initialized using 'CodeIgniter\Session\Handlers\FileHandler' driver.
WARNING - 2024-06-22 11:25:38 --> [DEPRECATED] Creation of dynamic property App\Controllers\AdminController::$session is deprecated in APPPATH\Controllers\AdminController.php on line 21.
 1 SYSTEMPATH\CodeIgniter.php(891): App\Controllers\AdminController->__construct()
 2 SYSTEMPATH\CodeIgniter.php(485): CodeIgniter\CodeIgniter->createController()
 3 SYSTEMPATH\CodeIgniter.php(353): CodeIgniter\CodeIgniter->handleRequest(null, Object(Config\Cache), false)
 4 FCPATH\index.php(80): CodeIgniter\CodeIgniter->run()
 5 SYSTEMPATH\Commands\Server\rewrite.php(47): require_once('C:\\laragon\\www\\docutrack\\public\\index.php')
WARNING - 2024-06-22 11:25:38 --> [DEPRECATED] Creation of dynamic property App\Controllers\AdminController::$db is deprecated in APPPATH\Controllers\AdminController.php on line 22.
 1 SYSTEMPATH\CodeIgniter.php(891): App\Controllers\AdminController->__construct()
 2 SYSTEMPATH\CodeIgniter.php(485): CodeIgniter\CodeIgniter->createController()
 3 SYSTEMPATH\CodeIgniter.php(353): CodeIgniter\CodeIgniter->handleRequest(null, Object(Config\Cache), false)
 4 FCPATH\index.php(80): CodeIgniter\CodeIgniter->run()
 5 SYSTEMPATH\Commands\Server\rewrite.php(47): require_once('C:\\laragon\\www\\docutrack\\public\\index.php')
INFO - 2024-06-22 11:25:52 --> Session: Class initialized using 'CodeIgniter\Session\Handlers\FileHandler' driver.
WARNING - 2024-06-22 11:25:52 --> [DEPRECATED] Creation of dynamic property App\Controllers\AdminController::$session is deprecated in APPPATH\Controllers\AdminController.php on line 21.
 1 SYSTEMPATH\CodeIgniter.php(891): App\Controllers\AdminController->__construct()
 2 SYSTEMPATH\CodeIgniter.php(485): CodeIgniter\CodeIgniter->createController()
 3 SYSTEMPATH\CodeIgniter.php(353): CodeIgniter\CodeIgniter->handleRequest(null, Object(Config\Cache), false)
 4 FCPATH\index.php(80): CodeIgniter\CodeIgniter->run()
 5 SYSTEMPATH\Commands\Server\rewrite.php(47): require_once('C:\\laragon\\www\\docutrack\\public\\index.php')
WARNING - 2024-06-22 11:25:52 --> [DEPRECATED] Creation of dynamic property App\Controllers\AdminController::$db is deprecated in APPPATH\Controllers\AdminController.php on line 22.
 1 SYSTEMPATH\CodeIgniter.php(891): App\Controllers\AdminController->__construct()
 2 SYSTEMPATH\CodeIgniter.php(485): CodeIgniter\CodeIgniter->createController()
 3 SYSTEMPATH\CodeIgniter.php(353): CodeIgniter\CodeIgniter->handleRequest(null, Object(Config\Cache), false)
 4 FCPATH\index.php(80): CodeIgniter\CodeIgniter->run()
 5 SYSTEMPATH\Commands\Server\rewrite.php(47): require_once('C:\\laragon\\www\\docutrack\\public\\index.php')
INFO - 2024-06-22 11:25:58 --> Session: Class initialized using 'CodeIgniter\Session\Handlers\FileHandler' driver.
WARNING - 2024-06-22 11:25:58 --> [DEPRECATED] Creation of dynamic property App\Controllers\AdminController::$session is deprecated in APPPATH\Controllers\AdminController.php on line 21.
 1 SYSTEMPATH\CodeIgniter.php(891): App\Controllers\AdminController->__construct()
 2 SYSTEMPATH\CodeIgniter.php(485): CodeIgniter\CodeIgniter->createController()
 3 SYSTEMPATH\CodeIgniter.php(353): CodeIgniter\CodeIgniter->handleRequest(null, Object(Config\Cache), false)
 4 FCPATH\index.php(80): CodeIgniter\CodeIgniter->run()
 5 SYSTEMPATH\Commands\Server\rewrite.php(47): require_once('C:\\laragon\\www\\docutrack\\public\\index.php')
WARNING - 2024-06-22 11:25:58 --> [DEPRECATED] Creation of dynamic property App\Controllers\AdminController::$db is deprecated in APPPATH\Controllers\AdminController.php on line 22.
 1 SYSTEMPATH\CodeIgniter.php(891): App\Controllers\AdminController->__construct()
 2 SYSTEMPATH\CodeIgniter.php(485): CodeIgniter\CodeIgniter->createController()
 3 SYSTEMPATH\CodeIgniter.php(353): CodeIgniter\CodeIgniter->handleRequest(null, Object(Config\Cache), false)
 4 FCPATH\index.php(80): CodeIgniter\CodeIgniter->run()
 5 SYSTEMPATH\Commands\Server\rewrite.php(47): require_once('C:\\laragon\\www\\docutrack\\public\\index.php')
INFO - 2024-06-22 11:26:02 --> Session: Class initialized using 'CodeIgniter\Session\Handlers\FileHandler' driver.
DEBUG - 2024-06-22 11:26:02 --> Query result: Array
(
    [0] => Array
        (
            [document_id] => 73
            [title] => CASSY
            [tracking_number] => TR-66438944b21b4
            [sender_id] => 15
            [recipient_id] => 1
            [description] => trial
            [date_of_document] => 2024-05-14
            [status] => pending
            [classification_id] => 
            [sub_classification] => Request
            [action] => trial
            [attachment] => 1715702084_df63876defc7f089c131.pdf
            [date_completed] => 
            [classification] => Letter
            [sender_office_id] => 
            [version_number] => 1.0
            [parent_id] => 
            [office_name] => City Mayor Office
        )

    [1] => Array
        (
            [document_id] => 74
            [title] => CASSY
            [tracking_number] => TR-66438d71dee09
            [sender_id] => 15
            [recipient_id] => 1
            [description] => trial2
            [date_of_document] => 2024-05-14
            [status] => pending
            [classification_id] => 
            [sub_classification] => Request
            [action] => try
            [attachment] => 1715703153_93210e3c3547c71cc3ce.pdf
            [date_completed] => 
            [classification] => Letter
            [sender_office_id] => 
            [version_number] => 2.0
            [parent_id] => 73
            [office_name] => City Mayor Office
        )

    [2] => Array
        (
            [document_id] => 70
            [title] => sample
            [tracking_number] => TR-663a41795d02f
            [sender_id] => 15
            [recipient_id] => 1
            [description] => hehhehe
            [date_of_document] => 2024-05-07
            [status] => deleted
            [classification_id] => 
            [sub_classification] => Request
            [action] => hehe
            [attachment] => 1715093881_73759444388c51f13795.pdf
            [date_completed] => 
            [classification] => Letter
            [sender_office_id] => 
            [version_number] => 1.0
            [parent_id] => 
            [office_name] => City Mayor Office
        )

)

INFO - 2024-06-22 11:26:48 --> Session: Class initialized using 'CodeIgniter\Session\Handlers\FileHandler' driver.
DEBUG - 2024-06-22 11:26:48 --> Query result: Array
(
    [0] => Array
        (
            [document_id] => 73
            [title] => CASSY
            [tracking_number] => TR-66438944b21b4
            [sender_id] => 15
            [recipient_id] => 1
            [description] => trial
            [date_of_document] => 2024-05-14
            [status] => pending
            [classification_id] => 
            [sub_classification] => Request
            [action] => trial
            [attachment] => 1715702084_df63876defc7f089c131.pdf
            [date_completed] => 
            [classification] => Letter
            [sender_office_id] => 
            [version_number] => 1.0
            [parent_id] => 
            [office_name] => City Mayor Office
        )

    [1] => Array
        (
            [document_id] => 74
            [title] => CASSY
            [tracking_number] => TR-66438d71dee09
            [sender_id] => 15
            [recipient_id] => 1
            [description] => trial2
            [date_of_document] => 2024-05-14
            [status] => pending
            [classification_id] => 
            [sub_classification] => Request
            [action] => try
            [attachment] => 1715703153_93210e3c3547c71cc3ce.pdf
            [date_completed] => 
            [classification] => Letter
            [sender_office_id] => 
            [version_number] => 2.0
            [parent_id] => 73
            [office_name] => City Mayor Office
        )

    [2] => Array
        (
            [document_id] => 70
            [title] => sample
            [tracking_number] => TR-663a41795d02f
            [sender_id] => 15
            [recipient_id] => 1
            [description] => hehhehe
            [date_of_document] => 2024-05-07
            [status] => deleted
            [classification_id] => 
            [sub_classification] => Request
            [action] => hehe
            [attachment] => 1715093881_73759444388c51f13795.pdf
            [date_completed] => 
            [classification] => Letter
            [sender_office_id] => 
            [version_number] => 1.0
            [parent_id] => 
            [office_name] => City Mayor Office
        )

)

INFO - 2024-06-22 11:26:52 --> Session: Class initialized using 'CodeIgniter\Session\Handlers\FileHandler' driver.
DEBUG - 2024-06-22 11:26:52 --> Query result: Array
(
    [0] => Array
        (
            [document_id] => 73
            [title] => CASSY
            [tracking_number] => TR-66438944b21b4
            [sender_id] => 15
            [recipient_id] => 1
            [description] => trial
            [date_of_document] => 2024-05-14
            [status] => pending
            [classification_id] => 
            [sub_classification] => Request
            [action] => trial
            [attachment] => 1715702084_df63876defc7f089c131.pdf
            [date_completed] => 
            [classification] => Letter
            [sender_office_id] => 
            [version_number] => 1.0
            [parent_id] => 
            [office_name] => City Mayor Office
        )

    [1] => Array
        (
            [document_id] => 74
            [title] => CASSY
            [tracking_number] => TR-66438d71dee09
            [sender_id] => 15
            [recipient_id] => 1
            [description] => trial2
            [date_of_document] => 2024-05-14
            [status] => pending
            [classification_id] => 
            [sub_classification] => Request
            [action] => try
            [attachment] => 1715703153_93210e3c3547c71cc3ce.pdf
            [date_completed] => 
            [classification] => Letter
            [sender_office_id] => 
            [version_number] => 2.0
            [parent_id] => 73
            [office_name] => City Mayor Office
        )

    [2] => Array
        (
            [document_id] => 70
            [title] => sample
            [tracking_number] => TR-663a41795d02f
            [sender_id] => 15
            [recipient_id] => 1
            [description] => hehhehe
            [date_of_document] => 2024-05-07
            [status] => deleted
            [classification_id] => 
            [sub_classification] => Request
            [action] => hehe
            [attachment] => 1715093881_73759444388c51f13795.pdf
            [date_completed] => 
            [classification] => Letter
            [sender_office_id] => 
            [version_number] => 1.0
            [parent_id] => 
            [office_name] => City Mayor Office
        )

)

