CRITICAL - 2024-04-14 04:16:54 --> Invalid argument supplied for foreach()
in APPPATH\Views\Admin\main-include\manageofficedocument.php on line 27.
 1 APPPATH\Views\Admin\main-include\manageofficedocument.php(27): CodeIgniter\Debug\Exceptions->errorHandler(2, 'Invalid argument supplied for foreach()', 'C:\\Users\\HP-USER\\Documents\\GitHub\\docutrack\\app\\Views\\Admin\\main-include\\manageofficedocument.php', 27, [...])
 2 APPPATH\Views\Admin\AdminManageOfficeDocument.php(47): include('C:\\Users\\HP-USER\\Documents\\GitHub\\docutrack\\app\\Views\\Admin\\main-include\\manageofficedocument.php')
 3 SYSTEMPATH\View\View.php(226): include('C:\\Users\\HP-USER\\Documents\\GitHub\\docutrack\\app\\Views\\Admin\\AdminManageOfficeDocument.php')
 4 SYSTEMPATH\View\View.php(229): CodeIgniter\View\View->CodeIgniter\View\{closure}()
 5 SYSTEMPATH\Common.php(1188): CodeIgniter\View\View->render('Admin/AdminManageOfficeDocument', [], true)
 6 APPPATH\Controllers\AdminController.php(343): view('Admin/AdminManageOfficeDocument', [...])
 7 SYSTEMPATH\CodeIgniter.php(919): App\Controllers\AdminController->manageofficedocument()
 8 SYSTEMPATH\CodeIgniter.php(494): CodeIgniter\CodeIgniter->runController(Object(App\Controllers\AdminController))
 9 SYSTEMPATH\CodeIgniter.php(353): CodeIgniter\CodeIgniter->handleRequest(null, Object(Config\Cache), false)
10 FCPATH\index.php(79): CodeIgniter\CodeIgniter->run()
11 SYSTEMPATH\Commands\Server\rewrite.php(47): require_once('C:\\Users\\HP-USER\\Documents\\GitHub\\docutrack\\public\\index.php')
CRITICAL - 2024-04-14 05:10:44 --> Invalid argument supplied for foreach()
in APPPATH\Views\Admin\main-include\manageofficedocument.php on line 27.
 1 APPPATH\Views\Admin\main-include\manageofficedocument.php(27): CodeIgniter\Debug\Exceptions->errorHandler(2, 'Invalid argument supplied for foreach()', 'C:\\Users\\HP-USER\\Documents\\GitHub\\docutrack\\app\\Views\\Admin\\main-include\\manageofficedocument.php', 27, [...])
 2 APPPATH\Views\Admin\AdminManageOfficeDocument.php(47): include('C:\\Users\\HP-USER\\Documents\\GitHub\\docutrack\\app\\Views\\Admin\\main-include\\manageofficedocument.php')
 3 SYSTEMPATH\View\View.php(226): include('C:\\Users\\HP-USER\\Documents\\GitHub\\docutrack\\app\\Views\\Admin\\AdminManageOfficeDocument.php')
 4 SYSTEMPATH\View\View.php(229): CodeIgniter\View\View->CodeIgniter\View\{closure}()
 5 SYSTEMPATH\Common.php(1188): CodeIgniter\View\View->render('Admin/AdminManageOfficeDocument', [], true)
 6 APPPATH\Controllers\AdminController.php(343): view('Admin/AdminManageOfficeDocument', [...])
 7 SYSTEMPATH\CodeIgniter.php(919): App\Controllers\AdminController->manageofficedocument()
 8 SYSTEMPATH\CodeIgniter.php(494): CodeIgniter\CodeIgniter->runController(Object(App\Controllers\AdminController))
 9 SYSTEMPATH\CodeIgniter.php(353): CodeIgniter\CodeIgniter->handleRequest(null, Object(Config\Cache), false)
10 FCPATH\index.php(79): CodeIgniter\CodeIgniter->run()
11 SYSTEMPATH\Commands\Server\rewrite.php(47): require_once('C:\\Users\\HP-USER\\Documents\\GitHub\\docutrack\\public\\index.php')
CRITICAL - 2024-04-14 06:44:03 --> Invalid argument supplied for foreach()
in APPPATH\Views\Admin\main-include\manageofficedocument.php on line 37.
 1 APPPATH\Views\Admin\main-include\manageofficedocument.php(37): CodeIgniter\Debug\Exceptions->errorHandler(2, 'Invalid argument supplied for foreach()', 'C:\\Users\\HP-USER\\Documents\\GitHub\\docutrack\\app\\Views\\Admin\\main-include\\manageofficedocument.php', 37, [...])
 2 APPPATH\Views\Admin\AdminManageOfficeDocument.php(47): include('C:\\Users\\HP-USER\\Documents\\GitHub\\docutrack\\app\\Views\\Admin\\main-include\\manageofficedocument.php')
 3 SYSTEMPATH\View\View.php(226): include('C:\\Users\\HP-USER\\Documents\\GitHub\\docutrack\\app\\Views\\Admin\\AdminManageOfficeDocument.php')
 4 SYSTEMPATH\View\View.php(229): CodeIgniter\View\View->CodeIgniter\View\{closure}()
 5 SYSTEMPATH\Common.php(1188): CodeIgniter\View\View->render('Admin/AdminManageOfficeDocument', [], true)
 6 APPPATH\Controllers\AdminController.php(343): view('Admin/AdminManageOfficeDocument', [...])
 7 SYSTEMPATH\CodeIgniter.php(919): App\Controllers\AdminController->manageofficedocument()
 8 SYSTEMPATH\CodeIgniter.php(494): CodeIgniter\CodeIgniter->runController(Object(App\Controllers\AdminController))
 9 SYSTEMPATH\CodeIgniter.php(353): CodeIgniter\CodeIgniter->handleRequest(null, Object(Config\Cache), false)
10 FCPATH\index.php(79): CodeIgniter\CodeIgniter->run()
11 SYSTEMPATH\Commands\Server\rewrite.php(47): require_once('C:\\Users\\HP-USER\\Documents\\GitHub\\docutrack\\public\\index.php')
